# JRE version: Java(TM) SE Runtime Environment (8.0_51-b16) (build 1.8.0_51-b16)
# Java VM: Java HotSpot(TM) 64-Bit Server VM (25.51-b03 mixed mode windows-amd64 compressed oops)
Heap:
 PSYoungGen      total 929792K, used 689067K [0x000000076ae00000, 0x00000007c0000000, 0x00000007c0000000)
  eden space 464896K, 100% used [0x000000076ae00000,0x0000000787400000,0x0000000787400000)
  from space 464896K, 48% used [0x0000000787400000,0x0000000794eeada0,0x00000007a3a00000)
  to   space 464896K, 13% used [0x00000007a3a00000,0x00000007a77ef570,0x00000007c0000000)
 ParOldGen       total 1758720K, used 1128731K [0x00000006c0a00000, 0x000000072bf80000, 0x000000076ae00000)
  object space 1758720K, 64% used [0x00000006c0a00000,0x0000000705848d10,0x000000072bf80000)
 Metaspace       used 61533K, capacity 64164K, committed 64256K, reserved 1107968K
  class space    used 5489K, capacity 6115K, committed 6144K, reserved 1048576K
GC Heap History (10 events):
Event: 242.627 GC heap after
Heap after GC invocations=115 (full 9):
 PSYoungGen      total 885760K, used 389070K [0x000000076ae00000, 0x00000007c0000000, 0x00000007c0000000)
  eden space 464896K, 0% used [0x000000076ae00000,0x000000076ae00000,0x0000000787400000)
  from space 420864K, 92% used [0x00000007a6500000,0x00000007be0f3b80,0x00000007c0000000)
  to   space 464896K, 0% used [0x0000000787400000,0x0000000787400000,0x00000007a3a00000)
 ParOldGen       total 1105408K, used 723296K [0x00000006c0a00000, 0x0000000704180000, 0x000000076ae00000)
  object space 1105408K, 65% used [0x00000006c0a00000,0x00000006ecc58148,0x0000000704180000)
 Metaspace       used 61533K, capacity 64164K, committed 64256K, reserved 1107968K
  class space    used 5489K, capacity 6115K, committed 6144K, reserved 1048576K
}
Event: 244.162 GC heap before
{Heap before GC invocations=116 (full 9):
 PSYoungGen      total 885760K, used 853966K [0x000000076ae00000, 0x00000007c0000000, 0x00000007c0000000)
  eden space 464896K, 100% used [0x000000076ae00000,0x0000000787400000,0x0000000787400000)
  from space 420864K, 92% used [0x00000007a6500000,0x00000007be0f3b80,0x00000007c0000000)
  to   space 464896K, 0% used [0x0000000787400000,0x0000000787400000,0x00000007a3a00000)
 ParOldGen       total 1105408K, used 723296K [0x00000006c0a00000, 0x0000000704180000, 0x000000076ae00000)
  object space 1105408K, 65% used [0x00000006c0a00000,0x00000006ecc58148,0x0000000704180000)
 Metaspace       used 61533K, capacity 64164K, committed 64256K, reserved 1107968K
  class space    used 5489K, capacity 6115K, committed 6144K, reserved 1048576K
Event: 244.403 GC heap after
Heap after GC invocations=116 (full 9):
 PSYoungGen      total 929792K, used 422145K [0x000000076ae00000, 0x00000007c0000000, 0x00000007c0000000)
  eden space 464896K, 0% used [0x000000076ae00000,0x000000076ae00000,0x0000000787400000)
  from space 464896K, 90% used [0x0000000787400000,0x00000007a1040678,0x00000007a3a00000)
  to   space 464896K, 0% used [0x00000007a3a00000,0x00000007a3a00000,0x00000007c0000000)
 ParOldGen       total 1105408K, used 769792K [0x00000006c0a00000, 0x0000000704180000, 0x000000076ae00000)
  object space 1105408K, 69% used [0x00000006c0a00000,0x00000006ef9c0278,0x0000000704180000)
 Metaspace       used 61533K, capacity 64164K, committed 64256K, reserved 1107968K
  class space    used 5489K, capacity 6115K, committed 6144K, reserved 1048576K
}
Event: 245.969 GC heap before
{Heap before GC invocations=117 (full 9):
 PSYoungGen      total 929792K, used 887041K [0x000000076ae00000, 0x00000007c0000000, 0x00000007c0000000)
  eden space 464896K, 100% used [0x000000076ae00000,0x0000000787400000,0x0000000787400000)
  from space 464896K, 90% used [0x0000000787400000,0x00000007a1040678,0x00000007a3a00000)
  to   space 464896K, 0% used [0x00000007a3a00000,0x00000007a3a00000,0x00000007c0000000)
 ParOldGen       total 1105408K, used 769792K [0x00000006c0a00000, 0x0000000704180000, 0x000000076ae00000)
  object space 1105408K, 69% used [0x00000006c0a00000,0x00000006ef9c0278,0x0000000704180000)
 Metaspace       used 61533K, capacity 64164K, committed 64256K, reserved 1107968K
  class space    used 5489K, capacity 6115K, committed 6144K, reserved 1048576K
Event: 246.203 GC heap after
Heap after GC invocations=117 (full 9):
 PSYoungGen      total 929792K, used 361954K [0x000000076ae00000, 0x00000007c0000000, 0x00000007c0000000)
  eden space 464896K, 0% used [0x000000076ae00000,0x000000076ae00000,0x0000000787400000)
  from space 464896K, 77% used [0x00000007a3a00000,0x00000007b9b788a0,0x00000007c0000000)
  to   space 464896K, 0% used [0x0000000787400000,0x0000000787400000,0x00000007a3a00000)
 ParOldGen       total 1105408K, used 889576K [0x00000006c0a00000, 0x0000000704180000, 0x000000076ae00000)
  object space 1105408K, 80% used [0x00000006c0a00000,0x00000006f6eba3d0,0x0000000704180000)
 Metaspace       used 61533K, capacity 64164K, committed 64256K, reserved 1107968K
  class space    used 5489K, capacity 6115K, committed 6144K, reserved 1048576K
}
Event: 247.290 GC heap before
{Heap before GC invocations=118 (full 9):
 PSYoungGen      total 929792K, used 826817K [0x000000076ae00000, 0x00000007c0000000, 0x00000007c0000000)
  eden space 464896K, 99% used [0x000000076ae00000,0x00000007873f7ec8,0x0000000787400000)
  from space 464896K, 77% used [0x00000007a3a00000,0x00000007b9b788a0,0x00000007c0000000)
  to   space 464896K, 0% used [0x0000000787400000,0x0000000787400000,0x00000007a3a00000)
 ParOldGen       total 1105408K, used 889576K [0x00000006c0a00000, 0x0000000704180000, 0x000000076ae00000)
  object space 1105408K, 80% used [0x00000006c0a00000,0x00000006f6eba3d0,0x0000000704180000)
 Metaspace       used 61533K, capacity 64164K, committed 64256K, reserved 1107968K
  class space    used 5489K, capacity 6115K, committed 6144K, reserved 1048576K
Event: 247.511 GC heap after
Heap after GC invocations=118 (full 9):
 PSYoungGen      total 929792K, used 228138K [0x000000076ae00000, 0x00000007c0000000, 0x00000007c0000000)
  eden space 464896K, 0% used [0x000000076ae00000,0x000000076ae00000,0x0000000787400000)
  from space 464896K, 49% used [0x0000000787400000,0x00000007952caba8,0x00000007a3a00000)
  to   space 464896K, 0% used [0x00000007a3a00000,0x00000007a3a00000,0x00000007c0000000)
 ParOldGen       total 1110528K, used 1110346K [0x00000006c0a00000, 0x0000000704680000, 0x000000076ae00000)
  object space 1110528K, 99% used [0x00000006c0a00000,0x0000000704652a08,0x0000000704680000)
 Metaspace       used 61533K, capacity 64164K, committed 64256K, reserved 1107968K
  class space    used 5489K, capacity 6115K, committed 6144K, reserved 1048576K
}
Event: 247.511 GC heap before
{Heap before GC invocations=119 (full 10):
 PSYoungGen      total 929792K, used 228138K [0x000000076ae00000, 0x00000007c0000000, 0x00000007c0000000)
  eden space 464896K, 0% used [0x000000076ae00000,0x000000076ae00000,0x0000000787400000)
  from space 464896K, 49% used [0x0000000787400000,0x00000007952caba8,0x00000007a3a00000)
  to   space 464896K, 0% used [0x00000007a3a00000,0x00000007a3a00000,0x00000007c0000000)
 ParOldGen       total 1110528K, used 1110346K [0x00000006c0a00000, 0x0000000704680000, 0x000000076ae00000)
  object space 1110528K, 99% used [0x00000006c0a00000,0x0000000704652a08,0x0000000704680000)
 Metaspace       used 61533K, capacity 64164K, committed 64256K, reserved 1107968K
  class space    used 5489K, capacity 6115K, committed 6144K, reserved 1048576K
Event: 252.189 GC heap after
Heap after GC invocations=119 (full 10):
 PSYoungGen      total 929792K, used 224171K [0x000000076ae00000, 0x00000007c0000000, 0x00000007c0000000)
  eden space 464896K, 0% used [0x000000076ae00000,0x000000076ae00000,0x0000000787400000)
  from space 464896K, 48% used [0x0000000787400000,0x0000000794eeada0,0x00000007a3a00000)
  to   space 464896K, 0% used [0x00000007a3a00000,0x00000007a3a00000,0x00000007c0000000)
 ParOldGen       total 1758720K, used 1110213K [0x00000006c0a00000, 0x000000072bf80000, 0x000000076ae00000)
  object space 1758720K, 63% used [0x00000006c0a00000,0x0000000704631588,0x000000072bf80000)
 Metaspace       used 61533K, capacity 64164K, committed 64256K, reserved 1107968K
  class space    used 5489K, capacity 6115K, committed 6144K, reserved 1048576K
}
Event: 253.684 GC heap before
{Heap before GC invocations=120 (full 10):
 PSYoungGen      total 929792K, used 689067K [0x000000076ae00000, 0x00000007c0000000, 0x00000007c0000000)
  eden space 464896K, 100% used [0x000000076ae00000,0x0000000787400000,0x0000000787400000)
  from space 464896K, 48% used [0x0000000787400000,0x0000000794eeada0,0x00000007a3a00000)
  to   space 464896K, 0% used [0x00000007a3a00000,0x00000007a3a00000,0x00000007c0000000)
 ParOldGen       total 1758720K, used 1110213K [0x00000006c0a00000, 0x000000072bf80000, 0x000000076ae00000)
  object space 1758720K, 63% used [0x00000006c0a00000,0x0000000704631588,0x000000072bf80000)
 Metaspace       used 61533K, capacity 64164K, committed 64256K, reserved 1107968K
  class space    used 5489K, capacity 6115K, committed 6144K, reserved 1048576K

