# JRE version: OpenJDK Runtime Environment (7.0_65-b32) (build 1.7.0_65-b32)
# Java VM: OpenJDK 64-Bit Server VM (24.65-b04 mixed mode linux-amd64 compressed oops)
Heap
 PSYoungGen      total 78336K, used 55513K [0x00000000f8000000, 0x0000000100000000, 0x0000000100000000)
  eden space 58368K, 80% used [0x00000000f8000000,0x00000000fadd66a8,0x00000000fb900000)
  from space 19968K, 42% used [0x00000000fec80000,0x00000000ff4dfe98,0x0000000100000000)
  to   space 36352K, 0% used [0x00000000fb900000,0x00000000fb900000,0x00000000fdc80000)
 ParOldGen       total 99840K, used 60032K [0x00000000e8000000, 0x00000000ee180000, 0x00000000f8000000)
  object space 99840K, 60% used [0x00000000e8000000,0x00000000ebaa03c0,0x00000000ee180000)
 PSPermGen       total 93696K, used 50422K [0x00000000dda00000, 0x00000000e3580000, 0x00000000e8000000)
  object space 93696K, 53% used [0x00000000dda00000,0x00000000e0b3d810,0x00000000e3580000)
GC Heap History (10 events):
Event: 4,867 GC heap before
{Heap before GC invocations=12 (full 1):
 PSYoungGen      total 106496K, used 95133K [0x00000000f8000000, 0x0000000100000000, 0x0000000100000000)
  eden space 92160K, 100% used [0x00000000f8000000,0x00000000fda00000,0x00000000fda00000)
  from space 14336K, 20% used [0x00000000ff200000,0x00000000ff4e7538,0x0000000100000000)
  to   space 19456K, 0% used [0x00000000fda00000,0x00000000fda00000,0x00000000fed00000)
 ParOldGen       total 49664K, used 27258K [0x00000000e8000000, 0x00000000eb080000, 0x00000000f8000000)
  object space 49664K, 54% used [0x00000000e8000000,0x00000000e9a9ea00,0x00000000eb080000)
 PSPermGen       total 24576K, used 12213K [0x00000000dda00000, 0x00000000df200000, 0x00000000e8000000)
  object space 24576K, 49% used [0x00000000dda00000,0x00000000de5ed498,0x00000000df200000)
Event: 4,878 GC heap after
Heap after GC invocations=12 (full 1):
 PSYoungGen      total 111616K, used 7677K [0x00000000f8000000, 0x0000000100000000, 0x0000000100000000)
  eden space 92160K, 0% used [0x00000000f8000000,0x00000000f8000000,0x00000000fda00000)
  from space 19456K, 39% used [0x00000000fda00000,0x00000000fe17f5c0,0x00000000fed00000)
  to   space 18432K, 0% used [0x00000000fee00000,0x00000000fee00000,0x0000000100000000)
 ParOldGen       total 49664K, used 29666K [0x00000000e8000000, 0x00000000eb080000, 0x00000000f8000000)
  object space 49664K, 59% used [0x00000000e8000000,0x00000000e9cf8a00,0x00000000eb080000)
 PSPermGen       total 24576K, used 12213K [0x00000000dda00000, 0x00000000df200000, 0x00000000e8000000)
  object space 24576K, 49% used [0x00000000dda00000,0x00000000de5ed498,0x00000000df200000)
}
Event: 5,950 GC heap before
{Heap before GC invocations=13 (full 1):
 PSYoungGen      total 111616K, used 99837K [0x00000000f8000000, 0x0000000100000000, 0x0000000100000000)
  eden space 92160K, 100% used [0x00000000f8000000,0x00000000fda00000,0x00000000fda00000)
  from space 19456K, 39% used [0x00000000fda00000,0x00000000fe17f5c0,0x00000000fed00000)
  to   space 18432K, 0% used [0x00000000fee00000,0x00000000fee00000,0x0000000100000000)
 ParOldGen       total 49664K, used 29666K [0x00000000e8000000, 0x00000000eb080000, 0x00000000f8000000)
  object space 49664K, 59% used [0x00000000e8000000,0x00000000e9cf8a00,0x00000000eb080000)
 PSPermGen       total 24576K, used 22783K [0x00000000dda00000, 0x00000000df200000, 0x00000000e8000000)
  object space 24576K, 92% used [0x00000000dda00000,0x00000000df03fce0,0x00000000df200000)
Event: 5,965 GC heap after
Heap after GC invocations=13 (full 1):
 PSYoungGen      total 109568K, used 14123K [0x00000000f8000000, 0x0000000100000000, 0x0000000100000000)
  eden space 91136K, 0% used [0x00000000f8000000,0x00000000f8000000,0x00000000fd900000)
  from space 18432K, 76% used [0x00000000fee00000,0x00000000ffbcaeb0,0x0000000100000000)
  to   space 19968K, 0% used [0x00000000fd900000,0x00000000fd900000,0x00000000fec80000)
 ParOldGen       total 49664K, used 29882K [0x00000000e8000000, 0x00000000eb080000, 0x00000000f8000000)
  object space 49664K, 60% used [0x00000000e8000000,0x00000000e9d2ea00,0x00000000eb080000)
 PSPermGen       total 24576K, used 22783K [0x00000000dda00000, 0x00000000df200000, 0x00000000e8000000)
  object space 24576K, 92% used [0x00000000dda00000,0x00000000df03fce0,0x00000000df200000)
}
Event: 13,319 GC heap before
{Heap before GC invocations=14 (full 1):
 PSYoungGen      total 109568K, used 105259K [0x00000000f8000000, 0x0000000100000000, 0x0000000100000000)
  eden space 91136K, 100% used [0x00000000f8000000,0x00000000fd900000,0x00000000fd900000)
  from space 18432K, 76% used [0x00000000fee00000,0x00000000ffbcaeb0,0x0000000100000000)
  to   space 19968K, 0% used [0x00000000fd900000,0x00000000fd900000,0x00000000fec80000)
 ParOldGen       total 49664K, used 29882K [0x00000000e8000000, 0x00000000eb080000, 0x00000000f8000000)
  object space 49664K, 60% used [0x00000000e8000000,0x00000000e9d2ea00,0x00000000eb080000)
 PSPermGen       total 40448K, used 39947K [0x00000000dda00000, 0x00000000e0180000, 0x00000000e8000000)
  object space 40448K, 98% used [0x00000000dda00000,0x00000000e0102e88,0x00000000e0180000)
Event: 13,350 GC heap after
Heap after GC invocations=14 (full 1):
 PSYoungGen      total 111104K, used 19954K [0x00000000f8000000, 0x0000000100000000, 0x0000000100000000)
  eden space 91136K, 0% used [0x00000000f8000000,0x00000000f8000000,0x00000000fd900000)
  from space 19968K, 99% used [0x00000000fd900000,0x00000000fec7c980,0x00000000fec80000)
  to   space 19968K, 0% used [0x00000000fec80000,0x00000000fec80000,0x0000000100000000)
 ParOldGen       total 49664K, used 34803K [0x00000000e8000000, 0x00000000eb080000, 0x00000000f8000000)
  object space 49664K, 70% used [0x00000000e8000000,0x00000000ea1fcf40,0x00000000eb080000)
 PSPermGen       total 40448K, used 39947K [0x00000000dda00000, 0x00000000e0180000, 0x00000000e8000000)
  object space 40448K, 98% used [0x00000000dda00000,0x00000000e0102e88,0x00000000e0180000)
}
Event: 14,956 GC heap before
{Heap before GC invocations=15 (full 1):
 PSYoungGen      total 111104K, used 111090K [0x00000000f8000000, 0x0000000100000000, 0x0000000100000000)
  eden space 91136K, 100% used [0x00000000f8000000,0x00000000fd900000,0x00000000fd900000)
  from space 19968K, 99% used [0x00000000fd900000,0x00000000fec7c980,0x00000000fec80000)
  to   space 19968K, 0% used [0x00000000fec80000,0x00000000fec80000,0x0000000100000000)
 ParOldGen       total 49664K, used 34803K [0x00000000e8000000, 0x00000000eb080000, 0x00000000f8000000)
  object space 49664K, 70% used [0x00000000e8000000,0x00000000ea1fcf40,0x00000000eb080000)
 PSPermGen       total 49664K, used 49651K [0x00000000dda00000, 0x00000000e0a80000, 0x00000000e8000000)
  object space 49664K, 99% used [0x00000000dda00000,0x00000000e0a7cff8,0x00000000e0a80000)
Event: 14,989 GC heap after
Heap after GC invocations=15 (full 1):
 PSYoungGen      total 78336K, used 19956K [0x00000000f8000000, 0x0000000100000000, 0x0000000100000000)
  eden space 58368K, 0% used [0x00000000f8000000,0x00000000f8000000,0x00000000fb900000)
  from space 19968K, 99% used [0x00000000fec80000,0x00000000ffffd2a8,0x0000000100000000)
  to   space 36352K, 0% used [0x00000000fb900000,0x00000000fb900000,0x00000000fdc80000)
 ParOldGen       total 60416K, used 60300K [0x00000000e8000000, 0x00000000ebb00000, 0x00000000f8000000)
  object space 60416K, 99% used [0x00000000e8000000,0x00000000ebae3218,0x00000000ebb00000)
 PSPermGen       total 49664K, used 49651K [0x00000000dda00000, 0x00000000e0a80000, 0x00000000e8000000)
  object space 49664K, 99% used [0x00000000dda00000,0x00000000e0a7cff8,0x00000000e0a80000)
}
Event: 14,989 GC heap before
{Heap before GC invocations=16 (full 2):
 PSYoungGen      total 78336K, used 19956K [0x00000000f8000000, 0x0000000100000000, 0x0000000100000000)
  eden space 58368K, 0% used [0x00000000f8000000,0x00000000f8000000,0x00000000fb900000)
  from space 19968K, 99% used [0x00000000fec80000,0x00000000ffffd2a8,0x0000000100000000)
  to   space 36352K, 0% used [0x00000000fb900000,0x00000000fb900000,0x00000000fdc80000)
 ParOldGen       total 60416K, used 60300K [0x00000000e8000000, 0x00000000ebb00000, 0x00000000f8000000)
  object space 60416K, 99% used [0x00000000e8000000,0x00000000ebae3218,0x00000000ebb00000)
 PSPermGen       total 49664K, used 49651K [0x00000000dda00000, 0x00000000e0a80000, 0x00000000e8000000)
  object space 49664K, 99% used [0x00000000dda00000,0x00000000e0a7cff8,0x00000000e0a80000)
Event: 15,293 GC heap after
Heap after GC invocations=16 (full 2):
 PSYoungGen      total 78336K, used 8575K [0x00000000f8000000, 0x0000000100000000, 0x0000000100000000)
  eden space 58368K, 0% used [0x00000000f8000000,0x00000000f8000000,0x00000000fb900000)
  from space 19968K, 42% used [0x00000000fec80000,0x00000000ff4dfe98,0x0000000100000000)
  to   space 36352K, 0% used [0x00000000fb900000,0x00000000fb900000,0x00000000fdc80000)
 ParOldGen       total 99840K, used 60032K [0x00000000e8000000, 0x00000000ee180000, 0x00000000f8000000)
  object space 99840K, 60% used [0x00000000e8000000,0x00000000ebaa03c0,0x00000000ee180000)
 PSPermGen       total 93696K, used 49630K [0x00000000dda00000, 0x00000000e3580000, 0x00000000e8000000)
  object space 93696K, 52% used [0x00000000dda00000,0x00000000e0a77990,0x00000000e3580000)
}

