# JRE version: OpenJDK Runtime Environment (7.0_65-b32) (build 1.7.0_65-b32)
# Java VM: OpenJDK 64-Bit Server VM (24.65-b04 mixed mode linux-amd64 compressed oops)
Heap
 PSYoungGen      total 76288K, used 52998K [0x00000000f8000000, 0x0000000100000000, 0x0000000100000000)
  eden space 56320K, 80% used [0x00000000f8000000,0x00000000fac42e98,0x00000000fb700000)
  from space 19968K, 38% used [0x00000000fec80000,0x00000000ff3fea70,0x0000000100000000)
  to   space 37376K, 0% used [0x00000000fb700000,0x00000000fb700000,0x00000000fdb80000)
 ParOldGen       total 102400K, used 61189K [0x00000000e8000000, 0x00000000ee400000, 0x00000000f8000000)
  object space 102400K, 59% used [0x00000000e8000000,0x00000000ebbc1478,0x00000000ee400000)
 PSPermGen       total 93696K, used 50415K [0x00000000dda00000, 0x00000000e3580000, 0x00000000e8000000)
  object space 93696K, 53% used [0x00000000dda00000,0x00000000e0b3bd68,0x00000000e3580000)
GC Heap History (10 events):
Event: 4,641 GC heap before
{Heap before GC invocations=12 (full 1):
 PSYoungGen      total 106496K, used 93569K [0x00000000f8000000, 0x0000000100000000, 0x0000000100000000)
  eden space 92160K, 100% used [0x00000000f8000000,0x00000000fda00000,0x00000000fda00000)
  from space 14336K, 9% used [0x00000000ff200000,0x00000000ff3606a8,0x0000000100000000)
  to   space 19456K, 0% used [0x00000000fda00000,0x00000000fda00000,0x00000000fed00000)
 ParOldGen       total 49664K, used 27462K [0x00000000e8000000, 0x00000000eb080000, 0x00000000f8000000)
  object space 49664K, 55% used [0x00000000e8000000,0x00000000e9ad1a20,0x00000000eb080000)
 PSPermGen       total 24576K, used 12209K [0x00000000dda00000, 0x00000000df200000, 0x00000000e8000000)
  object space 24576K, 49% used [0x00000000dda00000,0x00000000de5ec7d0,0x00000000df200000)
Event: 4,651 GC heap after
Heap after GC invocations=12 (full 1):
 PSYoungGen      total 111616K, used 7652K [0x00000000f8000000, 0x0000000100000000, 0x0000000100000000)
  eden space 92160K, 0% used [0x00000000f8000000,0x00000000f8000000,0x00000000fda00000)
  from space 19456K, 39% used [0x00000000fda00000,0x00000000fe1791b8,0x00000000fed00000)
  to   space 18432K, 0% used [0x00000000fee00000,0x00000000fee00000,0x0000000100000000)
 ParOldGen       total 49664K, used 28350K [0x00000000e8000000, 0x00000000eb080000, 0x00000000f8000000)
  object space 49664K, 57% used [0x00000000e8000000,0x00000000e9bafa20,0x00000000eb080000)
 PSPermGen       total 24576K, used 12209K [0x00000000dda00000, 0x00000000df200000, 0x00000000e8000000)
  object space 24576K, 49% used [0x00000000dda00000,0x00000000de5ec7d0,0x00000000df200000)
}
Event: 5,786 GC heap before
{Heap before GC invocations=13 (full 1):
 PSYoungGen      total 111616K, used 99812K [0x00000000f8000000, 0x0000000100000000, 0x0000000100000000)
  eden space 92160K, 100% used [0x00000000f8000000,0x00000000fda00000,0x00000000fda00000)
  from space 19456K, 39% used [0x00000000fda00000,0x00000000fe1791b8,0x00000000fed00000)
  to   space 18432K, 0% used [0x00000000fee00000,0x00000000fee00000,0x0000000100000000)
 ParOldGen       total 49664K, used 28350K [0x00000000e8000000, 0x00000000eb080000, 0x00000000f8000000)
  object space 49664K, 57% used [0x00000000e8000000,0x00000000e9bafa20,0x00000000eb080000)
 PSPermGen       total 24576K, used 22918K [0x00000000dda00000, 0x00000000df200000, 0x00000000e8000000)
  object space 24576K, 93% used [0x00000000dda00000,0x00000000df0619e8,0x00000000df200000)
Event: 5,799 GC heap after
Heap after GC invocations=13 (full 1):
 PSYoungGen      total 109568K, used 14252K [0x00000000f8000000, 0x0000000100000000, 0x0000000100000000)
  eden space 91136K, 0% used [0x00000000f8000000,0x00000000f8000000,0x00000000fd900000)
  from space 18432K, 77% used [0x00000000fee00000,0x00000000ffbeb208,0x0000000100000000)
  to   space 19968K, 0% used [0x00000000fd900000,0x00000000fd900000,0x00000000fec80000)
 ParOldGen       total 49664K, used 28605K [0x00000000e8000000, 0x00000000eb080000, 0x00000000f8000000)
  object space 49664K, 57% used [0x00000000e8000000,0x00000000e9bef478,0x00000000eb080000)
 PSPermGen       total 24576K, used 22918K [0x00000000dda00000, 0x00000000df200000, 0x00000000e8000000)
  object space 24576K, 93% used [0x00000000dda00000,0x00000000df0619e8,0x00000000df200000)
}
Event: 12,901 GC heap before
{Heap before GC invocations=14 (full 1):
 PSYoungGen      total 109568K, used 105388K [0x00000000f8000000, 0x0000000100000000, 0x0000000100000000)
  eden space 91136K, 100% used [0x00000000f8000000,0x00000000fd900000,0x00000000fd900000)
  from space 18432K, 77% used [0x00000000fee00000,0x00000000ffbeb208,0x0000000100000000)
  to   space 19968K, 0% used [0x00000000fd900000,0x00000000fd900000,0x00000000fec80000)
 ParOldGen       total 49664K, used 28605K [0x00000000e8000000, 0x00000000eb080000, 0x00000000f8000000)
  object space 49664K, 57% used [0x00000000e8000000,0x00000000e9bef478,0x00000000eb080000)
 PSPermGen       total 40448K, used 39944K [0x00000000dda00000, 0x00000000e0180000, 0x00000000e8000000)
  object space 40448K, 98% used [0x00000000dda00000,0x00000000e01020f8,0x00000000e0180000)
Event: 12,928 GC heap after
Heap after GC invocations=14 (full 1):
 PSYoungGen      total 111104K, used 19944K [0x00000000f8000000, 0x0000000100000000, 0x0000000100000000)
  eden space 91136K, 0% used [0x00000000f8000000,0x00000000f8000000,0x00000000fd900000)
  from space 19968K, 99% used [0x00000000fd900000,0x00000000fec7a168,0x00000000fec80000)
  to   space 19968K, 0% used [0x00000000fec80000,0x00000000fec80000,0x0000000100000000)
 ParOldGen       total 49664K, used 33317K [0x00000000e8000000, 0x00000000eb080000, 0x00000000f8000000)
  object space 49664K, 67% used [0x00000000e8000000,0x00000000ea0896b0,0x00000000eb080000)
 PSPermGen       total 40448K, used 39944K [0x00000000dda00000, 0x00000000e0180000, 0x00000000e8000000)
  object space 40448K, 98% used [0x00000000dda00000,0x00000000e01020f8,0x00000000e0180000)
}
Event: 14,650 GC heap before
{Heap before GC invocations=15 (full 1):
 PSYoungGen      total 111104K, used 111080K [0x00000000f8000000, 0x0000000100000000, 0x0000000100000000)
  eden space 91136K, 100% used [0x00000000f8000000,0x00000000fd900000,0x00000000fd900000)
  from space 19968K, 99% used [0x00000000fd900000,0x00000000fec7a168,0x00000000fec80000)
  to   space 19968K, 0% used [0x00000000fec80000,0x00000000fec80000,0x0000000100000000)
 ParOldGen       total 49664K, used 33317K [0x00000000e8000000, 0x00000000eb080000, 0x00000000f8000000)
  object space 49664K, 67% used [0x00000000e8000000,0x00000000ea0896b0,0x00000000eb080000)
 PSPermGen       total 49664K, used 49646K [0x00000000dda00000, 0x00000000e0a80000, 0x00000000e8000000)
  object space 49664K, 99% used [0x00000000dda00000,0x00000000e0a7b9f0,0x00000000e0a80000)
Event: 14,686 GC heap after
Heap after GC invocations=15 (full 1):
 PSYoungGen      total 76288K, used 19966K [0x00000000f8000000, 0x0000000100000000, 0x0000000100000000)
  eden space 56320K, 0% used [0x00000000f8000000,0x00000000f8000000,0x00000000fb700000)
  from space 19968K, 99% used [0x00000000fec80000,0x00000000fffff9c8,0x0000000100000000)
  to   space 37376K, 0% used [0x00000000fb700000,0x00000000fb700000,0x00000000fdb80000)
 ParOldGen       total 61440K, used 61276K [0x00000000e8000000, 0x00000000ebc00000, 0x00000000f8000000)
  object space 61440K, 99% used [0x00000000e8000000,0x00000000ebbd73a0,0x00000000ebc00000)
 PSPermGen       total 49664K, used 49646K [0x00000000dda00000, 0x00000000e0a80000, 0x00000000e8000000)
  object space 49664K, 99% used [0x00000000dda00000,0x00000000e0a7b9f0,0x00000000e0a80000)
}
Event: 14,686 GC heap before
{Heap before GC invocations=16 (full 2):
 PSYoungGen      total 76288K, used 19966K [0x00000000f8000000, 0x0000000100000000, 0x0000000100000000)
  eden space 56320K, 0% used [0x00000000f8000000,0x00000000f8000000,0x00000000fb700000)
  from space 19968K, 99% used [0x00000000fec80000,0x00000000fffff9c8,0x0000000100000000)
  to   space 37376K, 0% used [0x00000000fb700000,0x00000000fb700000,0x00000000fdb80000)
 ParOldGen       total 61440K, used 61276K [0x00000000e8000000, 0x00000000ebc00000, 0x00000000f8000000)
  object space 61440K, 99% used [0x00000000e8000000,0x00000000ebbd73a0,0x00000000ebc00000)
 PSPermGen       total 49664K, used 49646K [0x00000000dda00000, 0x00000000e0a80000, 0x00000000e8000000)
  object space 49664K, 99% used [0x00000000dda00000,0x00000000e0a7b9f0,0x00000000e0a80000)
Event: 14,922 GC heap after
Heap after GC invocations=16 (full 2):
 PSYoungGen      total 76288K, used 7674K [0x00000000f8000000, 0x0000000100000000, 0x0000000100000000)
  eden space 56320K, 0% used [0x00000000f8000000,0x00000000f8000000,0x00000000fb700000)
  from space 19968K, 38% used [0x00000000fec80000,0x00000000ff3fea70,0x0000000100000000)
  to   space 37376K, 0% used [0x00000000fb700000,0x00000000fb700000,0x00000000fdb80000)
 ParOldGen       total 102400K, used 61189K [0x00000000e8000000, 0x00000000ee400000, 0x00000000f8000000)
  object space 102400K, 59% used [0x00000000e8000000,0x00000000ebbc1478,0x00000000ee400000)
 PSPermGen       total 93696K, used 49625K [0x00000000dda00000, 0x00000000e3580000, 0x00000000e8000000)
  object space 93696K, 52% used [0x00000000dda00000,0x00000000e0a76448,0x00000000e3580000)
}

