# JRE version: OpenJDK Runtime Environment (7.0_65-b32) (build 1.7.0_65-b32)
# Java VM: OpenJDK 64-Bit Server VM (24.65-b04 mixed mode linux-amd64 compressed oops)
Heap
 PSYoungGen      total 75776K, used 52436K [0x00000000f8000000, 0x0000000100000000, 0x0000000100000000)
  eden space 56320K, 81% used [0x00000000f8000000,0x00000000faca2ce8,0x00000000fb700000)
  from space 19456K, 34% used [0x00000000fed00000,0x00000000ff392390,0x0000000100000000)
  to   space 37376K, 0% used [0x00000000fb700000,0x00000000fb700000,0x00000000fdb80000)
 ParOldGen       total 103936K, used 62149K [0x00000000e8000000, 0x00000000ee580000, 0x00000000f8000000)
  object space 103936K, 59% used [0x00000000e8000000,0x00000000ebcb1428,0x00000000ee580000)
 PSPermGen       total 93696K, used 50419K [0x00000000dda00000, 0x00000000e3580000, 0x00000000e8000000)
  object space 93696K, 53% used [0x00000000dda00000,0x00000000e0b3cde8,0x00000000e3580000)
GC Heap History (10 events):
Event: 4,377 GC heap before
{Heap before GC invocations=12 (full 1):
 PSYoungGen      total 106496K, used 93583K [0x00000000f8000000, 0x0000000100000000, 0x0000000100000000)
  eden space 92160K, 100% used [0x00000000f8000000,0x00000000fda00000,0x00000000fda00000)
  from space 14336K, 9% used [0x00000000ff200000,0x00000000ff363da8,0x0000000100000000)
  to   space 19456K, 0% used [0x00000000fda00000,0x00000000fda00000,0x00000000fed00000)
 ParOldGen       total 50176K, used 27301K [0x00000000e8000000, 0x00000000eb100000, 0x00000000f8000000)
  object space 50176K, 54% used [0x00000000e8000000,0x00000000e9aa9578,0x00000000eb100000)
 PSPermGen       total 24576K, used 12214K [0x00000000dda00000, 0x00000000df200000, 0x00000000e8000000)
  object space 24576K, 49% used [0x00000000dda00000,0x00000000de5ed8b8,0x00000000df200000)
Event: 4,387 GC heap after
Heap after GC invocations=12 (full 1):
 PSYoungGen      total 111616K, used 7568K [0x00000000f8000000, 0x0000000100000000, 0x0000000100000000)
  eden space 92160K, 0% used [0x00000000f8000000,0x00000000f8000000,0x00000000fda00000)
  from space 19456K, 38% used [0x00000000fda00000,0x00000000fe164360,0x00000000fed00000)
  to   space 18432K, 0% used [0x00000000fee00000,0x00000000fee00000,0x0000000100000000)
 ParOldGen       total 50176K, used 28181K [0x00000000e8000000, 0x00000000eb100000, 0x00000000f8000000)
  object space 50176K, 56% used [0x00000000e8000000,0x00000000e9b85578,0x00000000eb100000)
 PSPermGen       total 24576K, used 12214K [0x00000000dda00000, 0x00000000df200000, 0x00000000e8000000)
  object space 24576K, 49% used [0x00000000dda00000,0x00000000de5ed8b8,0x00000000df200000)
}
Event: 5,385 GC heap before
{Heap before GC invocations=13 (full 1):
 PSYoungGen      total 111616K, used 99728K [0x00000000f8000000, 0x0000000100000000, 0x0000000100000000)
  eden space 92160K, 100% used [0x00000000f8000000,0x00000000fda00000,0x00000000fda00000)
  from space 19456K, 38% used [0x00000000fda00000,0x00000000fe164360,0x00000000fed00000)
  to   space 18432K, 0% used [0x00000000fee00000,0x00000000fee00000,0x0000000100000000)
 ParOldGen       total 50176K, used 28181K [0x00000000e8000000, 0x00000000eb100000, 0x00000000f8000000)
  object space 50176K, 56% used [0x00000000e8000000,0x00000000e9b85578,0x00000000eb100000)
 PSPermGen       total 24576K, used 22680K [0x00000000dda00000, 0x00000000df200000, 0x00000000e8000000)
  object space 24576K, 92% used [0x00000000dda00000,0x00000000df0261b8,0x00000000df200000)
Event: 5,397 GC heap after
Heap after GC invocations=13 (full 1):
 PSYoungGen      total 110592K, used 14051K [0x00000000f8000000, 0x0000000100000000, 0x0000000100000000)
  eden space 92160K, 0% used [0x00000000f8000000,0x00000000f8000000,0x00000000fda00000)
  from space 18432K, 76% used [0x00000000fee00000,0x00000000ffbb8c80,0x0000000100000000)
  to   space 19456K, 0% used [0x00000000fda00000,0x00000000fda00000,0x00000000fed00000)
 ParOldGen       total 50176K, used 28421K [0x00000000e8000000, 0x00000000eb100000, 0x00000000f8000000)
  object space 50176K, 56% used [0x00000000e8000000,0x00000000e9bc1588,0x00000000eb100000)
 PSPermGen       total 24576K, used 22680K [0x00000000dda00000, 0x00000000df200000, 0x00000000e8000000)
  object space 24576K, 92% used [0x00000000dda00000,0x00000000df0261b8,0x00000000df200000)
}
Event: 12,266 GC heap before
{Heap before GC invocations=14 (full 1):
 PSYoungGen      total 110592K, used 106211K [0x00000000f8000000, 0x0000000100000000, 0x0000000100000000)
  eden space 92160K, 100% used [0x00000000f8000000,0x00000000fda00000,0x00000000fda00000)
  from space 18432K, 76% used [0x00000000fee00000,0x00000000ffbb8c80,0x0000000100000000)
  to   space 19456K, 0% used [0x00000000fda00000,0x00000000fda00000,0x00000000fed00000)
 ParOldGen       total 50176K, used 28421K [0x00000000e8000000, 0x00000000eb100000, 0x00000000f8000000)
  object space 50176K, 56% used [0x00000000e8000000,0x00000000e9bc1588,0x00000000eb100000)
 PSPermGen       total 39936K, used 39896K [0x00000000dda00000, 0x00000000e0100000, 0x00000000e8000000)
  object space 39936K, 99% used [0x00000000dda00000,0x00000000e00f6238,0x00000000e0100000)
Event: 12,304 GC heap after
Heap after GC invocations=14 (full 1):
 PSYoungGen      total 111616K, used 19432K [0x00000000f8000000, 0x0000000100000000, 0x0000000100000000)
  eden space 92160K, 0% used [0x00000000f8000000,0x00000000f8000000,0x00000000fda00000)
  from space 19456K, 99% used [0x00000000fda00000,0x00000000fecfa0d0,0x00000000fed00000)
  to   space 19456K, 0% used [0x00000000fed00000,0x00000000fed00000,0x0000000100000000)
 ParOldGen       total 50176K, used 33727K [0x00000000e8000000, 0x00000000eb100000, 0x00000000f8000000)
  object space 50176K, 67% used [0x00000000e8000000,0x00000000ea0efcc0,0x00000000eb100000)
 PSPermGen       total 39936K, used 39896K [0x00000000dda00000, 0x00000000e0100000, 0x00000000e8000000)
  object space 39936K, 99% used [0x00000000dda00000,0x00000000e00f6238,0x00000000e0100000)
}
Event: 13,891 GC heap before
{Heap before GC invocations=15 (full 1):
 PSYoungGen      total 111616K, used 111592K [0x00000000f8000000, 0x0000000100000000, 0x0000000100000000)
  eden space 92160K, 100% used [0x00000000f8000000,0x00000000fda00000,0x00000000fda00000)
  from space 19456K, 99% used [0x00000000fda00000,0x00000000fecfa0d0,0x00000000fed00000)
  to   space 19456K, 0% used [0x00000000fed00000,0x00000000fed00000,0x0000000100000000)
 ParOldGen       total 50176K, used 33727K [0x00000000e8000000, 0x00000000eb100000, 0x00000000f8000000)
  object space 50176K, 67% used [0x00000000e8000000,0x00000000ea0efcc0,0x00000000eb100000)
 PSPermGen       total 49664K, used 49652K [0x00000000dda00000, 0x00000000e0a80000, 0x00000000e8000000)
  object space 49664K, 99% used [0x00000000dda00000,0x00000000e0a7d118,0x00000000e0a80000)
Event: 13,927 GC heap after
Heap after GC invocations=15 (full 1):
 PSYoungGen      total 75776K, used 19450K [0x00000000f8000000, 0x0000000100000000, 0x0000000100000000)
  eden space 56320K, 0% used [0x00000000f8000000,0x00000000f8000000,0x00000000fb700000)
  from space 19456K, 99% used [0x00000000fed00000,0x00000000ffffea38,0x0000000100000000)
  to   space 37376K, 0% used [0x00000000fb700000,0x00000000fb700000,0x00000000fdb80000)
 ParOldGen       total 62464K, used 62304K [0x00000000e8000000, 0x00000000ebd00000, 0x00000000f8000000)
  object space 62464K, 99% used [0x00000000e8000000,0x00000000ebcd81a0,0x00000000ebd00000)
 PSPermGen       total 49664K, used 49652K [0x00000000dda00000, 0x00000000e0a80000, 0x00000000e8000000)
  object space 49664K, 99% used [0x00000000dda00000,0x00000000e0a7d118,0x00000000e0a80000)
}
Event: 13,927 GC heap before
{Heap before GC invocations=16 (full 2):
 PSYoungGen      total 75776K, used 19450K [0x00000000f8000000, 0x0000000100000000, 0x0000000100000000)
  eden space 56320K, 0% used [0x00000000f8000000,0x00000000f8000000,0x00000000fb700000)
  from space 19456K, 99% used [0x00000000fed00000,0x00000000ffffea38,0x0000000100000000)
  to   space 37376K, 0% used [0x00000000fb700000,0x00000000fb700000,0x00000000fdb80000)
 ParOldGen       total 62464K, used 62304K [0x00000000e8000000, 0x00000000ebd00000, 0x00000000f8000000)
  object space 62464K, 99% used [0x00000000e8000000,0x00000000ebcd81a0,0x00000000ebd00000)
 PSPermGen       total 49664K, used 49652K [0x00000000dda00000, 0x00000000e0a80000, 0x00000000e8000000)
  object space 49664K, 99% used [0x00000000dda00000,0x00000000e0a7d118,0x00000000e0a80000)
Event: 14,151 GC heap after
Heap after GC invocations=16 (full 2):
 PSYoungGen      total 75776K, used 6728K [0x00000000f8000000, 0x0000000100000000, 0x0000000100000000)
  eden space 56320K, 0% used [0x00000000f8000000,0x00000000f8000000,0x00000000fb700000)
  from space 19456K, 34% used [0x00000000fed00000,0x00000000ff392390,0x0000000100000000)
  to   space 37376K, 0% used [0x00000000fb700000,0x00000000fb700000,0x00000000fdb80000)
 ParOldGen       total 103936K, used 62149K [0x00000000e8000000, 0x00000000ee580000, 0x00000000f8000000)
  object space 103936K, 59% used [0x00000000e8000000,0x00000000ebcb1428,0x00000000ee580000)
 PSPermGen       total 93696K, used 49630K [0x00000000dda00000, 0x00000000e3580000, 0x00000000e8000000)
  object space 93696K, 52% used [0x00000000dda00000,0x00000000e0a77bb0,0x00000000e3580000)
}

