# JRE version: OpenJDK Runtime Environment (7.0_65-b32) (build 1.7.0_65-b32)
# Java VM: OpenJDK 64-Bit Server VM (24.65-b04 mixed mode linux-amd64 compressed oops)
Heap
 PSYoungGen      total 97280K, used 17440K [0x00000000f8000000, 0x0000000100000000, 0x0000000100000000)
  eden space 63488K, 20% used [0x00000000f8000000,0x00000000f8ce0ff0,0x00000000fbe00000)
  from space 33792K, 12% used [0x00000000fbe00000,0x00000000fc2270f8,0x00000000fdf00000)
  to   space 33792K, 0% used [0x00000000fdf00000,0x00000000fdf00000,0x0000000100000000)
 ParOldGen       total 115200K, used 69448K [0x00000000e8000000, 0x00000000ef080000, 0x00000000f8000000)
  object space 115200K, 60% used [0x00000000e8000000,0x00000000ec3d2228,0x00000000ef080000)
 PSPermGen       total 79872K, used 50423K [0x00000000dda00000, 0x00000000e2800000, 0x00000000e8000000)
  object space 79872K, 63% used [0x00000000dda00000,0x00000000e0b3dcf0,0x00000000e2800000)
GC Heap History (10 events):
Event: 5,175 GC heap before
{Heap before GC invocations=12 (full 2):
 PSYoungGen      total 94720K, used 16880K [0x00000000f8000000, 0x0000000100000000, 0x0000000100000000)
  eden space 77824K, 0% used [0x00000000f8000000,0x00000000f8000000,0x00000000fcc00000)
  from space 16896K, 99% used [0x00000000fef80000,0x00000000ffffc350,0x0000000100000000)
  to   space 26624K, 0% used [0x00000000fcc00000,0x00000000fcc00000,0x00000000fe600000)
 ParOldGen       total 50688K, used 41648K [0x00000000e8000000, 0x00000000eb180000, 0x00000000f8000000)
  object space 50688K, 82% used [0x00000000e8000000,0x00000000ea8ac2b0,0x00000000eb180000)
 PSPermGen       total 21504K, used 21201K [0x00000000dda00000, 0x00000000def00000, 0x00000000e8000000)
  object space 21504K, 98% used [0x00000000dda00000,0x00000000deeb44c0,0x00000000def00000)
Event: 5,306 GC heap after
Heap after GC invocations=12 (full 2):
 PSYoungGen      total 94720K, used 0K [0x00000000f8000000, 0x0000000100000000, 0x0000000100000000)
  eden space 77824K, 0% used [0x00000000f8000000,0x00000000f8000000,0x00000000fcc00000)
  from space 16896K, 0% used [0x00000000fef80000,0x00000000fef80000,0x0000000100000000)
  to   space 26624K, 0% used [0x00000000fcc00000,0x00000000fcc00000,0x00000000fe600000)
 ParOldGen       total 69632K, used 35039K [0x00000000e8000000, 0x00000000ec400000, 0x00000000f8000000)
  object space 69632K, 50% used [0x00000000e8000000,0x00000000ea237e90,0x00000000ec400000)
 PSPermGen       total 34304K, used 21195K [0x00000000dda00000, 0x00000000dfb80000, 0x00000000e8000000)
  object space 34304K, 61% used [0x00000000dda00000,0x00000000deeb2cd0,0x00000000dfb80000)
}
Event: 11,536 GC heap before
{Heap before GC invocations=13 (full 2):
 PSYoungGen      total 94720K, used 77824K [0x00000000f8000000, 0x0000000100000000, 0x0000000100000000)
  eden space 77824K, 100% used [0x00000000f8000000,0x00000000fcc00000,0x00000000fcc00000)
  from space 16896K, 0% used [0x00000000fef80000,0x00000000fef80000,0x0000000100000000)
  to   space 26624K, 0% used [0x00000000fcc00000,0x00000000fcc00000,0x00000000fe600000)
 ParOldGen       total 69632K, used 35039K [0x00000000e8000000, 0x00000000ec400000, 0x00000000f8000000)
  object space 69632K, 50% used [0x00000000e8000000,0x00000000ea237e90,0x00000000ec400000)
 PSPermGen       total 34816K, used 34652K [0x00000000dda00000, 0x00000000dfc00000, 0x00000000e8000000)
  object space 34816K, 99% used [0x00000000dda00000,0x00000000dfbd7148,0x00000000dfc00000)
Event: 11,555 GC heap after
Heap after GC invocations=13 (full 2):
 PSYoungGen      total 97280K, used 18950K [0x00000000f8000000, 0x0000000100000000, 0x0000000100000000)
  eden space 77824K, 0% used [0x00000000f8000000,0x00000000f8000000,0x00000000fcc00000)
  from space 19456K, 97% used [0x00000000fcc00000,0x00000000fde819b0,0x00000000fdf00000)
  to   space 28160K, 0% used [0x00000000fe480000,0x00000000fe480000,0x0000000100000000)
 ParOldGen       total 69632K, used 35039K [0x00000000e8000000, 0x00000000ec400000, 0x00000000f8000000)
  object space 69632K, 50% used [0x00000000e8000000,0x00000000ea237e90,0x00000000ec400000)
 PSPermGen       total 34816K, used 34652K [0x00000000dda00000, 0x00000000dfc00000, 0x00000000e8000000)
  object space 34816K, 99% used [0x00000000dda00000,0x00000000dfbd7148,0x00000000dfc00000)
}
Event: 13,636 GC heap before
{Heap before GC invocations=14 (full 2):
 PSYoungGen      total 97280K, used 96774K [0x00000000f8000000, 0x0000000100000000, 0x0000000100000000)
  eden space 77824K, 100% used [0x00000000f8000000,0x00000000fcc00000,0x00000000fcc00000)
  from space 19456K, 97% used [0x00000000fcc00000,0x00000000fde819b0,0x00000000fdf00000)
  to   space 28160K, 0% used [0x00000000fe480000,0x00000000fe480000,0x0000000100000000)
 ParOldGen       total 69632K, used 35039K [0x00000000e8000000, 0x00000000ec400000, 0x00000000f8000000)
  object space 69632K, 50% used [0x00000000e8000000,0x00000000ea237e90,0x00000000ec400000)
 PSPermGen       total 49664K, used 49647K [0x00000000dda00000, 0x00000000e0a80000, 0x00000000e8000000)
  object space 49664K, 99% used [0x00000000dda00000,0x00000000e0a7bed0,0x00000000e0a80000)
Event: 13,661 GC heap after
Heap after GC invocations=14 (full 2):
 PSYoungGen      total 91648K, used 28146K [0x00000000f8000000, 0x0000000100000000, 0x0000000100000000)
  eden space 63488K, 0% used [0x00000000f8000000,0x00000000f8000000,0x00000000fbe00000)
  from space 28160K, 99% used [0x00000000fe480000,0x00000000ffffca08,0x0000000100000000)
  to   space 33792K, 0% used [0x00000000fbe00000,0x00000000fbe00000,0x00000000fdf00000)
 ParOldGen       total 69632K, used 38192K [0x00000000e8000000, 0x00000000ec400000, 0x00000000f8000000)
  object space 69632K, 54% used [0x00000000e8000000,0x00000000ea54c388,0x00000000ec400000)
 PSPermGen       total 49664K, used 49647K [0x00000000dda00000, 0x00000000e0a80000, 0x00000000e8000000)
  object space 49664K, 99% used [0x00000000dda00000,0x00000000e0a7bed0,0x00000000e0a80000)
}
Event: 14,053 GC heap before
{Heap before GC invocations=15 (full 2):
 PSYoungGen      total 91648K, used 91634K [0x00000000f8000000, 0x0000000100000000, 0x0000000100000000)
  eden space 63488K, 100% used [0x00000000f8000000,0x00000000fbe00000,0x00000000fbe00000)
  from space 28160K, 99% used [0x00000000fe480000,0x00000000ffffca08,0x0000000100000000)
  to   space 33792K, 0% used [0x00000000fbe00000,0x00000000fbe00000,0x00000000fdf00000)
 ParOldGen       total 69632K, used 38192K [0x00000000e8000000, 0x00000000ec400000, 0x00000000f8000000)
  object space 69632K, 54% used [0x00000000e8000000,0x00000000ea54c388,0x00000000ec400000)
 PSPermGen       total 49664K, used 49656K [0x00000000dda00000, 0x00000000e0a80000, 0x00000000e8000000)
  object space 49664K, 99% used [0x00000000dda00000,0x00000000e0a7e1e8,0x00000000e0a80000)
Event: 14,089 GC heap after
Heap after GC invocations=15 (full 2):
 PSYoungGen      total 97280K, used 33770K [0x00000000f8000000, 0x0000000100000000, 0x0000000100000000)
  eden space 63488K, 0% used [0x00000000f8000000,0x00000000f8000000,0x00000000fbe00000)
  from space 33792K, 99% used [0x00000000fbe00000,0x00000000fdefa808,0x00000000fdf00000)
  to   space 33792K, 0% used [0x00000000fdf00000,0x00000000fdf00000,0x0000000100000000)
 ParOldGen       total 69632K, used 56409K [0x00000000e8000000, 0x00000000ec400000, 0x00000000f8000000)
  object space 69632K, 81% used [0x00000000e8000000,0x00000000eb716480,0x00000000ec400000)
 PSPermGen       total 49664K, used 49656K [0x00000000dda00000, 0x00000000e0a80000, 0x00000000e8000000)
  object space 49664K, 99% used [0x00000000dda00000,0x00000000e0a7e1e8,0x00000000e0a80000)
}
Event: 14,089 GC heap before
{Heap before GC invocations=16 (full 3):
 PSYoungGen      total 97280K, used 33770K [0x00000000f8000000, 0x0000000100000000, 0x0000000100000000)
  eden space 63488K, 0% used [0x00000000f8000000,0x00000000f8000000,0x00000000fbe00000)
  from space 33792K, 99% used [0x00000000fbe00000,0x00000000fdefa808,0x00000000fdf00000)
  to   space 33792K, 0% used [0x00000000fdf00000,0x00000000fdf00000,0x0000000100000000)
 ParOldGen       total 69632K, used 56409K [0x00000000e8000000, 0x00000000ec400000, 0x00000000f8000000)
  object space 69632K, 81% used [0x00000000e8000000,0x00000000eb716480,0x00000000ec400000)
 PSPermGen       total 49664K, used 49656K [0x00000000dda00000, 0x00000000e0a80000, 0x00000000e8000000)
  object space 49664K, 99% used [0x00000000dda00000,0x00000000e0a7e1e8,0x00000000e0a80000)
Event: 14,334 GC heap after
Heap after GC invocations=16 (full 3):
 PSYoungGen      total 97280K, used 4252K [0x00000000f8000000, 0x0000000100000000, 0x0000000100000000)
  eden space 63488K, 0% used [0x00000000f8000000,0x00000000f8000000,0x00000000fbe00000)
  from space 33792K, 12% used [0x00000000fbe00000,0x00000000fc2270f8,0x00000000fdf00000)
  to   space 33792K, 0% used [0x00000000fdf00000,0x00000000fdf00000,0x0000000100000000)
 ParOldGen       total 115200K, used 69448K [0x00000000e8000000, 0x00000000ef080000, 0x00000000f8000000)
  object space 115200K, 60% used [0x00000000e8000000,0x00000000ec3d2228,0x00000000ef080000)
 PSPermGen       total 79872K, used 49639K [0x00000000dda00000, 0x00000000e2800000, 0x00000000e8000000)
  object space 79872K, 62% used [0x00000000dda00000,0x00000000e0a79ed0,0x00000000e2800000)
}

