# JRE version: OpenJDK Runtime Environment (7.0_65-b32) (build 1.7.0_65-b32)
# Java VM: OpenJDK 64-Bit Server VM (24.65-b04 mixed mode linux-amd64 compressed oops)
Heap
 PSYoungGen      total 98816K, used 49479K [0x00000000f8000000, 0x0000000100000000, 0x0000000100000000)
  eden space 66560K, 25% used [0x00000000f8000000,0x00000000f90d29d0,0x00000000fc100000)
  from space 32256K, 99% used [0x00000000fc100000,0x00000000fe07f528,0x00000000fe080000)
  to   space 32256K, 0% used [0x00000000fe080000,0x00000000fe080000,0x0000000100000000)
 ParOldGen       total 81408K, used 54957K [0x00000000e8000000, 0x00000000ecf80000, 0x00000000f8000000)
  object space 81408K, 67% used [0x00000000e8000000,0x00000000eb5ab478,0x00000000ecf80000)
 PSPermGen       total 65536K, used 50797K [0x00000000dda00000, 0x00000000e1a00000, 0x00000000e8000000)
  object space 65536K, 77% used [0x00000000dda00000,0x00000000e0b9b6e8,0x00000000e1a00000)
GC Heap History (10 events):
Event: 7,875 GC heap before
{Heap before GC invocations=11 (full 1):
 PSYoungGen      total 114176K, used 114158K [0x00000000f8000000, 0x0000000100000000, 0x0000000100000000)
  eden space 97280K, 100% used [0x00000000f8000000,0x00000000fdf00000,0x00000000fdf00000)
  from space 16896K, 99% used [0x00000000fdf00000,0x00000000fef7bab0,0x00000000fef80000)
  to   space 16896K, 0% used [0x00000000fef80000,0x00000000fef80000,0x0000000100000000)
 ParOldGen       total 51712K, used 32847K [0x00000000e8000000, 0x00000000eb280000, 0x00000000f8000000)
  object space 51712K, 63% used [0x00000000e8000000,0x00000000ea013cb0,0x00000000eb280000)
 PSPermGen       total 21504K, used 18865K [0x00000000dda00000, 0x00000000def00000, 0x00000000e8000000)
  object space 21504K, 87% used [0x00000000dda00000,0x00000000dec6c710,0x00000000def00000)
Event: 7,899 GC heap after
Heap after GC invocations=11 (full 1):
 PSYoungGen      total 94720K, used 16889K [0x00000000f8000000, 0x0000000100000000, 0x0000000100000000)
  eden space 77824K, 0% used [0x00000000f8000000,0x00000000f8000000,0x00000000fcc00000)
  from space 16896K, 99% used [0x00000000fef80000,0x00000000ffffe768,0x0000000100000000)
  to   space 26624K, 0% used [0x00000000fcc00000,0x00000000fcc00000,0x00000000fe600000)
 ParOldGen       total 51712K, used 40550K [0x00000000e8000000, 0x00000000eb280000, 0x00000000f8000000)
  object space 51712K, 78% used [0x00000000e8000000,0x00000000ea799be8,0x00000000eb280000)
 PSPermGen       total 21504K, used 18865K [0x00000000dda00000, 0x00000000def00000, 0x00000000e8000000)
  object space 21504K, 87% used [0x00000000dda00000,0x00000000dec6c710,0x00000000def00000)
}
Event: 14,357 GC heap before
{Heap before GC invocations=12 (full 1):
 PSYoungGen      total 94720K, used 94713K [0x00000000f8000000, 0x0000000100000000, 0x0000000100000000)
  eden space 77824K, 100% used [0x00000000f8000000,0x00000000fcc00000,0x00000000fcc00000)
  from space 16896K, 99% used [0x00000000fef80000,0x00000000ffffe768,0x0000000100000000)
  to   space 26624K, 0% used [0x00000000fcc00000,0x00000000fcc00000,0x00000000fe600000)
 ParOldGen       total 51712K, used 40550K [0x00000000e8000000, 0x00000000eb280000, 0x00000000f8000000)
  object space 51712K, 78% used [0x00000000e8000000,0x00000000ea799be8,0x00000000eb280000)
 PSPermGen       total 35328K, used 34858K [0x00000000dda00000, 0x00000000dfc80000, 0x00000000e8000000)
  object space 35328K, 98% used [0x00000000dda00000,0x00000000dfc0aab8,0x00000000dfc80000)
Event: 14,386 GC heap after
Heap after GC invocations=12 (full 1):
 PSYoungGen      total 102912K, used 24765K [0x00000000f8000000, 0x0000000100000000, 0x0000000100000000)
  eden space 77824K, 0% used [0x00000000f8000000,0x00000000f8000000,0x00000000fcc00000)
  from space 25088K, 98% used [0x00000000fcc00000,0x00000000fe42f720,0x00000000fe480000)
  to   space 28160K, 0% used [0x00000000fe480000,0x00000000fe480000,0x0000000100000000)
 ParOldGen       total 51712K, used 50729K [0x00000000e8000000, 0x00000000eb280000, 0x00000000f8000000)
  object space 51712K, 98% used [0x00000000e8000000,0x00000000eb18a480,0x00000000eb280000)
 PSPermGen       total 35328K, used 34858K [0x00000000dda00000, 0x00000000dfc80000, 0x00000000e8000000)
  object space 35328K, 98% used [0x00000000dda00000,0x00000000dfc0aab8,0x00000000dfc80000)
}
Event: 14,386 GC heap before
{Heap before GC invocations=13 (full 2):
 PSYoungGen      total 102912K, used 24765K [0x00000000f8000000, 0x0000000100000000, 0x0000000100000000)
  eden space 77824K, 0% used [0x00000000f8000000,0x00000000f8000000,0x00000000fcc00000)
  from space 25088K, 98% used [0x00000000fcc00000,0x00000000fe42f720,0x00000000fe480000)
  to   space 28160K, 0% used [0x00000000fe480000,0x00000000fe480000,0x0000000100000000)
 ParOldGen       total 51712K, used 50729K [0x00000000e8000000, 0x00000000eb280000, 0x00000000f8000000)
  object space 51712K, 98% used [0x00000000e8000000,0x00000000eb18a480,0x00000000eb280000)
 PSPermGen       total 35328K, used 34858K [0x00000000dda00000, 0x00000000dfc80000, 0x00000000e8000000)
  object space 35328K, 98% used [0x00000000dda00000,0x00000000dfc0aab8,0x00000000dfc80000)
Event: 14,580 GC heap after
Heap after GC invocations=13 (full 2):
 PSYoungGen      total 102912K, used 0K [0x00000000f8000000, 0x0000000100000000, 0x0000000100000000)
  eden space 77824K, 0% used [0x00000000f8000000,0x00000000f8000000,0x00000000fcc00000)
  from space 25088K, 0% used [0x00000000fcc00000,0x00000000fcc00000,0x00000000fe480000)
  to   space 28160K, 0% used [0x00000000fe480000,0x00000000fe480000,0x0000000100000000)
 ParOldGen       total 81408K, used 43313K [0x00000000e8000000, 0x00000000ecf80000, 0x00000000f8000000)
  object space 81408K, 53% used [0x00000000e8000000,0x00000000eaa4c5d0,0x00000000ecf80000)
 PSPermGen       total 65536K, used 34844K [0x00000000dda00000, 0x00000000e1a00000, 0x00000000e8000000)
  object space 65536K, 53% used [0x00000000dda00000,0x00000000dfc070a8,0x00000000e1a00000)
}
Event: 16,527 GC heap before
{Heap before GC invocations=14 (full 2):
 PSYoungGen      total 102912K, used 77824K [0x00000000f8000000, 0x0000000100000000, 0x0000000100000000)
  eden space 77824K, 100% used [0x00000000f8000000,0x00000000fcc00000,0x00000000fcc00000)
  from space 25088K, 0% used [0x00000000fcc00000,0x00000000fcc00000,0x00000000fe480000)
  to   space 28160K, 0% used [0x00000000fe480000,0x00000000fe480000,0x0000000100000000)
 ParOldGen       total 81408K, used 43313K [0x00000000e8000000, 0x00000000ecf80000, 0x00000000f8000000)
  object space 81408K, 53% used [0x00000000e8000000,0x00000000eaa4c5d0,0x00000000ecf80000)
 PSPermGen       total 65536K, used 49878K [0x00000000dda00000, 0x00000000e1a00000, 0x00000000e8000000)
  object space 65536K, 76% used [0x00000000dda00000,0x00000000e0ab5840,0x00000000e1a00000)
Event: 16,544 GC heap after
Heap after GC invocations=14 (full 2):
 PSYoungGen      total 94720K, used 23065K [0x00000000f8000000, 0x0000000100000000, 0x0000000100000000)
  eden space 66560K, 0% used [0x00000000f8000000,0x00000000f8000000,0x00000000fc100000)
  from space 28160K, 81% used [0x00000000fe480000,0x00000000ffb06788,0x0000000100000000)
  to   space 32256K, 0% used [0x00000000fc100000,0x00000000fc100000,0x00000000fe080000)
 ParOldGen       total 81408K, used 43313K [0x00000000e8000000, 0x00000000ecf80000, 0x00000000f8000000)
  object space 81408K, 53% used [0x00000000e8000000,0x00000000eaa4c5d0,0x00000000ecf80000)
 PSPermGen       total 65536K, used 49878K [0x00000000dda00000, 0x00000000e1a00000, 0x00000000e8000000)
  object space 65536K, 76% used [0x00000000dda00000,0x00000000e0ab5840,0x00000000e1a00000)
}
Event: 16,957 GC heap before
{Heap before GC invocations=15 (full 2):
 PSYoungGen      total 94720K, used 89625K [0x00000000f8000000, 0x0000000100000000, 0x0000000100000000)
  eden space 66560K, 100% used [0x00000000f8000000,0x00000000fc100000,0x00000000fc100000)
  from space 28160K, 81% used [0x00000000fe480000,0x00000000ffb06788,0x0000000100000000)
  to   space 32256K, 0% used [0x00000000fc100000,0x00000000fc100000,0x00000000fe080000)
 ParOldGen       total 81408K, used 43313K [0x00000000e8000000, 0x00000000ecf80000, 0x00000000f8000000)
  object space 81408K, 53% used [0x00000000e8000000,0x00000000eaa4c5d0,0x00000000ecf80000)
 PSPermGen       total 65536K, used 49887K [0x00000000dda00000, 0x00000000e1a00000, 0x00000000e8000000)
  object space 65536K, 76% used [0x00000000dda00000,0x00000000e0ab7e00,0x00000000e1a00000)
Event: 16,979 GC heap after
Heap after GC invocations=15 (full 2):
 PSYoungGen      total 98816K, used 32253K [0x00000000f8000000, 0x0000000100000000, 0x0000000100000000)
  eden space 66560K, 0% used [0x00000000f8000000,0x00000000f8000000,0x00000000fc100000)
  from space 32256K, 99% used [0x00000000fc100000,0x00000000fe07f528,0x00000000fe080000)
  to   space 32256K, 0% used [0x00000000fe080000,0x00000000fe080000,0x0000000100000000)
 ParOldGen       total 81408K, used 54957K [0x00000000e8000000, 0x00000000ecf80000, 0x00000000f8000000)
  object space 81408K, 67% used [0x00000000e8000000,0x00000000eb5ab478,0x00000000ecf80000)
 PSPermGen       total 65536K, used 49887K [0x00000000dda00000, 0x00000000e1a00000, 0x00000000e8000000)
  object space 65536K, 76% used [0x00000000dda00000,0x00000000e0ab7e00,0x00000000e1a00000)
}

