# JRE version: OpenJDK Runtime Environment (7.0_65-b32) (build 1.7.0_65-b32)
# Java VM: OpenJDK 64-Bit Server VM (24.65-b04 mixed mode linux-amd64 compressed oops)
Heap
 PSYoungGen      total 78336K, used 51827K [0x00000000f8000000, 0x0000000100000000, 0x0000000100000000)
  eden space 58368K, 76% used [0x00000000f8000000,0x00000000fab8c228,0x00000000fb900000)
  from space 19968K, 36% used [0x00000000fec80000,0x00000000ff390c10,0x0000000100000000)
  to   space 36352K, 0% used [0x00000000fb900000,0x00000000fb900000,0x00000000fdc80000)
 ParOldGen       total 100864K, used 61976K [0x00000000e8000000, 0x00000000ee280000, 0x00000000f8000000)
  object space 100864K, 61% used [0x00000000e8000000,0x00000000ebc86328,0x00000000ee280000)
 PSPermGen       total 93696K, used 50418K [0x00000000dda00000, 0x00000000e3580000, 0x00000000e8000000)
  object space 93696K, 53% used [0x00000000dda00000,0x00000000e0b3ca10,0x00000000e3580000)
GC Heap History (10 events):
Event: 5,183 GC heap before
{Heap before GC invocations=12 (full 1):
 PSYoungGen      total 106496K, used 97152K [0x00000000f8000000, 0x0000000100000000, 0x0000000100000000)
  eden space 92160K, 99% used [0x00000000f8000000,0x00000000fd9fe0e0,0x00000000fda00000)
  from space 14336K, 34% used [0x00000000ff200000,0x00000000ff6e2168,0x0000000100000000)
  to   space 19456K, 0% used [0x00000000fda00000,0x00000000fda00000,0x00000000fed00000)
 ParOldGen       total 49152K, used 27188K [0x00000000e8000000, 0x00000000eb000000, 0x00000000f8000000)
  object space 49152K, 55% used [0x00000000e8000000,0x00000000e9a8d230,0x00000000eb000000)
 PSPermGen       total 24576K, used 12212K [0x00000000dda00000, 0x00000000df200000, 0x00000000e8000000)
  object space 24576K, 49% used [0x00000000dda00000,0x00000000de5ed080,0x00000000df200000)
Event: 5,201 GC heap after
Heap after GC invocations=12 (full 1):
 PSYoungGen      total 111616K, used 7752K [0x00000000f8000000, 0x0000000100000000, 0x0000000100000000)
  eden space 92160K, 0% used [0x00000000f8000000,0x00000000f8000000,0x00000000fda00000)
  from space 19456K, 39% used [0x00000000fda00000,0x00000000fe192128,0x00000000fed00000)
  to   space 18432K, 0% used [0x00000000fee00000,0x00000000fee00000,0x0000000100000000)
 ParOldGen       total 49152K, used 31492K [0x00000000e8000000, 0x00000000eb000000, 0x00000000f8000000)
  object space 49152K, 64% used [0x00000000e8000000,0x00000000e9ec1240,0x00000000eb000000)
 PSPermGen       total 24576K, used 12212K [0x00000000dda00000, 0x00000000df200000, 0x00000000e8000000)
  object space 24576K, 49% used [0x00000000dda00000,0x00000000de5ed080,0x00000000df200000)
}
Event: 6,246 GC heap before
{Heap before GC invocations=13 (full 1):
 PSYoungGen      total 111616K, used 99912K [0x00000000f8000000, 0x0000000100000000, 0x0000000100000000)
  eden space 92160K, 100% used [0x00000000f8000000,0x00000000fda00000,0x00000000fda00000)
  from space 19456K, 39% used [0x00000000fda00000,0x00000000fe192128,0x00000000fed00000)
  to   space 18432K, 0% used [0x00000000fee00000,0x00000000fee00000,0x0000000100000000)
 ParOldGen       total 49152K, used 31492K [0x00000000e8000000, 0x00000000eb000000, 0x00000000f8000000)
  object space 49152K, 64% used [0x00000000e8000000,0x00000000e9ec1240,0x00000000eb000000)
 PSPermGen       total 24576K, used 23134K [0x00000000dda00000, 0x00000000df200000, 0x00000000e8000000)
  object space 24576K, 94% used [0x00000000dda00000,0x00000000df0979c8,0x00000000df200000)
Event: 6,259 GC heap after
Heap after GC invocations=13 (full 1):
 PSYoungGen      total 109568K, used 14936K [0x00000000f8000000, 0x0000000100000000, 0x0000000100000000)
  eden space 91136K, 0% used [0x00000000f8000000,0x00000000f8000000,0x00000000fd900000)
  from space 18432K, 81% used [0x00000000fee00000,0x00000000ffc96298,0x0000000100000000)
  to   space 19968K, 0% used [0x00000000fd900000,0x00000000fd900000,0x00000000fec80000)
 ParOldGen       total 49152K, used 31700K [0x00000000e8000000, 0x00000000eb000000, 0x00000000f8000000)
  object space 49152K, 64% used [0x00000000e8000000,0x00000000e9ef5240,0x00000000eb000000)
 PSPermGen       total 24576K, used 23134K [0x00000000dda00000, 0x00000000df200000, 0x00000000e8000000)
  object space 24576K, 94% used [0x00000000dda00000,0x00000000df0979c8,0x00000000df200000)
}
Event: 13,190 GC heap before
{Heap before GC invocations=14 (full 1):
 PSYoungGen      total 109568K, used 106072K [0x00000000f8000000, 0x0000000100000000, 0x0000000100000000)
  eden space 91136K, 100% used [0x00000000f8000000,0x00000000fd900000,0x00000000fd900000)
  from space 18432K, 81% used [0x00000000fee00000,0x00000000ffc96298,0x0000000100000000)
  to   space 19968K, 0% used [0x00000000fd900000,0x00000000fd900000,0x00000000fec80000)
 ParOldGen       total 49152K, used 31700K [0x00000000e8000000, 0x00000000eb000000, 0x00000000f8000000)
  object space 49152K, 64% used [0x00000000e8000000,0x00000000e9ef5240,0x00000000eb000000)
 PSPermGen       total 40448K, used 40104K [0x00000000dda00000, 0x00000000e0180000, 0x00000000e8000000)
  object space 40448K, 99% used [0x00000000dda00000,0x00000000e012a3e0,0x00000000e0180000)
Event: 13,223 GC heap after
Heap after GC invocations=14 (full 1):
 PSYoungGen      total 111104K, used 19959K [0x00000000f8000000, 0x0000000100000000, 0x0000000100000000)
  eden space 91136K, 0% used [0x00000000f8000000,0x00000000f8000000,0x00000000fd900000)
  from space 19968K, 99% used [0x00000000fd900000,0x00000000fec7ddd0,0x00000000fec80000)
  to   space 19968K, 0% used [0x00000000fec80000,0x00000000fec80000,0x0000000100000000)
 ParOldGen       total 49152K, used 36507K [0x00000000e8000000, 0x00000000eb000000, 0x00000000f8000000)
  object space 49152K, 74% used [0x00000000e8000000,0x00000000ea3a6e60,0x00000000eb000000)
 PSPermGen       total 40448K, used 40104K [0x00000000dda00000, 0x00000000e0180000, 0x00000000e8000000)
  object space 40448K, 99% used [0x00000000dda00000,0x00000000e012a3e0,0x00000000e0180000)
}
Event: 14,662 GC heap before
{Heap before GC invocations=15 (full 1):
 PSYoungGen      total 111104K, used 111095K [0x00000000f8000000, 0x0000000100000000, 0x0000000100000000)
  eden space 91136K, 100% used [0x00000000f8000000,0x00000000fd900000,0x00000000fd900000)
  from space 19968K, 99% used [0x00000000fd900000,0x00000000fec7ddd0,0x00000000fec80000)
  to   space 19968K, 0% used [0x00000000fec80000,0x00000000fec80000,0x0000000100000000)
 ParOldGen       total 49152K, used 36507K [0x00000000e8000000, 0x00000000eb000000, 0x00000000f8000000)
  object space 49152K, 74% used [0x00000000e8000000,0x00000000ea3a6e60,0x00000000eb000000)
 PSPermGen       total 49664K, used 49651K [0x00000000dda00000, 0x00000000e0a80000, 0x00000000e8000000)
  object space 49664K, 99% used [0x00000000dda00000,0x00000000e0a7cd18,0x00000000e0a80000)
Event: 14,697 GC heap after
Heap after GC invocations=15 (full 1):
 PSYoungGen      total 78336K, used 19939K [0x00000000f8000000, 0x0000000100000000, 0x0000000100000000)
  eden space 58368K, 0% used [0x00000000f8000000,0x00000000f8000000,0x00000000fb900000)
  from space 19968K, 99% used [0x00000000fec80000,0x00000000ffff8d48,0x0000000100000000)
  to   space 36352K, 0% used [0x00000000fb900000,0x00000000fb900000,0x00000000fdc80000)
 ParOldGen       total 62464K, used 62160K [0x00000000e8000000, 0x00000000ebd00000, 0x00000000f8000000)
  object space 62464K, 99% used [0x00000000e8000000,0x00000000ebcb4020,0x00000000ebd00000)
 PSPermGen       total 49664K, used 49651K [0x00000000dda00000, 0x00000000e0a80000, 0x00000000e8000000)
  object space 49664K, 99% used [0x00000000dda00000,0x00000000e0a7cd18,0x00000000e0a80000)
}
Event: 14,697 GC heap before
{Heap before GC invocations=16 (full 2):
 PSYoungGen      total 78336K, used 19939K [0x00000000f8000000, 0x0000000100000000, 0x0000000100000000)
  eden space 58368K, 0% used [0x00000000f8000000,0x00000000f8000000,0x00000000fb900000)
  from space 19968K, 99% used [0x00000000fec80000,0x00000000ffff8d48,0x0000000100000000)
  to   space 36352K, 0% used [0x00000000fb900000,0x00000000fb900000,0x00000000fdc80000)
 ParOldGen       total 62464K, used 62160K [0x00000000e8000000, 0x00000000ebd00000, 0x00000000f8000000)
  object space 62464K, 99% used [0x00000000e8000000,0x00000000ebcb4020,0x00000000ebd00000)
 PSPermGen       total 49664K, used 49651K [0x00000000dda00000, 0x00000000e0a80000, 0x00000000e8000000)
  object space 49664K, 99% used [0x00000000dda00000,0x00000000e0a7cd18,0x00000000e0a80000)
Event: 14,950 GC heap after
Heap after GC invocations=16 (full 2):
 PSYoungGen      total 78336K, used 7235K [0x00000000f8000000, 0x0000000100000000, 0x0000000100000000)
  eden space 58368K, 0% used [0x00000000f8000000,0x00000000f8000000,0x00000000fb900000)
  from space 19968K, 36% used [0x00000000fec80000,0x00000000ff390c10,0x0000000100000000)
  to   space 36352K, 0% used [0x00000000fb900000,0x00000000fb900000,0x00000000fdc80000)
 ParOldGen       total 100864K, used 61976K [0x00000000e8000000, 0x00000000ee280000, 0x00000000f8000000)
  object space 100864K, 61% used [0x00000000e8000000,0x00000000ebc86328,0x00000000ee280000)
 PSPermGen       total 93696K, used 49629K [0x00000000dda00000, 0x00000000e3580000, 0x00000000e8000000)
  object space 93696K, 52% used [0x00000000dda00000,0x00000000e0a77730,0x00000000e3580000)
}

