# JRE version: OpenJDK Runtime Environment (7.0_65-b32) (build 1.7.0_65-b32)
# Java VM: OpenJDK 64-Bit Server VM (24.65-b04 mixed mode linux-amd64 compressed oops)
Heap
 PSYoungGen      total 78336K, used 52122K [0x00000000f8000000, 0x0000000100000000, 0x0000000100000000)
  eden space 58368K, 77% used [0x00000000f8000000,0x00000000fac49f60,0x00000000fb900000)
  from space 19968K, 33% used [0x00000000fec80000,0x00000000ff31c930,0x0000000100000000)
  to   space 36352K, 0% used [0x00000000fb900000,0x00000000fb900000,0x00000000fdc80000)
 ParOldGen       total 102400K, used 62165K [0x00000000e8000000, 0x00000000ee400000, 0x00000000f8000000)
  object space 102400K, 60% used [0x00000000e8000000,0x00000000ebcb5788,0x00000000ee400000)
 PSPermGen       total 93696K, used 50414K [0x00000000dda00000, 0x00000000e3580000, 0x00000000e8000000)
  object space 93696K, 53% used [0x00000000dda00000,0x00000000e0b3bab0,0x00000000e3580000)
GC Heap History (10 events):
Event: 4,103 GC heap before
{Heap before GC invocations=12 (full 1):
 PSYoungGen      total 105472K, used 95594K [0x00000000f8000000, 0x0000000100000000, 0x0000000100000000)
  eden space 91136K, 100% used [0x00000000f8000000,0x00000000fd900000,0x00000000fd900000)
  from space 14336K, 31% used [0x00000000ff200000,0x00000000ff65aa98,0x0000000100000000)
  to   space 19968K, 0% used [0x00000000fd900000,0x00000000fd900000,0x00000000fec80000)
 ParOldGen       total 50176K, used 27358K [0x00000000e8000000, 0x00000000eb100000, 0x00000000f8000000)
  object space 50176K, 54% used [0x00000000e8000000,0x00000000e9ab7b80,0x00000000eb100000)
 PSPermGen       total 24576K, used 12212K [0x00000000dda00000, 0x00000000df200000, 0x00000000e8000000)
  object space 24576K, 49% used [0x00000000dda00000,0x00000000de5ed128,0x00000000df200000)
Event: 4,121 GC heap after
Heap after GC invocations=12 (full 1):
 PSYoungGen      total 111104K, used 7618K [0x00000000f8000000, 0x0000000100000000, 0x0000000100000000)
  eden space 91136K, 0% used [0x00000000f8000000,0x00000000f8000000,0x00000000fd900000)
  from space 19968K, 38% used [0x00000000fd900000,0x00000000fe070950,0x00000000fec80000)
  to   space 18432K, 0% used [0x00000000fee00000,0x00000000fee00000,0x0000000100000000)
 ParOldGen       total 50176K, used 31302K [0x00000000e8000000, 0x00000000eb100000, 0x00000000f8000000)
  object space 50176K, 62% used [0x00000000e8000000,0x00000000e9e91b80,0x00000000eb100000)
 PSPermGen       total 24576K, used 12212K [0x00000000dda00000, 0x00000000df200000, 0x00000000e8000000)
  object space 24576K, 49% used [0x00000000dda00000,0x00000000de5ed128,0x00000000df200000)
}
Event: 5,085 GC heap before
{Heap before GC invocations=13 (full 1):
 PSYoungGen      total 111104K, used 98754K [0x00000000f8000000, 0x0000000100000000, 0x0000000100000000)
  eden space 91136K, 100% used [0x00000000f8000000,0x00000000fd900000,0x00000000fd900000)
  from space 19968K, 38% used [0x00000000fd900000,0x00000000fe070950,0x00000000fec80000)
  to   space 18432K, 0% used [0x00000000fee00000,0x00000000fee00000,0x0000000100000000)
 ParOldGen       total 50176K, used 31302K [0x00000000e8000000, 0x00000000eb100000, 0x00000000f8000000)
  object space 50176K, 62% used [0x00000000e8000000,0x00000000e9e91b80,0x00000000eb100000)
 PSPermGen       total 24576K, used 22953K [0x00000000dda00000, 0x00000000df200000, 0x00000000e8000000)
  object space 24576K, 93% used [0x00000000dda00000,0x00000000df06a660,0x00000000df200000)
Event: 5,101 GC heap after
Heap after GC invocations=13 (full 1):
 PSYoungGen      total 109568K, used 14354K [0x00000000f8000000, 0x0000000100000000, 0x0000000100000000)
  eden space 91136K, 0% used [0x00000000f8000000,0x00000000f8000000,0x00000000fd900000)
  from space 18432K, 77% used [0x00000000fee00000,0x00000000ffc04a80,0x0000000100000000)
  to   space 19968K, 0% used [0x00000000fd900000,0x00000000fd900000,0x00000000fec80000)
 ParOldGen       total 50176K, used 31510K [0x00000000e8000000, 0x00000000eb100000, 0x00000000f8000000)
  object space 50176K, 62% used [0x00000000e8000000,0x00000000e9ec5b80,0x00000000eb100000)
 PSPermGen       total 24576K, used 22953K [0x00000000dda00000, 0x00000000df200000, 0x00000000e8000000)
  object space 24576K, 93% used [0x00000000dda00000,0x00000000df06a660,0x00000000df200000)
}
Event: 12,325 GC heap before
{Heap before GC invocations=14 (full 1):
 PSYoungGen      total 109568K, used 105490K [0x00000000f8000000, 0x0000000100000000, 0x0000000100000000)
  eden space 91136K, 100% used [0x00000000f8000000,0x00000000fd900000,0x00000000fd900000)
  from space 18432K, 77% used [0x00000000fee00000,0x00000000ffc04a80,0x0000000100000000)
  to   space 19968K, 0% used [0x00000000fd900000,0x00000000fd900000,0x00000000fec80000)
 ParOldGen       total 50176K, used 31510K [0x00000000e8000000, 0x00000000eb100000, 0x00000000f8000000)
  object space 50176K, 62% used [0x00000000e8000000,0x00000000e9ec5b80,0x00000000eb100000)
 PSPermGen       total 40448K, used 39950K [0x00000000dda00000, 0x00000000e0180000, 0x00000000e8000000)
  object space 40448K, 98% used [0x00000000dda00000,0x00000000e01038e8,0x00000000e0180000)
Event: 12,369 GC heap after
Heap after GC invocations=14 (full 1):
 PSYoungGen      total 111104K, used 19959K [0x00000000f8000000, 0x0000000100000000, 0x0000000100000000)
  eden space 91136K, 0% used [0x00000000f8000000,0x00000000f8000000,0x00000000fd900000)
  from space 19968K, 99% used [0x00000000fd900000,0x00000000fec7dc00,0x00000000fec80000)
  to   space 19968K, 0% used [0x00000000fec80000,0x00000000fec80000,0x0000000100000000)
 ParOldGen       total 50176K, used 36241K [0x00000000e8000000, 0x00000000eb100000, 0x00000000f8000000)
  object space 50176K, 72% used [0x00000000e8000000,0x00000000ea364608,0x00000000eb100000)
 PSPermGen       total 40448K, used 39950K [0x00000000dda00000, 0x00000000e0180000, 0x00000000e8000000)
  object space 40448K, 98% used [0x00000000dda00000,0x00000000e01038e8,0x00000000e0180000)
}
Event: 13,811 GC heap before
{Heap before GC invocations=15 (full 1):
 PSYoungGen      total 111104K, used 111095K [0x00000000f8000000, 0x0000000100000000, 0x0000000100000000)
  eden space 91136K, 100% used [0x00000000f8000000,0x00000000fd900000,0x00000000fd900000)
  from space 19968K, 99% used [0x00000000fd900000,0x00000000fec7dc00,0x00000000fec80000)
  to   space 19968K, 0% used [0x00000000fec80000,0x00000000fec80000,0x0000000100000000)
 ParOldGen       total 50176K, used 36241K [0x00000000e8000000, 0x00000000eb100000, 0x00000000f8000000)
  object space 50176K, 72% used [0x00000000e8000000,0x00000000ea364608,0x00000000eb100000)
 PSPermGen       total 49664K, used 49646K [0x00000000dda00000, 0x00000000e0a80000, 0x00000000e8000000)
  object space 49664K, 99% used [0x00000000dda00000,0x00000000e0a7ba20,0x00000000e0a80000)
Event: 13,847 GC heap after
Heap after GC invocations=15 (full 1):
 PSYoungGen      total 78336K, used 19950K [0x00000000f8000000, 0x0000000100000000, 0x0000000100000000)
  eden space 58368K, 0% used [0x00000000f8000000,0x00000000f8000000,0x00000000fb900000)
  from space 19968K, 99% used [0x00000000fec80000,0x00000000ffffbb40,0x0000000100000000)
  to   space 36352K, 0% used [0x00000000fb900000,0x00000000fb900000,0x00000000fdc80000)
 ParOldGen       total 62464K, used 62083K [0x00000000e8000000, 0x00000000ebd00000, 0x00000000f8000000)
  object space 62464K, 99% used [0x00000000e8000000,0x00000000ebca0da0,0x00000000ebd00000)
 PSPermGen       total 49664K, used 49646K [0x00000000dda00000, 0x00000000e0a80000, 0x00000000e8000000)
  object space 49664K, 99% used [0x00000000dda00000,0x00000000e0a7ba20,0x00000000e0a80000)
}
Event: 13,847 GC heap before
{Heap before GC invocations=16 (full 2):
 PSYoungGen      total 78336K, used 19950K [0x00000000f8000000, 0x0000000100000000, 0x0000000100000000)
  eden space 58368K, 0% used [0x00000000f8000000,0x00000000f8000000,0x00000000fb900000)
  from space 19968K, 99% used [0x00000000fec80000,0x00000000ffffbb40,0x0000000100000000)
  to   space 36352K, 0% used [0x00000000fb900000,0x00000000fb900000,0x00000000fdc80000)
 ParOldGen       total 62464K, used 62083K [0x00000000e8000000, 0x00000000ebd00000, 0x00000000f8000000)
  object space 62464K, 99% used [0x00000000e8000000,0x00000000ebca0da0,0x00000000ebd00000)
 PSPermGen       total 49664K, used 49646K [0x00000000dda00000, 0x00000000e0a80000, 0x00000000e8000000)
  object space 49664K, 99% used [0x00000000dda00000,0x00000000e0a7ba20,0x00000000e0a80000)
Event: 14,107 GC heap after
Heap after GC invocations=16 (full 2):
 PSYoungGen      total 78336K, used 6770K [0x00000000f8000000, 0x0000000100000000, 0x0000000100000000)
  eden space 58368K, 0% used [0x00000000f8000000,0x00000000f8000000,0x00000000fb900000)
  from space 19968K, 33% used [0x00000000fec80000,0x00000000ff31c930,0x0000000100000000)
  to   space 36352K, 0% used [0x00000000fb900000,0x00000000fb900000,0x00000000fdc80000)
 ParOldGen       total 102400K, used 62165K [0x00000000e8000000, 0x00000000ee400000, 0x00000000f8000000)
  object space 102400K, 60% used [0x00000000e8000000,0x00000000ebcb5788,0x00000000ee400000)
 PSPermGen       total 93696K, used 49625K [0x00000000dda00000, 0x00000000e3580000, 0x00000000e8000000)
  object space 93696K, 52% used [0x00000000dda00000,0x00000000e0a76578,0x00000000e3580000)
}

