# JRE version: OpenJDK Runtime Environment (7.0_65-b32) (build 1.7.0_65-b32)
# Java VM: OpenJDK 64-Bit Server VM (24.65-b04 mixed mode linux-amd64 compressed oops)
Heap
 PSYoungGen      total 76800K, used 53376K [0x00000000f8000000, 0x0000000100000000, 0x0000000100000000)
  eden space 57344K, 82% used [0x00000000f8000000,0x00000000fae70a90,0x00000000fb800000)
  from space 19456K, 29% used [0x00000000fed00000,0x00000000ff2af770,0x0000000100000000)
  to   space 36864K, 0% used [0x00000000fb800000,0x00000000fb800000,0x00000000fdc00000)
 ParOldGen       total 104960K, used 62707K [0x00000000e8000000, 0x00000000ee680000, 0x00000000f8000000)
  object space 104960K, 59% used [0x00000000e8000000,0x00000000ebd3cf30,0x00000000ee680000)
 PSPermGen       total 95232K, used 50789K [0x00000000dda00000, 0x00000000e3700000, 0x00000000e8000000)
  object space 95232K, 53% used [0x00000000dda00000,0x00000000e0b996c8,0x00000000e3700000)
GC Heap History (10 events):
Event: 4,217 GC heap before
{Heap before GC invocations=12 (full 1):
 PSYoungGen      total 106496K, used 94103K [0x00000000f8000000, 0x0000000100000000, 0x0000000100000000)
  eden space 92160K, 100% used [0x00000000f8000000,0x00000000fda00000,0x00000000fda00000)
  from space 14336K, 13% used [0x00000000ff200000,0x00000000ff3e5dc0,0x0000000100000000)
  to   space 19456K, 0% used [0x00000000fda00000,0x00000000fda00000,0x00000000fed00000)
 ParOldGen       total 50176K, used 27568K [0x00000000e8000000, 0x00000000eb100000, 0x00000000f8000000)
  object space 50176K, 54% used [0x00000000e8000000,0x00000000e9aec378,0x00000000eb100000)
 PSPermGen       total 23552K, used 12215K [0x00000000dda00000, 0x00000000df100000, 0x00000000e8000000)
  object space 23552K, 51% used [0x00000000dda00000,0x00000000de5ede30,0x00000000df100000)
Event: 4,229 GC heap after
Heap after GC invocations=12 (full 1):
 PSYoungGen      total 111616K, used 8255K [0x00000000f8000000, 0x0000000100000000, 0x0000000100000000)
  eden space 92160K, 0% used [0x00000000f8000000,0x00000000f8000000,0x00000000fda00000)
  from space 19456K, 42% used [0x00000000fda00000,0x00000000fe20fc88,0x00000000fed00000)
  to   space 18432K, 0% used [0x00000000fee00000,0x00000000fee00000,0x0000000100000000)
 ParOldGen       total 50176K, used 28952K [0x00000000e8000000, 0x00000000eb100000, 0x00000000f8000000)
  object space 50176K, 57% used [0x00000000e8000000,0x00000000e9c46378,0x00000000eb100000)
 PSPermGen       total 23552K, used 12215K [0x00000000dda00000, 0x00000000df100000, 0x00000000e8000000)
  object space 23552K, 51% used [0x00000000dda00000,0x00000000de5ede30,0x00000000df100000)
}
Event: 5,262 GC heap before
{Heap before GC invocations=13 (full 1):
 PSYoungGen      total 111616K, used 100415K [0x00000000f8000000, 0x0000000100000000, 0x0000000100000000)
  eden space 92160K, 100% used [0x00000000f8000000,0x00000000fda00000,0x00000000fda00000)
  from space 19456K, 42% used [0x00000000fda00000,0x00000000fe20fc88,0x00000000fed00000)
  to   space 18432K, 0% used [0x00000000fee00000,0x00000000fee00000,0x0000000100000000)
 ParOldGen       total 50176K, used 28952K [0x00000000e8000000, 0x00000000eb100000, 0x00000000f8000000)
  object space 50176K, 57% used [0x00000000e8000000,0x00000000e9c46378,0x00000000eb100000)
 PSPermGen       total 23552K, used 21717K [0x00000000dda00000, 0x00000000df100000, 0x00000000e8000000)
  object space 23552K, 92% used [0x00000000dda00000,0x00000000def35598,0x00000000df100000)
Event: 5,273 GC heap after
Heap after GC invocations=13 (full 1):
 PSYoungGen      total 110592K, used 13832K [0x00000000f8000000, 0x0000000100000000, 0x0000000100000000)
  eden space 92160K, 0% used [0x00000000f8000000,0x00000000f8000000,0x00000000fda00000)
  from space 18432K, 75% used [0x00000000fee00000,0x00000000ffb82148,0x0000000100000000)
  to   space 19456K, 0% used [0x00000000fda00000,0x00000000fda00000,0x00000000fed00000)
 ParOldGen       total 50176K, used 28960K [0x00000000e8000000, 0x00000000eb100000, 0x00000000f8000000)
  object space 50176K, 57% used [0x00000000e8000000,0x00000000e9c48378,0x00000000eb100000)
 PSPermGen       total 23552K, used 21717K [0x00000000dda00000, 0x00000000df100000, 0x00000000e8000000)
  object space 23552K, 92% used [0x00000000dda00000,0x00000000def35598,0x00000000df100000)
}
Event: 12,253 GC heap before
{Heap before GC invocations=14 (full 1):
 PSYoungGen      total 110592K, used 105992K [0x00000000f8000000, 0x0000000100000000, 0x0000000100000000)
  eden space 92160K, 100% used [0x00000000f8000000,0x00000000fda00000,0x00000000fda00000)
  from space 18432K, 75% used [0x00000000fee00000,0x00000000ffb82148,0x0000000100000000)
  to   space 19456K, 0% used [0x00000000fda00000,0x00000000fda00000,0x00000000fed00000)
 ParOldGen       total 50176K, used 28960K [0x00000000e8000000, 0x00000000eb100000, 0x00000000f8000000)
  object space 50176K, 57% used [0x00000000e8000000,0x00000000e9c48378,0x00000000eb100000)
 PSPermGen       total 40448K, used 40019K [0x00000000dda00000, 0x00000000e0180000, 0x00000000e8000000)
  object space 40448K, 98% used [0x00000000dda00000,0x00000000e0114c08,0x00000000e0180000)
Event: 12,290 GC heap after
Heap after GC invocations=14 (full 1):
 PSYoungGen      total 111616K, used 19448K [0x00000000f8000000, 0x0000000100000000, 0x0000000100000000)
  eden space 92160K, 0% used [0x00000000f8000000,0x00000000f8000000,0x00000000fda00000)
  from space 19456K, 99% used [0x00000000fda00000,0x00000000fecfe0d8,0x00000000fed00000)
  to   space 19456K, 0% used [0x00000000fed00000,0x00000000fed00000,0x0000000100000000)
 ParOldGen       total 50176K, used 34727K [0x00000000e8000000, 0x00000000eb100000, 0x00000000f8000000)
  object space 50176K, 69% used [0x00000000e8000000,0x00000000ea1e9e50,0x00000000eb100000)
 PSPermGen       total 40448K, used 40019K [0x00000000dda00000, 0x00000000e0180000, 0x00000000e8000000)
  object space 40448K, 98% used [0x00000000dda00000,0x00000000e0114c08,0x00000000e0180000)
}
Event: 13,986 GC heap before
{Heap before GC invocations=15 (full 1):
 PSYoungGen      total 111616K, used 111608K [0x00000000f8000000, 0x0000000100000000, 0x0000000100000000)
  eden space 92160K, 100% used [0x00000000f8000000,0x00000000fda00000,0x00000000fda00000)
  from space 19456K, 99% used [0x00000000fda00000,0x00000000fecfe0d8,0x00000000fed00000)
  to   space 19456K, 0% used [0x00000000fed00000,0x00000000fed00000,0x0000000100000000)
 ParOldGen       total 50176K, used 34727K [0x00000000e8000000, 0x00000000eb100000, 0x00000000f8000000)
  object space 50176K, 69% used [0x00000000e8000000,0x00000000ea1e9e50,0x00000000eb100000)
 PSPermGen       total 50176K, used 49894K [0x00000000dda00000, 0x00000000e0b00000, 0x00000000e8000000)
  object space 50176K, 99% used [0x00000000dda00000,0x00000000e0ab9b10,0x00000000e0b00000)
Event: 14,023 GC heap after
Heap after GC invocations=15 (full 1):
 PSYoungGen      total 76800K, used 19427K [0x00000000f8000000, 0x0000000100000000, 0x0000000100000000)
  eden space 57344K, 0% used [0x00000000f8000000,0x00000000f8000000,0x00000000fb800000)
  from space 19456K, 99% used [0x00000000fed00000,0x00000000ffff8dd8,0x0000000100000000)
  to   space 36864K, 0% used [0x00000000fb800000,0x00000000fb800000,0x00000000fdc00000)
 ParOldGen       total 62976K, used 62487K [0x00000000e8000000, 0x00000000ebd80000, 0x00000000f8000000)
  object space 62976K, 99% used [0x00000000e8000000,0x00000000ebd05cd8,0x00000000ebd80000)
 PSPermGen       total 50176K, used 49894K [0x00000000dda00000, 0x00000000e0b00000, 0x00000000e8000000)
  object space 50176K, 99% used [0x00000000dda00000,0x00000000e0ab9b10,0x00000000e0b00000)
}
Event: 14,023 GC heap before
{Heap before GC invocations=16 (full 2):
 PSYoungGen      total 76800K, used 19427K [0x00000000f8000000, 0x0000000100000000, 0x0000000100000000)
  eden space 57344K, 0% used [0x00000000f8000000,0x00000000f8000000,0x00000000fb800000)
  from space 19456K, 99% used [0x00000000fed00000,0x00000000ffff8dd8,0x0000000100000000)
  to   space 36864K, 0% used [0x00000000fb800000,0x00000000fb800000,0x00000000fdc00000)
 ParOldGen       total 62976K, used 62487K [0x00000000e8000000, 0x00000000ebd80000, 0x00000000f8000000)
  object space 62976K, 99% used [0x00000000e8000000,0x00000000ebd05cd8,0x00000000ebd80000)
 PSPermGen       total 50176K, used 49894K [0x00000000dda00000, 0x00000000e0b00000, 0x00000000e8000000)
  object space 50176K, 99% used [0x00000000dda00000,0x00000000e0ab9b10,0x00000000e0b00000)
Event: 14,255 GC heap after
Heap after GC invocations=16 (full 2):
 PSYoungGen      total 76800K, used 5821K [0x00000000f8000000, 0x0000000100000000, 0x0000000100000000)
  eden space 57344K, 0% used [0x00000000f8000000,0x00000000f8000000,0x00000000fb800000)
  from space 19456K, 29% used [0x00000000fed00000,0x00000000ff2af770,0x0000000100000000)
  to   space 36864K, 0% used [0x00000000fb800000,0x00000000fb800000,0x00000000fdc00000)
 ParOldGen       total 104960K, used 62707K [0x00000000e8000000, 0x00000000ee680000, 0x00000000f8000000)
  object space 104960K, 59% used [0x00000000e8000000,0x00000000ebd3cf30,0x00000000ee680000)
 PSPermGen       total 95232K, used 49873K [0x00000000dda00000, 0x00000000e3700000, 0x00000000e8000000)
  object space 95232K, 52% used [0x00000000dda00000,0x00000000e0ab4468,0x00000000e3700000)
}

