# JRE version: OpenJDK Runtime Environment (7.0_65-b32) (build 1.7.0_65-b32)
# Java VM: OpenJDK 64-Bit Server VM (24.65-b04 mixed mode linux-amd64 compressed oops)
Heap
 PSYoungGen      total 76800K, used 54509K [0x00000000f8000000, 0x0000000100000000, 0x0000000100000000)
  eden space 57344K, 85% used [0x00000000f8000000,0x00000000fafa6f10,0x00000000fb800000)
  from space 19456K, 29% used [0x00000000fed00000,0x00000000ff2945e0,0x0000000100000000)
  to   space 36864K, 0% used [0x00000000fb800000,0x00000000fb800000,0x00000000fdc00000)
 ParOldGen       total 103424K, used 62552K [0x00000000e8000000, 0x00000000ee500000, 0x00000000f8000000)
  object space 103424K, 60% used [0x00000000e8000000,0x00000000ebd162c8,0x00000000ee500000)
 PSPermGen       total 95232K, used 50810K [0x00000000dda00000, 0x00000000e3700000, 0x00000000e8000000)
  object space 95232K, 53% used [0x00000000dda00000,0x00000000e0b9e9d8,0x00000000e3700000)
GC Heap History (10 events):
Event: 4,523 GC heap before
{Heap before GC invocations=12 (full 1):
 PSYoungGen      total 106496K, used 94629K [0x00000000f8000000, 0x0000000100000000, 0x0000000100000000)
  eden space 92160K, 100% used [0x00000000f8000000,0x00000000fda00000,0x00000000fda00000)
  from space 14336K, 17% used [0x00000000ff200000,0x00000000ff4694e0,0x0000000100000000)
  to   space 19456K, 0% used [0x00000000fda00000,0x00000000fda00000,0x00000000fed00000)
 ParOldGen       total 49664K, used 27417K [0x00000000e8000000, 0x00000000eb080000, 0x00000000f8000000)
  object space 49664K, 55% used [0x00000000e8000000,0x00000000e9ac6530,0x00000000eb080000)
 PSPermGen       total 23552K, used 12216K [0x00000000dda00000, 0x00000000df100000, 0x00000000e8000000)
  object space 23552K, 51% used [0x00000000dda00000,0x00000000de5ee0c0,0x00000000df100000)
Event: 4,535 GC heap after
Heap after GC invocations=12 (full 1):
 PSYoungGen      total 111616K, used 8045K [0x00000000f8000000, 0x0000000100000000, 0x0000000100000000)
  eden space 92160K, 0% used [0x00000000f8000000,0x00000000f8000000,0x00000000fda00000)
  from space 19456K, 41% used [0x00000000fda00000,0x00000000fe1db490,0x00000000fed00000)
  to   space 18432K, 0% used [0x00000000fee00000,0x00000000fee00000,0x0000000100000000)
 ParOldGen       total 49664K, used 29313K [0x00000000e8000000, 0x00000000eb080000, 0x00000000f8000000)
  object space 49664K, 59% used [0x00000000e8000000,0x00000000e9ca0530,0x00000000eb080000)
 PSPermGen       total 23552K, used 12216K [0x00000000dda00000, 0x00000000df100000, 0x00000000e8000000)
  object space 23552K, 51% used [0x00000000dda00000,0x00000000de5ee0c0,0x00000000df100000)
}
Event: 5,584 GC heap before
{Heap before GC invocations=13 (full 1):
 PSYoungGen      total 111616K, used 100205K [0x00000000f8000000, 0x0000000100000000, 0x0000000100000000)
  eden space 92160K, 100% used [0x00000000f8000000,0x00000000fda00000,0x00000000fda00000)
  from space 19456K, 41% used [0x00000000fda00000,0x00000000fe1db490,0x00000000fed00000)
  to   space 18432K, 0% used [0x00000000fee00000,0x00000000fee00000,0x0000000100000000)
 ParOldGen       total 49664K, used 29313K [0x00000000e8000000, 0x00000000eb080000, 0x00000000f8000000)
  object space 49664K, 59% used [0x00000000e8000000,0x00000000e9ca0530,0x00000000eb080000)
 PSPermGen       total 23552K, used 21654K [0x00000000dda00000, 0x00000000df100000, 0x00000000e8000000)
  object space 23552K, 91% used [0x00000000dda00000,0x00000000def25890,0x00000000df100000)
Event: 5,594 GC heap after
Heap after GC invocations=13 (full 1):
 PSYoungGen      total 110592K, used 13312K [0x00000000f8000000, 0x0000000100000000, 0x0000000100000000)
  eden space 92160K, 0% used [0x00000000f8000000,0x00000000f8000000,0x00000000fda00000)
  from space 18432K, 72% used [0x00000000fee00000,0x00000000ffb00068,0x0000000100000000)
  to   space 19456K, 0% used [0x00000000fda00000,0x00000000fda00000,0x00000000fed00000)
 ParOldGen       total 49664K, used 29687K [0x00000000e8000000, 0x00000000eb080000, 0x00000000f8000000)
  object space 49664K, 59% used [0x00000000e8000000,0x00000000e9cfdf38,0x00000000eb080000)
 PSPermGen       total 23552K, used 21654K [0x00000000dda00000, 0x00000000df100000, 0x00000000e8000000)
  object space 23552K, 91% used [0x00000000dda00000,0x00000000def25890,0x00000000df100000)
}
Event: 12,562 GC heap before
{Heap before GC invocations=14 (full 1):
 PSYoungGen      total 110592K, used 105472K [0x00000000f8000000, 0x0000000100000000, 0x0000000100000000)
  eden space 92160K, 100% used [0x00000000f8000000,0x00000000fda00000,0x00000000fda00000)
  from space 18432K, 72% used [0x00000000fee00000,0x00000000ffb00068,0x0000000100000000)
  to   space 19456K, 0% used [0x00000000fda00000,0x00000000fda00000,0x00000000fed00000)
 ParOldGen       total 49664K, used 29687K [0x00000000e8000000, 0x00000000eb080000, 0x00000000f8000000)
  object space 49664K, 59% used [0x00000000e8000000,0x00000000e9cfdf38,0x00000000eb080000)
 PSPermGen       total 39936K, used 39647K [0x00000000dda00000, 0x00000000e0100000, 0x00000000e8000000)
  object space 39936K, 99% used [0x00000000dda00000,0x00000000e00b7cc0,0x00000000e0100000)
Event: 12,590 GC heap after
Heap after GC invocations=14 (full 1):
 PSYoungGen      total 111616K, used 19429K [0x00000000f8000000, 0x0000000100000000, 0x0000000100000000)
  eden space 92160K, 0% used [0x00000000f8000000,0x00000000f8000000,0x00000000fda00000)
  from space 19456K, 99% used [0x00000000fda00000,0x00000000fecf97f0,0x00000000fed00000)
  to   space 19456K, 0% used [0x00000000fed00000,0x00000000fed00000,0x0000000100000000)
 ParOldGen       total 49664K, used 34923K [0x00000000e8000000, 0x00000000eb080000, 0x00000000f8000000)
  object space 49664K, 70% used [0x00000000e8000000,0x00000000ea21ae90,0x00000000eb080000)
 PSPermGen       total 39936K, used 39647K [0x00000000dda00000, 0x00000000e0100000, 0x00000000e8000000)
  object space 39936K, 99% used [0x00000000dda00000,0x00000000e00b7cc0,0x00000000e0100000)
}
Event: 14,270 GC heap before
{Heap before GC invocations=15 (full 1):
 PSYoungGen      total 111616K, used 111583K [0x00000000f8000000, 0x0000000100000000, 0x0000000100000000)
  eden space 92160K, 99% used [0x00000000f8000000,0x00000000fd9fe458,0x00000000fda00000)
  from space 19456K, 99% used [0x00000000fda00000,0x00000000fecf97f0,0x00000000fed00000)
  to   space 19456K, 0% used [0x00000000fed00000,0x00000000fed00000,0x0000000100000000)
 ParOldGen       total 49664K, used 34923K [0x00000000e8000000, 0x00000000eb080000, 0x00000000f8000000)
  object space 49664K, 70% used [0x00000000e8000000,0x00000000ea21ae90,0x00000000eb080000)
 PSPermGen       total 50176K, used 49898K [0x00000000dda00000, 0x00000000e0b00000, 0x00000000e8000000)
  object space 50176K, 99% used [0x00000000dda00000,0x00000000e0aba850,0x00000000e0b00000)
Event: 14,305 GC heap after
Heap after GC invocations=15 (full 1):
 PSYoungGen      total 76800K, used 19426K [0x00000000f8000000, 0x0000000100000000, 0x0000000100000000)
  eden space 57344K, 0% used [0x00000000f8000000,0x00000000f8000000,0x00000000fb800000)
  from space 19456K, 99% used [0x00000000fed00000,0x00000000ffff8a40,0x0000000100000000)
  to   space 36864K, 0% used [0x00000000fb800000,0x00000000fb800000,0x00000000fdc00000)
 ParOldGen       total 62976K, used 62623K [0x00000000e8000000, 0x00000000ebd80000, 0x00000000f8000000)
  object space 62976K, 99% used [0x00000000e8000000,0x00000000ebd27c30,0x00000000ebd80000)
 PSPermGen       total 50176K, used 49898K [0x00000000dda00000, 0x00000000e0b00000, 0x00000000e8000000)
  object space 50176K, 99% used [0x00000000dda00000,0x00000000e0aba850,0x00000000e0b00000)
}
Event: 14,305 GC heap before
{Heap before GC invocations=16 (full 2):
 PSYoungGen      total 76800K, used 19426K [0x00000000f8000000, 0x0000000100000000, 0x0000000100000000)
  eden space 57344K, 0% used [0x00000000f8000000,0x00000000f8000000,0x00000000fb800000)
  from space 19456K, 99% used [0x00000000fed00000,0x00000000ffff8a40,0x0000000100000000)
  to   space 36864K, 0% used [0x00000000fb800000,0x00000000fb800000,0x00000000fdc00000)
 ParOldGen       total 62976K, used 62623K [0x00000000e8000000, 0x00000000ebd80000, 0x00000000f8000000)
  object space 62976K, 99% used [0x00000000e8000000,0x00000000ebd27c30,0x00000000ebd80000)
 PSPermGen       total 50176K, used 49898K [0x00000000dda00000, 0x00000000e0b00000, 0x00000000e8000000)
  object space 50176K, 99% used [0x00000000dda00000,0x00000000e0aba850,0x00000000e0b00000)
Event: 14,538 GC heap after
Heap after GC invocations=16 (full 2):
 PSYoungGen      total 76800K, used 5713K [0x00000000f8000000, 0x0000000100000000, 0x0000000100000000)
  eden space 57344K, 0% used [0x00000000f8000000,0x00000000f8000000,0x00000000fb800000)
  from space 19456K, 29% used [0x00000000fed00000,0x00000000ff2945e0,0x0000000100000000)
  to   space 36864K, 0% used [0x00000000fb800000,0x00000000fb800000,0x00000000fdc00000)
 ParOldGen       total 103424K, used 62552K [0x00000000e8000000, 0x00000000ee500000, 0x00000000f8000000)
  object space 103424K, 60% used [0x00000000e8000000,0x00000000ebd162c8,0x00000000ee500000)
 PSPermGen       total 95232K, used 49876K [0x00000000dda00000, 0x00000000e3700000, 0x00000000e8000000)
  object space 95232K, 52% used [0x00000000dda00000,0x00000000e0ab50c8,0x00000000e3700000)
}

