# JRE version: OpenJDK Runtime Environment (7.0_65-b32) (build 1.7.0_65-b32)
# Java VM: OpenJDK 64-Bit Server VM (24.65-b04 mixed mode linux-amd64 compressed oops)
Heap
 PSYoungGen      total 77312K, used 53402K [0x00000000f8000000, 0x0000000100000000, 0x0000000100000000)
  eden space 57344K, 82% used [0x00000000f8000000,0x00000000fadfd6c8,0x00000000fb800000)
  from space 19968K, 31% used [0x00000000fec80000,0x00000000ff2a91a8,0x0000000100000000)
  to   space 36864K, 0% used [0x00000000fb800000,0x00000000fb800000,0x00000000fdc00000)
 ParOldGen       total 102912K, used 61797K [0x00000000e8000000, 0x00000000ee480000, 0x00000000f8000000)
  object space 102912K, 60% used [0x00000000e8000000,0x00000000ebc59630,0x00000000ee480000)
 PSPermGen       total 93696K, used 50423K [0x00000000dda00000, 0x00000000e3580000, 0x00000000e8000000)
  object space 93696K, 53% used [0x00000000dda00000,0x00000000e0b3de58,0x00000000e3580000)
GC Heap History (10 events):
Event: 4,515 GC heap before
{Heap before GC invocations=12 (full 1):
 PSYoungGen      total 106496K, used 95141K [0x00000000f8000000, 0x0000000100000000, 0x0000000100000000)
  eden space 92160K, 100% used [0x00000000f8000000,0x00000000fda00000,0x00000000fda00000)
  from space 14336K, 20% used [0x00000000ff200000,0x00000000ff4e96e0,0x0000000100000000)
  to   space 19456K, 0% used [0x00000000fda00000,0x00000000fda00000,0x00000000fed00000)
 ParOldGen       total 50176K, used 27253K [0x00000000e8000000, 0x00000000eb100000, 0x00000000f8000000)
  object space 50176K, 54% used [0x00000000e8000000,0x00000000e9a9d4e0,0x00000000eb100000)
 PSPermGen       total 24576K, used 12207K [0x00000000dda00000, 0x00000000df200000, 0x00000000e8000000)
  object space 24576K, 49% used [0x00000000dda00000,0x00000000de5ebe50,0x00000000df200000)
Event: 4,526 GC heap after
Heap after GC invocations=12 (full 1):
 PSYoungGen      total 111616K, used 7597K [0x00000000f8000000, 0x0000000100000000, 0x0000000100000000)
  eden space 92160K, 0% used [0x00000000f8000000,0x00000000f8000000,0x00000000fda00000)
  from space 19456K, 39% used [0x00000000fda00000,0x00000000fe16b5d0,0x00000000fed00000)
  to   space 18432K, 0% used [0x00000000fee00000,0x00000000fee00000,0x0000000100000000)
 ParOldGen       total 50176K, used 29645K [0x00000000e8000000, 0x00000000eb100000, 0x00000000f8000000)
  object space 50176K, 59% used [0x00000000e8000000,0x00000000e9cf34e0,0x00000000eb100000)
 PSPermGen       total 24576K, used 12207K [0x00000000dda00000, 0x00000000df200000, 0x00000000e8000000)
  object space 24576K, 49% used [0x00000000dda00000,0x00000000de5ebe50,0x00000000df200000)
}
Event: 5,677 GC heap before
{Heap before GC invocations=13 (full 1):
 PSYoungGen      total 111616K, used 99757K [0x00000000f8000000, 0x0000000100000000, 0x0000000100000000)
  eden space 92160K, 100% used [0x00000000f8000000,0x00000000fda00000,0x00000000fda00000)
  from space 19456K, 39% used [0x00000000fda00000,0x00000000fe16b5d0,0x00000000fed00000)
  to   space 18432K, 0% used [0x00000000fee00000,0x00000000fee00000,0x0000000100000000)
 ParOldGen       total 50176K, used 29645K [0x00000000e8000000, 0x00000000eb100000, 0x00000000f8000000)
  object space 50176K, 59% used [0x00000000e8000000,0x00000000e9cf34e0,0x00000000eb100000)
 PSPermGen       total 24576K, used 22953K [0x00000000dda00000, 0x00000000df200000, 0x00000000e8000000)
  object space 24576K, 93% used [0x00000000dda00000,0x00000000df06a418,0x00000000df200000)
Event: 5,692 GC heap after
Heap after GC invocations=13 (full 1):
 PSYoungGen      total 109568K, used 14381K [0x00000000f8000000, 0x0000000100000000, 0x0000000100000000)
  eden space 91136K, 0% used [0x00000000f8000000,0x00000000f8000000,0x00000000fd900000)
  from space 18432K, 78% used [0x00000000fee00000,0x00000000ffc0b6d8,0x0000000100000000)
  to   space 19968K, 0% used [0x00000000fd900000,0x00000000fd900000,0x00000000fec80000)
 ParOldGen       total 50176K, used 29885K [0x00000000e8000000, 0x00000000eb100000, 0x00000000f8000000)
  object space 50176K, 59% used [0x00000000e8000000,0x00000000e9d2f4f0,0x00000000eb100000)
 PSPermGen       total 24576K, used 22953K [0x00000000dda00000, 0x00000000df200000, 0x00000000e8000000)
  object space 24576K, 93% used [0x00000000dda00000,0x00000000df06a418,0x00000000df200000)
}
Event: 12,736 GC heap before
{Heap before GC invocations=14 (full 1):
 PSYoungGen      total 109568K, used 105517K [0x00000000f8000000, 0x0000000100000000, 0x0000000100000000)
  eden space 91136K, 100% used [0x00000000f8000000,0x00000000fd900000,0x00000000fd900000)
  from space 18432K, 78% used [0x00000000fee00000,0x00000000ffc0b6d8,0x0000000100000000)
  to   space 19968K, 0% used [0x00000000fd900000,0x00000000fd900000,0x00000000fec80000)
 ParOldGen       total 50176K, used 29885K [0x00000000e8000000, 0x00000000eb100000, 0x00000000f8000000)
  object space 50176K, 59% used [0x00000000e8000000,0x00000000e9d2f4f0,0x00000000eb100000)
 PSPermGen       total 40448K, used 39948K [0x00000000dda00000, 0x00000000e0180000, 0x00000000e8000000)
  object space 40448K, 98% used [0x00000000dda00000,0x00000000e01032b0,0x00000000e0180000)
Event: 12,761 GC heap after
Heap after GC invocations=14 (full 1):
 PSYoungGen      total 111104K, used 19956K [0x00000000f8000000, 0x0000000100000000, 0x0000000100000000)
  eden space 91136K, 0% used [0x00000000f8000000,0x00000000f8000000,0x00000000fd900000)
  from space 19968K, 99% used [0x00000000fd900000,0x00000000fec7d050,0x00000000fec80000)
  to   space 19968K, 0% used [0x00000000fec80000,0x00000000fec80000,0x0000000100000000)
 ParOldGen       total 50176K, used 34560K [0x00000000e8000000, 0x00000000eb100000, 0x00000000f8000000)
  object space 50176K, 68% used [0x00000000e8000000,0x00000000ea1c0000,0x00000000eb100000)
 PSPermGen       total 40448K, used 39948K [0x00000000dda00000, 0x00000000e0180000, 0x00000000e8000000)
  object space 40448K, 98% used [0x00000000dda00000,0x00000000e01032b0,0x00000000e0180000)
}
Event: 14,215 GC heap before
{Heap before GC invocations=15 (full 1):
 PSYoungGen      total 111104K, used 111092K [0x00000000f8000000, 0x0000000100000000, 0x0000000100000000)
  eden space 91136K, 100% used [0x00000000f8000000,0x00000000fd900000,0x00000000fd900000)
  from space 19968K, 99% used [0x00000000fd900000,0x00000000fec7d050,0x00000000fec80000)
  to   space 19968K, 0% used [0x00000000fec80000,0x00000000fec80000,0x0000000100000000)
 ParOldGen       total 50176K, used 34560K [0x00000000e8000000, 0x00000000eb100000, 0x00000000f8000000)
  object space 50176K, 68% used [0x00000000e8000000,0x00000000ea1c0000,0x00000000eb100000)
 PSPermGen       total 49664K, used 49651K [0x00000000dda00000, 0x00000000e0a80000, 0x00000000e8000000)
  object space 49664K, 99% used [0x00000000dda00000,0x00000000e0a7ccc8,0x00000000e0a80000)
Event: 14,251 GC heap after
Heap after GC invocations=15 (full 1):
 PSYoungGen      total 77312K, used 19941K [0x00000000f8000000, 0x0000000100000000, 0x0000000100000000)
  eden space 57344K, 0% used [0x00000000f8000000,0x00000000f8000000,0x00000000fb800000)
  from space 19968K, 99% used [0x00000000fec80000,0x00000000ffff9780,0x0000000100000000)
  to   space 36864K, 0% used [0x00000000fb800000,0x00000000fb800000,0x00000000fdc00000)
 ParOldGen       total 61952K, used 61717K [0x00000000e8000000, 0x00000000ebc80000, 0x00000000f8000000)
  object space 61952K, 99% used [0x00000000e8000000,0x00000000ebc455c0,0x00000000ebc80000)
 PSPermGen       total 49664K, used 49651K [0x00000000dda00000, 0x00000000e0a80000, 0x00000000e8000000)
  object space 49664K, 99% used [0x00000000dda00000,0x00000000e0a7ccc8,0x00000000e0a80000)
}
Event: 14,251 GC heap before
{Heap before GC invocations=16 (full 2):
 PSYoungGen      total 77312K, used 19941K [0x00000000f8000000, 0x0000000100000000, 0x0000000100000000)
  eden space 57344K, 0% used [0x00000000f8000000,0x00000000f8000000,0x00000000fb800000)
  from space 19968K, 99% used [0x00000000fec80000,0x00000000ffff9780,0x0000000100000000)
  to   space 36864K, 0% used [0x00000000fb800000,0x00000000fb800000,0x00000000fdc00000)
 ParOldGen       total 61952K, used 61717K [0x00000000e8000000, 0x00000000ebc80000, 0x00000000f8000000)
  object space 61952K, 99% used [0x00000000e8000000,0x00000000ebc455c0,0x00000000ebc80000)
 PSPermGen       total 49664K, used 49651K [0x00000000dda00000, 0x00000000e0a80000, 0x00000000e8000000)
  object space 49664K, 99% used [0x00000000dda00000,0x00000000e0a7ccc8,0x00000000e0a80000)
Event: 14,487 GC heap after
Heap after GC invocations=16 (full 2):
 PSYoungGen      total 77312K, used 6308K [0x00000000f8000000, 0x0000000100000000, 0x0000000100000000)
  eden space 57344K, 0% used [0x00000000f8000000,0x00000000f8000000,0x00000000fb800000)
  from space 19968K, 31% used [0x00000000fec80000,0x00000000ff2a91a8,0x0000000100000000)
  to   space 36864K, 0% used [0x00000000fb800000,0x00000000fb800000,0x00000000fdc00000)
 ParOldGen       total 102912K, used 61797K [0x00000000e8000000, 0x00000000ee480000, 0x00000000f8000000)
  object space 102912K, 60% used [0x00000000e8000000,0x00000000ebc59630,0x00000000ee480000)
 PSPermGen       total 93696K, used 49629K [0x00000000dda00000, 0x00000000e3580000, 0x00000000e8000000)
  object space 93696K, 52% used [0x00000000dda00000,0x00000000e0a776a0,0x00000000e3580000)
}

