# JRE version: OpenJDK Runtime Environment (7.0_65-b32) (build 1.7.0_65-b32)
# Java VM: OpenJDK 64-Bit Server VM (24.65-b04 mixed mode linux-amd64 compressed oops)
Heap
 PSYoungGen      total 77312K, used 54933K [0x00000000f8000000, 0x0000000100000000, 0x0000000100000000)
  eden space 58368K, 82% used [0x00000000f8000000,0x00000000faf26760,0x00000000fb900000)
  from space 18944K, 35% used [0x00000000fed80000,0x00000000ff3fef30,0x0000000100000000)
  to   space 36352K, 0% used [0x00000000fb900000,0x00000000fb900000,0x00000000fdc80000)
 ParOldGen       total 103424K, used 62406K [0x00000000e8000000, 0x00000000ee500000, 0x00000000f8000000)
  object space 103424K, 60% used [0x00000000e8000000,0x00000000ebcf1a08,0x00000000ee500000)
 PSPermGen       total 95232K, used 51006K [0x00000000dda00000, 0x00000000e3700000, 0x00000000e8000000)
  object space 95232K, 53% used [0x00000000dda00000,0x00000000e0bcfb00,0x00000000e3700000)
GC Heap History (10 events):
Event: 4,297 GC heap before
{Heap before GC invocations=12 (full 1):
 PSYoungGen      total 107520K, used 94633K [0x00000000f8000000, 0x0000000100000000, 0x0000000100000000)
  eden space 93184K, 100% used [0x00000000f8000000,0x00000000fdb00000,0x00000000fdb00000)
  from space 14336K, 10% used [0x00000000ff200000,0x00000000ff36a5a8,0x0000000100000000)
  to   space 18944K, 0% used [0x00000000fdb00000,0x00000000fdb00000,0x00000000fed80000)
 ParOldGen       total 49152K, used 27468K [0x00000000e8000000, 0x00000000eb000000, 0x00000000f8000000)
  object space 49152K, 55% used [0x00000000e8000000,0x00000000e9ad31b8,0x00000000eb000000)
 PSPermGen       total 23552K, used 12216K [0x00000000dda00000, 0x00000000df100000, 0x00000000e8000000)
  object space 23552K, 51% used [0x00000000dda00000,0x00000000de5ee000,0x00000000df100000)
Event: 4,308 GC heap after
Heap after GC invocations=12 (full 1):
 PSYoungGen      total 112128K, used 8356K [0x00000000f8000000, 0x0000000100000000, 0x0000000100000000)
  eden space 93184K, 0% used [0x00000000f8000000,0x00000000f8000000,0x00000000fdb00000)
  from space 18944K, 44% used [0x00000000fdb00000,0x00000000fe329230,0x00000000fed80000)
  to   space 18432K, 0% used [0x00000000fee00000,0x00000000fee00000,0x0000000100000000)
 ParOldGen       total 49152K, used 28108K [0x00000000e8000000, 0x00000000eb000000, 0x00000000f8000000)
  object space 49152K, 57% used [0x00000000e8000000,0x00000000e9b731b8,0x00000000eb000000)
 PSPermGen       total 23552K, used 12216K [0x00000000dda00000, 0x00000000df100000, 0x00000000e8000000)
  object space 23552K, 51% used [0x00000000dda00000,0x00000000de5ee000,0x00000000df100000)
}
Event: 5,292 GC heap before
{Heap before GC invocations=13 (full 1):
 PSYoungGen      total 112128K, used 101540K [0x00000000f8000000, 0x0000000100000000, 0x0000000100000000)
  eden space 93184K, 100% used [0x00000000f8000000,0x00000000fdb00000,0x00000000fdb00000)
  from space 18944K, 44% used [0x00000000fdb00000,0x00000000fe329230,0x00000000fed80000)
  to   space 18432K, 0% used [0x00000000fee00000,0x00000000fee00000,0x0000000100000000)
 ParOldGen       total 49152K, used 28108K [0x00000000e8000000, 0x00000000eb000000, 0x00000000f8000000)
  object space 49152K, 57% used [0x00000000e8000000,0x00000000e9b731b8,0x00000000eb000000)
 PSPermGen       total 23552K, used 21461K [0x00000000dda00000, 0x00000000df100000, 0x00000000e8000000)
  object space 23552K, 91% used [0x00000000dda00000,0x00000000deef54f8,0x00000000df100000)
Event: 5,305 GC heap after
Heap after GC invocations=13 (full 1):
 PSYoungGen      total 111616K, used 12845K [0x00000000f8000000, 0x0000000100000000, 0x0000000100000000)
  eden space 93184K, 0% used [0x00000000f8000000,0x00000000f8000000,0x00000000fdb00000)
  from space 18432K, 69% used [0x00000000fee00000,0x00000000ffa8b7f8,0x0000000100000000)
  to   space 18944K, 0% used [0x00000000fdb00000,0x00000000fdb00000,0x00000000fed80000)
 ParOldGen       total 49152K, used 28750K [0x00000000e8000000, 0x00000000eb000000, 0x00000000f8000000)
  object space 49152K, 58% used [0x00000000e8000000,0x00000000e9c138d0,0x00000000eb000000)
 PSPermGen       total 23552K, used 21461K [0x00000000dda00000, 0x00000000df100000, 0x00000000e8000000)
  object space 23552K, 91% used [0x00000000dda00000,0x00000000deef54f8,0x00000000df100000)
}
Event: 12,201 GC heap before
{Heap before GC invocations=14 (full 1):
 PSYoungGen      total 111616K, used 106029K [0x00000000f8000000, 0x0000000100000000, 0x0000000100000000)
  eden space 93184K, 100% used [0x00000000f8000000,0x00000000fdb00000,0x00000000fdb00000)
  from space 18432K, 69% used [0x00000000fee00000,0x00000000ffa8b7f8,0x0000000100000000)
  to   space 18944K, 0% used [0x00000000fdb00000,0x00000000fdb00000,0x00000000fed80000)
 ParOldGen       total 49152K, used 28750K [0x00000000e8000000, 0x00000000eb000000, 0x00000000f8000000)
  object space 49152K, 58% used [0x00000000e8000000,0x00000000e9c138d0,0x00000000eb000000)
 PSPermGen       total 39936K, used 39720K [0x00000000dda00000, 0x00000000e0100000, 0x00000000e8000000)
  object space 39936K, 99% used [0x00000000dda00000,0x00000000e00ca3f8,0x00000000e0100000)
Event: 12,232 GC heap after
Heap after GC invocations=14 (full 1):
 PSYoungGen      total 112128K, used 18940K [0x00000000f8000000, 0x0000000100000000, 0x0000000100000000)
  eden space 93184K, 0% used [0x00000000f8000000,0x00000000f8000000,0x00000000fdb00000)
  from space 18944K, 99% used [0x00000000fdb00000,0x00000000fed7f068,0x00000000fed80000)
  to   space 18944K, 0% used [0x00000000fed80000,0x00000000fed80000,0x0000000100000000)
 ParOldGen       total 49152K, used 34850K [0x00000000e8000000, 0x00000000eb000000, 0x00000000f8000000)
  object space 49152K, 70% used [0x00000000e8000000,0x00000000ea208900,0x00000000eb000000)
 PSPermGen       total 39936K, used 39720K [0x00000000dda00000, 0x00000000e0100000, 0x00000000e8000000)
  object space 39936K, 99% used [0x00000000dda00000,0x00000000e00ca3f8,0x00000000e0100000)
}
Event: 13,939 GC heap before
{Heap before GC invocations=15 (full 1):
 PSYoungGen      total 112128K, used 112124K [0x00000000f8000000, 0x0000000100000000, 0x0000000100000000)
  eden space 93184K, 100% used [0x00000000f8000000,0x00000000fdb00000,0x00000000fdb00000)
  from space 18944K, 99% used [0x00000000fdb00000,0x00000000fed7f068,0x00000000fed80000)
  to   space 18944K, 0% used [0x00000000fed80000,0x00000000fed80000,0x0000000100000000)
 ParOldGen       total 49152K, used 34850K [0x00000000e8000000, 0x00000000eb000000, 0x00000000f8000000)
  object space 49152K, 70% used [0x00000000e8000000,0x00000000ea208900,0x00000000eb000000)
 PSPermGen       total 50176K, used 49900K [0x00000000dda00000, 0x00000000e0b00000, 0x00000000e8000000)
  object space 50176K, 99% used [0x00000000dda00000,0x00000000e0abb238,0x00000000e0b00000)
Event: 13,983 GC heap after
Heap after GC invocations=15 (full 1):
 PSYoungGen      total 77312K, used 18938K [0x00000000f8000000, 0x0000000100000000, 0x0000000100000000)
  eden space 58368K, 0% used [0x00000000f8000000,0x00000000f8000000,0x00000000fb900000)
  from space 18944K, 99% used [0x00000000fed80000,0x00000000ffffe880,0x0000000100000000)
  to   space 36352K, 0% used [0x00000000fb900000,0x00000000fb900000,0x00000000fdc80000)
 ParOldGen       total 62464K, used 62377K [0x00000000e8000000, 0x00000000ebd00000, 0x00000000f8000000)
  object space 62464K, 99% used [0x00000000e8000000,0x00000000ebcea660,0x00000000ebd00000)
 PSPermGen       total 50176K, used 49900K [0x00000000dda00000, 0x00000000e0b00000, 0x00000000e8000000)
  object space 50176K, 99% used [0x00000000dda00000,0x00000000e0abb238,0x00000000e0b00000)
}
Event: 13,983 GC heap before
{Heap before GC invocations=16 (full 2):
 PSYoungGen      total 77312K, used 18938K [0x00000000f8000000, 0x0000000100000000, 0x0000000100000000)
  eden space 58368K, 0% used [0x00000000f8000000,0x00000000f8000000,0x00000000fb900000)
  from space 18944K, 99% used [0x00000000fed80000,0x00000000ffffe880,0x0000000100000000)
  to   space 36352K, 0% used [0x00000000fb900000,0x00000000fb900000,0x00000000fdc80000)
 ParOldGen       total 62464K, used 62377K [0x00000000e8000000, 0x00000000ebd00000, 0x00000000f8000000)
  object space 62464K, 99% used [0x00000000e8000000,0x00000000ebcea660,0x00000000ebd00000)
 PSPermGen       total 50176K, used 49900K [0x00000000dda00000, 0x00000000e0b00000, 0x00000000e8000000)
  object space 50176K, 99% used [0x00000000dda00000,0x00000000e0abb238,0x00000000e0b00000)
Event: 14,239 GC heap after
Heap after GC invocations=16 (full 2):
 PSYoungGen      total 77312K, used 6651K [0x00000000f8000000, 0x0000000100000000, 0x0000000100000000)
  eden space 58368K, 0% used [0x00000000f8000000,0x00000000f8000000,0x00000000fb900000)
  from space 18944K, 35% used [0x00000000fed80000,0x00000000ff3fef30,0x0000000100000000)
  to   space 36352K, 0% used [0x00000000fb900000,0x00000000fb900000,0x00000000fdc80000)
 ParOldGen       total 103424K, used 62406K [0x00000000e8000000, 0x00000000ee500000, 0x00000000f8000000)
  object space 103424K, 60% used [0x00000000e8000000,0x00000000ebcf1a08,0x00000000ee500000)
 PSPermGen       total 95232K, used 49878K [0x00000000dda00000, 0x00000000e3700000, 0x00000000e8000000)
  object space 95232K, 52% used [0x00000000dda00000,0x00000000e0ab5bf0,0x00000000e3700000)
}

