# JRE version: OpenJDK Runtime Environment (7.0_65-b32) (build 1.7.0_65-b32)
# Java VM: OpenJDK 64-Bit Server VM (24.65-b04 mixed mode linux-amd64 compressed oops)
Heap
 PSYoungGen      total 75264K, used 50707K [0x00000000f8000000, 0x0000000100000000, 0x0000000100000000)
  eden space 55296K, 78% used [0x00000000f8000000,0x00000000faa64890,0x00000000fb600000)
  from space 19968K, 36% used [0x00000000fec80000,0x00000000ff3a05b0,0x0000000100000000)
  to   space 37888K, 0% used [0x00000000fb600000,0x00000000fb600000,0x00000000fdb00000)
 ParOldGen       total 103936K, used 62833K [0x00000000e8000000, 0x00000000ee580000, 0x00000000f8000000)
  object space 103936K, 60% used [0x00000000e8000000,0x00000000ebd5c758,0x00000000ee580000)
 PSPermGen       total 94208K, used 50803K [0x00000000dda00000, 0x00000000e3600000, 0x00000000e8000000)
  object space 94208K, 53% used [0x00000000dda00000,0x00000000e0b9cfc8,0x00000000e3600000)
GC Heap History (10 events):
Event: 4,465 GC heap before
{Heap before GC invocations=12 (full 1):
 PSYoungGen      total 106496K, used 94116K [0x00000000f8000000, 0x0000000100000000, 0x0000000100000000)
  eden space 92160K, 100% used [0x00000000f8000000,0x00000000fda00000,0x00000000fda00000)
  from space 14336K, 13% used [0x00000000ff200000,0x00000000ff3e9310,0x0000000100000000)
  to   space 19456K, 0% used [0x00000000fda00000,0x00000000fda00000,0x00000000fed00000)
 ParOldGen       total 49664K, used 27310K [0x00000000e8000000, 0x00000000eb080000, 0x00000000f8000000)
  object space 49664K, 54% used [0x00000000e8000000,0x00000000e9aabb40,0x00000000eb080000)
 PSPermGen       total 24576K, used 12212K [0x00000000dda00000, 0x00000000df200000, 0x00000000e8000000)
  object space 24576K, 49% used [0x00000000dda00000,0x00000000de5ed090,0x00000000df200000)
Event: 4,477 GC heap after
Heap after GC invocations=12 (full 1):
 PSYoungGen      total 111616K, used 7982K [0x00000000f8000000, 0x0000000100000000, 0x0000000100000000)
  eden space 92160K, 0% used [0x00000000f8000000,0x00000000f8000000,0x00000000fda00000)
  from space 19456K, 41% used [0x00000000fda00000,0x00000000fe1cbbb8,0x00000000fed00000)
  to   space 18432K, 0% used [0x00000000fee00000,0x00000000fee00000,0x0000000100000000)
 ParOldGen       total 49664K, used 28718K [0x00000000e8000000, 0x00000000eb080000, 0x00000000f8000000)
  object space 49664K, 57% used [0x00000000e8000000,0x00000000e9c0bb40,0x00000000eb080000)
 PSPermGen       total 24576K, used 12212K [0x00000000dda00000, 0x00000000df200000, 0x00000000e8000000)
  object space 24576K, 49% used [0x00000000dda00000,0x00000000de5ed090,0x00000000df200000)
}
Event: 5,635 GC heap before
{Heap before GC invocations=13 (full 1):
 PSYoungGen      total 111616K, used 100142K [0x00000000f8000000, 0x0000000100000000, 0x0000000100000000)
  eden space 92160K, 100% used [0x00000000f8000000,0x00000000fda00000,0x00000000fda00000)
  from space 19456K, 41% used [0x00000000fda00000,0x00000000fe1cbbb8,0x00000000fed00000)
  to   space 18432K, 0% used [0x00000000fee00000,0x00000000fee00000,0x0000000100000000)
 ParOldGen       total 49664K, used 28718K [0x00000000e8000000, 0x00000000eb080000, 0x00000000f8000000)
  object space 49664K, 57% used [0x00000000e8000000,0x00000000e9c0bb40,0x00000000eb080000)
 PSPermGen       total 24576K, used 23128K [0x00000000dda00000, 0x00000000df200000, 0x00000000e8000000)
  object space 24576K, 94% used [0x00000000dda00000,0x00000000df096160,0x00000000df200000)
Event: 5,648 GC heap after
Heap after GC invocations=13 (full 1):
 PSYoungGen      total 109568K, used 14950K [0x00000000f8000000, 0x0000000100000000, 0x0000000100000000)
  eden space 91136K, 0% used [0x00000000f8000000,0x00000000f8000000,0x00000000fd900000)
  from space 18432K, 81% used [0x00000000fee00000,0x00000000ffc99860,0x0000000100000000)
  to   space 19968K, 0% used [0x00000000fd900000,0x00000000fd900000,0x00000000fec80000)
 ParOldGen       total 49664K, used 28944K [0x00000000e8000000, 0x00000000eb080000, 0x00000000f8000000)
  object space 49664K, 58% used [0x00000000e8000000,0x00000000e9c44228,0x00000000eb080000)
 PSPermGen       total 24576K, used 23128K [0x00000000dda00000, 0x00000000df200000, 0x00000000e8000000)
  object space 24576K, 94% used [0x00000000dda00000,0x00000000df096160,0x00000000df200000)
}
Event: 12,728 GC heap before
{Heap before GC invocations=14 (full 1):
 PSYoungGen      total 109568K, used 106086K [0x00000000f8000000, 0x0000000100000000, 0x0000000100000000)
  eden space 91136K, 100% used [0x00000000f8000000,0x00000000fd900000,0x00000000fd900000)
  from space 18432K, 81% used [0x00000000fee00000,0x00000000ffc99860,0x0000000100000000)
  to   space 19968K, 0% used [0x00000000fd900000,0x00000000fd900000,0x00000000fec80000)
 ParOldGen       total 49664K, used 28944K [0x00000000e8000000, 0x00000000eb080000, 0x00000000f8000000)
  object space 49664K, 58% used [0x00000000e8000000,0x00000000e9c44228,0x00000000eb080000)
 PSPermGen       total 40448K, used 40311K [0x00000000dda00000, 0x00000000e0180000, 0x00000000e8000000)
  object space 40448K, 99% used [0x00000000dda00000,0x00000000e015dd10,0x00000000e0180000)
Event: 12,759 GC heap after
Heap after GC invocations=14 (full 1):
 PSYoungGen      total 111104K, used 19955K [0x00000000f8000000, 0x0000000100000000, 0x0000000100000000)
  eden space 91136K, 0% used [0x00000000f8000000,0x00000000f8000000,0x00000000fd900000)
  from space 19968K, 99% used [0x00000000fd900000,0x00000000fec7cd50,0x00000000fec80000)
  to   space 19968K, 0% used [0x00000000fec80000,0x00000000fec80000,0x0000000100000000)
 ParOldGen       total 49664K, used 33641K [0x00000000e8000000, 0x00000000eb080000, 0x00000000f8000000)
  object space 49664K, 67% used [0x00000000e8000000,0x00000000ea0da5f8,0x00000000eb080000)
 PSPermGen       total 40448K, used 40311K [0x00000000dda00000, 0x00000000e0180000, 0x00000000e8000000)
  object space 40448K, 99% used [0x00000000dda00000,0x00000000e015dd10,0x00000000e0180000)
}
Event: 14,266 GC heap before
{Heap before GC invocations=15 (full 1):
 PSYoungGen      total 111104K, used 111091K [0x00000000f8000000, 0x0000000100000000, 0x0000000100000000)
  eden space 91136K, 100% used [0x00000000f8000000,0x00000000fd900000,0x00000000fd900000)
  from space 19968K, 99% used [0x00000000fd900000,0x00000000fec7cd50,0x00000000fec80000)
  to   space 19968K, 0% used [0x00000000fec80000,0x00000000fec80000,0x0000000100000000)
 ParOldGen       total 49664K, used 33641K [0x00000000e8000000, 0x00000000eb080000, 0x00000000f8000000)
  object space 49664K, 67% used [0x00000000e8000000,0x00000000ea0da5f8,0x00000000eb080000)
 PSPermGen       total 50176K, used 49896K [0x00000000dda00000, 0x00000000e0b00000, 0x00000000e8000000)
  object space 50176K, 99% used [0x00000000dda00000,0x00000000e0aba158,0x00000000e0b00000)
Event: 14,308 GC heap after
Heap after GC invocations=15 (full 1):
 PSYoungGen      total 75264K, used 19955K [0x00000000f8000000, 0x0000000100000000, 0x0000000100000000)
  eden space 55296K, 0% used [0x00000000f8000000,0x00000000f8000000,0x00000000fb600000)
  from space 19968K, 99% used [0x00000000fec80000,0x00000000ffffcd10,0x0000000100000000)
  to   space 37888K, 0% used [0x00000000fb600000,0x00000000fb600000,0x00000000fdb00000)
 ParOldGen       total 62976K, used 62672K [0x00000000e8000000, 0x00000000ebd80000, 0x00000000f8000000)
  object space 62976K, 99% used [0x00000000e8000000,0x00000000ebd341f0,0x00000000ebd80000)
 PSPermGen       total 50176K, used 49896K [0x00000000dda00000, 0x00000000e0b00000, 0x00000000e8000000)
  object space 50176K, 99% used [0x00000000dda00000,0x00000000e0aba158,0x00000000e0b00000)
}
Event: 14,308 GC heap before
{Heap before GC invocations=16 (full 2):
 PSYoungGen      total 75264K, used 19955K [0x00000000f8000000, 0x0000000100000000, 0x0000000100000000)
  eden space 55296K, 0% used [0x00000000f8000000,0x00000000f8000000,0x00000000fb600000)
  from space 19968K, 99% used [0x00000000fec80000,0x00000000ffffcd10,0x0000000100000000)
  to   space 37888K, 0% used [0x00000000fb600000,0x00000000fb600000,0x00000000fdb00000)
 ParOldGen       total 62976K, used 62672K [0x00000000e8000000, 0x00000000ebd80000, 0x00000000f8000000)
  object space 62976K, 99% used [0x00000000e8000000,0x00000000ebd341f0,0x00000000ebd80000)
 PSPermGen       total 50176K, used 49896K [0x00000000dda00000, 0x00000000e0b00000, 0x00000000e8000000)
  object space 50176K, 99% used [0x00000000dda00000,0x00000000e0aba158,0x00000000e0b00000)
Event: 14,568 GC heap after
Heap after GC invocations=16 (full 2):
 PSYoungGen      total 75264K, used 7297K [0x00000000f8000000, 0x0000000100000000, 0x0000000100000000)
  eden space 55296K, 0% used [0x00000000f8000000,0x00000000f8000000,0x00000000fb600000)
  from space 19968K, 36% used [0x00000000fec80000,0x00000000ff3a05b0,0x0000000100000000)
  to   space 37888K, 0% used [0x00000000fb600000,0x00000000fb600000,0x00000000fdb00000)
 ParOldGen       total 103936K, used 62833K [0x00000000e8000000, 0x00000000ee580000, 0x00000000f8000000)
  object space 103936K, 60% used [0x00000000e8000000,0x00000000ebd5c758,0x00000000ee580000)
 PSPermGen       total 94208K, used 49874K [0x00000000dda00000, 0x00000000e3600000, 0x00000000e8000000)
  object space 94208K, 52% used [0x00000000dda00000,0x00000000e0ab4ad0,0x00000000e3600000)
}

