# JRE version: OpenJDK Runtime Environment (7.0_65-b32) (build 1.7.0_65-b32)
# Java VM: OpenJDK 64-Bit Server VM (24.65-b04 mixed mode linux-amd64 compressed oops)
Heap
 PSYoungGen      total 98816K, used 46746K [0x00000000f8000000, 0x0000000100000000, 0x0000000100000000)
  eden space 66560K, 21% used [0x00000000f8000000,0x00000000f8e28768,0x00000000fc100000)
  from space 32256K, 99% used [0x00000000fc100000,0x00000000fe07e188,0x00000000fe080000)
  to   space 32256K, 0% used [0x00000000fe080000,0x00000000fe080000,0x0000000100000000)
 ParOldGen       total 79872K, used 55460K [0x00000000e8000000, 0x00000000ece00000, 0x00000000f8000000)
  object space 79872K, 69% used [0x00000000e8000000,0x00000000eb6291a0,0x00000000ece00000)
 PSPermGen       total 65024K, used 50427K [0x00000000dda00000, 0x00000000e1980000, 0x00000000e8000000)
  object space 65024K, 77% used [0x00000000dda00000,0x00000000e0b3ee08,0x00000000e1980000)
GC Heap History (10 events):
Event: 5,204 GC heap before
{Heap before GC invocations=11 (full 1):
 PSYoungGen      total 113664K, used 113650K [0x00000000f8000000, 0x0000000100000000, 0x0000000100000000)
  eden space 96256K, 100% used [0x00000000f8000000,0x00000000fde00000,0x00000000fde00000)
  from space 17408K, 99% used [0x00000000fde00000,0x00000000feefc880,0x00000000fef00000)
  to   space 17408K, 0% used [0x00000000fef00000,0x00000000fef00000,0x0000000100000000)
 ParOldGen       total 51200K, used 33389K [0x00000000e8000000, 0x00000000eb200000, 0x00000000f8000000)
  object space 51200K, 65% used [0x00000000e8000000,0x00000000ea09b578,0x00000000eb200000)
 PSPermGen       total 21504K, used 19474K [0x00000000dda00000, 0x00000000def00000, 0x00000000e8000000)
  object space 21504K, 90% used [0x00000000dda00000,0x00000000ded04838,0x00000000def00000)
Event: 5,221 GC heap after
Heap after GC invocations=11 (full 1):
 PSYoungGen      total 95232K, used 17400K [0x00000000f8000000, 0x0000000100000000, 0x0000000100000000)
  eden space 77824K, 0% used [0x00000000f8000000,0x00000000f8000000,0x00000000fcc00000)
  from space 17408K, 99% used [0x00000000fef00000,0x00000000ffffe158,0x0000000100000000)
  to   space 26624K, 0% used [0x00000000fcc00000,0x00000000fcc00000,0x00000000fe600000)
 ParOldGen       total 51200K, used 40378K [0x00000000e8000000, 0x00000000eb200000, 0x00000000f8000000)
  object space 51200K, 78% used [0x00000000e8000000,0x00000000ea76eb20,0x00000000eb200000)
 PSPermGen       total 21504K, used 19474K [0x00000000dda00000, 0x00000000def00000, 0x00000000e8000000)
  object space 21504K, 90% used [0x00000000dda00000,0x00000000ded04838,0x00000000def00000)
}
Event: 11,691 GC heap before
{Heap before GC invocations=12 (full 1):
 PSYoungGen      total 95232K, used 95224K [0x00000000f8000000, 0x0000000100000000, 0x0000000100000000)
  eden space 77824K, 100% used [0x00000000f8000000,0x00000000fcc00000,0x00000000fcc00000)
  from space 17408K, 99% used [0x00000000fef00000,0x00000000ffffe158,0x0000000100000000)
  to   space 26624K, 0% used [0x00000000fcc00000,0x00000000fcc00000,0x00000000fe600000)
 ParOldGen       total 51200K, used 40378K [0x00000000e8000000, 0x00000000eb200000, 0x00000000f8000000)
  object space 51200K, 78% used [0x00000000e8000000,0x00000000ea76eb20,0x00000000eb200000)
 PSPermGen       total 34816K, used 34635K [0x00000000dda00000, 0x00000000dfc00000, 0x00000000e8000000)
  object space 34816K, 99% used [0x00000000dda00000,0x00000000dfbd2e90,0x00000000dfc00000)
Event: 11,725 GC heap after
Heap after GC invocations=12 (full 1):
 PSYoungGen      total 101888K, used 23649K [0x00000000f8000000, 0x0000000100000000, 0x0000000100000000)
  eden space 77824K, 0% used [0x00000000f8000000,0x00000000f8000000,0x00000000fcc00000)
  from space 24064K, 98% used [0x00000000fcc00000,0x00000000fe318480,0x00000000fe380000)
  to   space 29184K, 0% used [0x00000000fe380000,0x00000000fe380000,0x0000000100000000)
 ParOldGen       total 51200K, used 50903K [0x00000000e8000000, 0x00000000eb200000, 0x00000000f8000000)
  object space 51200K, 99% used [0x00000000e8000000,0x00000000eb1b5d58,0x00000000eb200000)
 PSPermGen       total 34816K, used 34635K [0x00000000dda00000, 0x00000000dfc00000, 0x00000000e8000000)
  object space 34816K, 99% used [0x00000000dda00000,0x00000000dfbd2e90,0x00000000dfc00000)
}
Event: 11,725 GC heap before
{Heap before GC invocations=13 (full 2):
 PSYoungGen      total 101888K, used 23649K [0x00000000f8000000, 0x0000000100000000, 0x0000000100000000)
  eden space 77824K, 0% used [0x00000000f8000000,0x00000000f8000000,0x00000000fcc00000)
  from space 24064K, 98% used [0x00000000fcc00000,0x00000000fe318480,0x00000000fe380000)
  to   space 29184K, 0% used [0x00000000fe380000,0x00000000fe380000,0x0000000100000000)
 ParOldGen       total 51200K, used 50903K [0x00000000e8000000, 0x00000000eb200000, 0x00000000f8000000)
  object space 51200K, 99% used [0x00000000e8000000,0x00000000eb1b5d58,0x00000000eb200000)
 PSPermGen       total 34816K, used 34635K [0x00000000dda00000, 0x00000000dfc00000, 0x00000000e8000000)
  object space 34816K, 99% used [0x00000000dda00000,0x00000000dfbd2e90,0x00000000dfc00000)
Event: 11,940 GC heap after
Heap after GC invocations=13 (full 2):
 PSYoungGen      total 101888K, used 0K [0x00000000f8000000, 0x0000000100000000, 0x0000000100000000)
  eden space 77824K, 0% used [0x00000000f8000000,0x00000000f8000000,0x00000000fcc00000)
  from space 24064K, 0% used [0x00000000fcc00000,0x00000000fcc00000,0x00000000fe380000)
  to   space 29184K, 0% used [0x00000000fe380000,0x00000000fe380000,0x0000000100000000)
 ParOldGen       total 79872K, used 43168K [0x00000000e8000000, 0x00000000ece00000, 0x00000000f8000000)
  object space 79872K, 54% used [0x00000000e8000000,0x00000000eaa28098,0x00000000ece00000)
 PSPermGen       total 65024K, used 34621K [0x00000000dda00000, 0x00000000e1980000, 0x00000000e8000000)
  object space 65024K, 53% used [0x00000000dda00000,0x00000000dfbcf448,0x00000000e1980000)
}
Event: 14,058 GC heap before
{Heap before GC invocations=14 (full 2):
 PSYoungGen      total 101888K, used 77824K [0x00000000f8000000, 0x0000000100000000, 0x0000000100000000)
  eden space 77824K, 100% used [0x00000000f8000000,0x00000000fcc00000,0x00000000fcc00000)
  from space 24064K, 0% used [0x00000000fcc00000,0x00000000fcc00000,0x00000000fe380000)
  to   space 29184K, 0% used [0x00000000fe380000,0x00000000fe380000,0x0000000100000000)
 ParOldGen       total 79872K, used 43168K [0x00000000e8000000, 0x00000000ece00000, 0x00000000f8000000)
  object space 79872K, 54% used [0x00000000e8000000,0x00000000eaa28098,0x00000000ece00000)
 PSPermGen       total 65024K, used 49634K [0x00000000dda00000, 0x00000000e1980000, 0x00000000e8000000)
  object space 65024K, 76% used [0x00000000dda00000,0x00000000e0a788c8,0x00000000e1980000)
Event: 14,082 GC heap after
Heap after GC invocations=14 (full 2):
 PSYoungGen      total 95744K, used 22818K [0x00000000f8000000, 0x0000000100000000, 0x0000000100000000)
  eden space 66560K, 0% used [0x00000000f8000000,0x00000000f8000000,0x00000000fc100000)
  from space 29184K, 78% used [0x00000000fe380000,0x00000000ff9c8930,0x0000000100000000)
  to   space 32256K, 0% used [0x00000000fc100000,0x00000000fc100000,0x00000000fe080000)
 ParOldGen       total 79872K, used 43176K [0x00000000e8000000, 0x00000000ece00000, 0x00000000f8000000)
  object space 79872K, 54% used [0x00000000e8000000,0x00000000eaa2a098,0x00000000ece00000)
 PSPermGen       total 65024K, used 49634K [0x00000000dda00000, 0x00000000e1980000, 0x00000000e8000000)
  object space 65024K, 76% used [0x00000000dda00000,0x00000000e0a788c8,0x00000000e1980000)
}
Event: 14,491 GC heap before
{Heap before GC invocations=15 (full 2):
 PSYoungGen      total 95744K, used 89378K [0x00000000f8000000, 0x0000000100000000, 0x0000000100000000)
  eden space 66560K, 100% used [0x00000000f8000000,0x00000000fc100000,0x00000000fc100000)
  from space 29184K, 78% used [0x00000000fe380000,0x00000000ff9c8930,0x0000000100000000)
  to   space 32256K, 0% used [0x00000000fc100000,0x00000000fc100000,0x00000000fe080000)
 ParOldGen       total 79872K, used 43176K [0x00000000e8000000, 0x00000000ece00000, 0x00000000f8000000)
  object space 79872K, 54% used [0x00000000e8000000,0x00000000eaa2a098,0x00000000ece00000)
 PSPermGen       total 65024K, used 49643K [0x00000000dda00000, 0x00000000e1980000, 0x00000000e8000000)
  object space 65024K, 76% used [0x00000000dda00000,0x00000000e0a7aec8,0x00000000e1980000)
Event: 14,513 GC heap after
Heap after GC invocations=15 (full 2):
 PSYoungGen      total 98816K, used 32248K [0x00000000f8000000, 0x0000000100000000, 0x0000000100000000)
  eden space 66560K, 0% used [0x00000000f8000000,0x00000000f8000000,0x00000000fc100000)
  from space 32256K, 99% used [0x00000000fc100000,0x00000000fe07e188,0x00000000fe080000)
  to   space 32256K, 0% used [0x00000000fe080000,0x00000000fe080000,0x0000000100000000)
 ParOldGen       total 79872K, used 55460K [0x00000000e8000000, 0x00000000ece00000, 0x00000000f8000000)
  object space 79872K, 69% used [0x00000000e8000000,0x00000000eb6291a0,0x00000000ece00000)
 PSPermGen       total 65024K, used 49643K [0x00000000dda00000, 0x00000000e1980000, 0x00000000e8000000)
  object space 65024K, 76% used [0x00000000dda00000,0x00000000e0a7aec8,0x00000000e1980000)
}

