# JRE version: OpenJDK Runtime Environment (7.0_65-b32) (build 1.7.0_65-b32)
# Java VM: OpenJDK 64-Bit Server VM (24.65-b04 mixed mode linux-amd64 compressed oops)
Heap
 PSYoungGen      total 76800K, used 51154K [0x00000000f8000000, 0x0000000100000000, 0x0000000100000000)
  eden space 57344K, 78% used [0x00000000f8000000,0x00000000fabdaa50,0x00000000fb800000)
  from space 19456K, 32% used [0x00000000fed00000,0x00000000ff31a180,0x0000000100000000)
  to   space 36864K, 0% used [0x00000000fb800000,0x00000000fb800000,0x00000000fdc00000)
 ParOldGen       total 103424K, used 63195K [0x00000000e8000000, 0x00000000ee500000, 0x00000000f8000000)
  object space 103424K, 61% used [0x00000000e8000000,0x00000000ebdb6c90,0x00000000ee500000)
 PSPermGen       total 92672K, used 50081K [0x00000000dda00000, 0x00000000e3480000, 0x00000000e8000000)
  object space 92672K, 54% used [0x00000000dda00000,0x00000000e0ae8678,0x00000000e3480000)
GC Heap History (10 events):
Event: 5,146 GC heap before
{Heap before GC invocations=12 (full 1):
 PSYoungGen      total 106496K, used 94607K [0x00000000f8000000, 0x0000000100000000, 0x0000000100000000)
  eden space 92160K, 100% used [0x00000000f8000000,0x00000000fda00000,0x00000000fda00000)
  from space 14336K, 17% used [0x00000000ff200000,0x00000000ff463fb0,0x0000000100000000)
  to   space 19456K, 0% used [0x00000000fda00000,0x00000000fda00000,0x00000000fed00000)
 ParOldGen       total 50176K, used 27625K [0x00000000e8000000, 0x00000000eb100000, 0x00000000f8000000)
  object space 50176K, 55% used [0x00000000e8000000,0x00000000e9afa410,0x00000000eb100000)
 PSPermGen       total 24576K, used 12212K [0x00000000dda00000, 0x00000000df200000, 0x00000000e8000000)
  object space 24576K, 49% used [0x00000000dda00000,0x00000000de5ed2e0,0x00000000df200000)
Event: 5,161 GC heap after
Heap after GC invocations=12 (full 1):
 PSYoungGen      total 111616K, used 8522K [0x00000000f8000000, 0x0000000100000000, 0x0000000100000000)
  eden space 92160K, 0% used [0x00000000f8000000,0x00000000f8000000,0x00000000fda00000)
  from space 19456K, 43% used [0x00000000fda00000,0x00000000fe252bf8,0x00000000fed00000)
  to   space 18944K, 0% used [0x00000000fed80000,0x00000000fed80000,0x0000000100000000)
 ParOldGen       total 50176K, used 29641K [0x00000000e8000000, 0x00000000eb100000, 0x00000000f8000000)
  object space 50176K, 59% used [0x00000000e8000000,0x00000000e9cf2410,0x00000000eb100000)
 PSPermGen       total 24576K, used 12212K [0x00000000dda00000, 0x00000000df200000, 0x00000000e8000000)
  object space 24576K, 49% used [0x00000000dda00000,0x00000000de5ed2e0,0x00000000df200000)
}
Event: 6,234 GC heap before
{Heap before GC invocations=13 (full 1):
 PSYoungGen      total 111616K, used 100682K [0x00000000f8000000, 0x0000000100000000, 0x0000000100000000)
  eden space 92160K, 100% used [0x00000000f8000000,0x00000000fda00000,0x00000000fda00000)
  from space 19456K, 43% used [0x00000000fda00000,0x00000000fe252bf8,0x00000000fed00000)
  to   space 18944K, 0% used [0x00000000fed80000,0x00000000fed80000,0x0000000100000000)
 ParOldGen       total 50176K, used 29641K [0x00000000e8000000, 0x00000000eb100000, 0x00000000f8000000)
  object space 50176K, 59% used [0x00000000e8000000,0x00000000e9cf2410,0x00000000eb100000)
 PSPermGen       total 24576K, used 21605K [0x00000000dda00000, 0x00000000df200000, 0x00000000e8000000)
  object space 24576K, 87% used [0x00000000dda00000,0x00000000def19690,0x00000000df200000)
Event: 6,248 GC heap after
Heap after GC invocations=13 (full 1):
 PSYoungGen      total 111104K, used 13302K [0x00000000f8000000, 0x0000000100000000, 0x0000000100000000)
  eden space 92160K, 0% used [0x00000000f8000000,0x00000000f8000000,0x00000000fda00000)
  from space 18944K, 70% used [0x00000000fed80000,0x00000000ffa7d8d0,0x0000000100000000)
  to   space 19456K, 0% used [0x00000000fda00000,0x00000000fda00000,0x00000000fed00000)
 ParOldGen       total 50176K, used 29889K [0x00000000e8000000, 0x00000000eb100000, 0x00000000f8000000)
  object space 50176K, 59% used [0x00000000e8000000,0x00000000e9d30420,0x00000000eb100000)
 PSPermGen       total 24576K, used 21605K [0x00000000dda00000, 0x00000000df200000, 0x00000000e8000000)
  object space 24576K, 87% used [0x00000000dda00000,0x00000000def19690,0x00000000df200000)
}
Event: 13,645 GC heap before
{Heap before GC invocations=14 (full 1):
 PSYoungGen      total 111104K, used 105462K [0x00000000f8000000, 0x0000000100000000, 0x0000000100000000)
  eden space 92160K, 100% used [0x00000000f8000000,0x00000000fda00000,0x00000000fda00000)
  from space 18944K, 70% used [0x00000000fed80000,0x00000000ffa7d8d0,0x0000000100000000)
  to   space 19456K, 0% used [0x00000000fda00000,0x00000000fda00000,0x00000000fed00000)
 ParOldGen       total 50176K, used 29889K [0x00000000e8000000, 0x00000000eb100000, 0x00000000f8000000)
  object space 50176K, 59% used [0x00000000e8000000,0x00000000e9d30420,0x00000000eb100000)
 PSPermGen       total 39936K, used 39607K [0x00000000dda00000, 0x00000000e0100000, 0x00000000e8000000)
  object space 39936K, 99% used [0x00000000dda00000,0x00000000e00adc58,0x00000000e0100000)
Event: 13,700 GC heap after
Heap after GC invocations=14 (full 1):
 PSYoungGen      total 111616K, used 19425K [0x00000000f8000000, 0x0000000100000000, 0x0000000100000000)
  eden space 92160K, 0% used [0x00000000f8000000,0x00000000f8000000,0x00000000fda00000)
  from space 19456K, 99% used [0x00000000fda00000,0x00000000fecf8718,0x00000000fed00000)
  to   space 19456K, 0% used [0x00000000fed00000,0x00000000fed00000,0x0000000100000000)
 ParOldGen       total 50176K, used 35772K [0x00000000e8000000, 0x00000000eb100000, 0x00000000f8000000)
  object space 50176K, 71% used [0x00000000e8000000,0x00000000ea2ef160,0x00000000eb100000)
 PSPermGen       total 39936K, used 39607K [0x00000000dda00000, 0x00000000e0100000, 0x00000000e8000000)
  object space 39936K, 99% used [0x00000000dda00000,0x00000000e00adc58,0x00000000e0100000)
}
Event: 15,632 GC heap before
{Heap before GC invocations=15 (full 1):
 PSYoungGen      total 111616K, used 111585K [0x00000000f8000000, 0x0000000100000000, 0x0000000100000000)
  eden space 92160K, 100% used [0x00000000f8000000,0x00000000fda00000,0x00000000fda00000)
  from space 19456K, 99% used [0x00000000fda00000,0x00000000fecf8718,0x00000000fed00000)
  to   space 19456K, 0% used [0x00000000fed00000,0x00000000fed00000,0x0000000100000000)
 ParOldGen       total 50176K, used 35772K [0x00000000e8000000, 0x00000000eb100000, 0x00000000f8000000)
  object space 50176K, 71% used [0x00000000e8000000,0x00000000ea2ef160,0x00000000eb100000)
 PSPermGen       total 49664K, used 49308K [0x00000000dda00000, 0x00000000e0a80000, 0x00000000e8000000)
  object space 49664K, 99% used [0x00000000dda00000,0x00000000e0a270e8,0x00000000e0a80000)
Event: 15,676 GC heap after
Heap after GC invocations=15 (full 1):
 PSYoungGen      total 76800K, used 19433K [0x00000000f8000000, 0x0000000100000000, 0x0000000100000000)
  eden space 57344K, 0% used [0x00000000f8000000,0x00000000f8000000,0x00000000fb800000)
  from space 19456K, 99% used [0x00000000fed00000,0x00000000ffffa5a0,0x0000000100000000)
  to   space 36864K, 0% used [0x00000000fb800000,0x00000000fb800000,0x00000000fdc00000)
 ParOldGen       total 63488K, used 63113K [0x00000000e8000000, 0x00000000ebe00000, 0x00000000f8000000)
  object space 63488K, 99% used [0x00000000e8000000,0x00000000ebda26f8,0x00000000ebe00000)
 PSPermGen       total 49664K, used 49308K [0x00000000dda00000, 0x00000000e0a80000, 0x00000000e8000000)
  object space 49664K, 99% used [0x00000000dda00000,0x00000000e0a270e8,0x00000000e0a80000)
}
Event: 15,676 GC heap before
{Heap before GC invocations=16 (full 2):
 PSYoungGen      total 76800K, used 19433K [0x00000000f8000000, 0x0000000100000000, 0x0000000100000000)
  eden space 57344K, 0% used [0x00000000f8000000,0x00000000f8000000,0x00000000fb800000)
  from space 19456K, 99% used [0x00000000fed00000,0x00000000ffffa5a0,0x0000000100000000)
  to   space 36864K, 0% used [0x00000000fb800000,0x00000000fb800000,0x00000000fdc00000)
 ParOldGen       total 63488K, used 63113K [0x00000000e8000000, 0x00000000ebe00000, 0x00000000f8000000)
  object space 63488K, 99% used [0x00000000e8000000,0x00000000ebda26f8,0x00000000ebe00000)
 PSPermGen       total 49664K, used 49308K [0x00000000dda00000, 0x00000000e0a80000, 0x00000000e8000000)
  object space 49664K, 99% used [0x00000000dda00000,0x00000000e0a270e8,0x00000000e0a80000)
Event: 15,954 GC heap after
Heap after GC invocations=16 (full 2):
 PSYoungGen      total 76800K, used 6248K [0x00000000f8000000, 0x0000000100000000, 0x0000000100000000)
  eden space 57344K, 0% used [0x00000000f8000000,0x00000000f8000000,0x00000000fb800000)
  from space 19456K, 32% used [0x00000000fed00000,0x00000000ff31a180,0x0000000100000000)
  to   space 36864K, 0% used [0x00000000fb800000,0x00000000fb800000,0x00000000fdc00000)
 ParOldGen       total 103424K, used 63195K [0x00000000e8000000, 0x00000000ee500000, 0x00000000f8000000)
  object space 103424K, 61% used [0x00000000e8000000,0x00000000ebdb6c90,0x00000000ee500000)
 PSPermGen       total 92672K, used 49287K [0x00000000dda00000, 0x00000000e3480000, 0x00000000e8000000)
  object space 92672K, 53% used [0x00000000dda00000,0x00000000e0a21d20,0x00000000e3480000)
}

