# JRE version: OpenJDK Runtime Environment (7.0_65-b32) (build 1.7.0_65-b32)
# Java VM: OpenJDK 64-Bit Server VM (24.65-b04 mixed mode linux-amd64 compressed oops)
Heap
 PSYoungGen      total 75776K, used 47702K [0x00000000f8000000, 0x0000000100000000, 0x0000000100000000)
  eden space 56320K, 79% used [0x00000000f8000000,0x00000000fabbd428,0x00000000fb700000)
  from space 19456K, 14% used [0x00000000fed00000,0x00000000fefd8708,0x0000000100000000)
  to   space 37376K, 0% used [0x00000000fb700000,0x00000000fb700000,0x00000000fdb80000)
 ParOldGen       total 108544K, used 66206K [0x00000000e8000000, 0x00000000eea00000, 0x00000000f8000000)
  object space 108544K, 60% used [0x00000000e8000000,0x00000000ec0a78e0,0x00000000eea00000)
 PSPermGen       total 93184K, used 50092K [0x00000000dda00000, 0x00000000e3500000, 0x00000000e8000000)
  object space 93184K, 53% used [0x00000000dda00000,0x00000000e0aeb0c0,0x00000000e3500000)
GC Heap History (10 events):
Event: 4,932 GC heap before
{Heap before GC invocations=12 (full 1):
 PSYoungGen      total 106496K, used 96642K [0x00000000f8000000, 0x0000000100000000, 0x0000000100000000)
  eden space 92160K, 100% used [0x00000000f8000000,0x00000000fda00000,0x00000000fda00000)
  from space 14336K, 31% used [0x00000000ff200000,0x00000000ff660850,0x0000000100000000)
  to   space 19456K, 0% used [0x00000000fda00000,0x00000000fda00000,0x00000000fed00000)
 ParOldGen       total 50176K, used 27407K [0x00000000e8000000, 0x00000000eb100000, 0x00000000f8000000)
  object space 50176K, 54% used [0x00000000e8000000,0x00000000e9ac3c30,0x00000000eb100000)
 PSPermGen       total 24064K, used 12215K [0x00000000dda00000, 0x00000000df180000, 0x00000000e8000000)
  object space 24064K, 50% used [0x00000000dda00000,0x00000000de5edd08,0x00000000df180000)
Event: 4,950 GC heap after
Heap after GC invocations=12 (full 1):
 PSYoungGen      total 111616K, used 7890K [0x00000000f8000000, 0x0000000100000000, 0x0000000100000000)
  eden space 92160K, 0% used [0x00000000f8000000,0x00000000f8000000,0x00000000fda00000)
  from space 19456K, 40% used [0x00000000fda00000,0x00000000fe1b4938,0x00000000fed00000)
  to   space 18432K, 0% used [0x00000000fee00000,0x00000000fee00000,0x0000000100000000)
 ParOldGen       total 50176K, used 31331K [0x00000000e8000000, 0x00000000eb100000, 0x00000000f8000000)
  object space 50176K, 62% used [0x00000000e8000000,0x00000000e9e98c40,0x00000000eb100000)
 PSPermGen       total 24064K, used 12215K [0x00000000dda00000, 0x00000000df180000, 0x00000000e8000000)
  object space 24064K, 50% used [0x00000000dda00000,0x00000000de5edd08,0x00000000df180000)
}
Event: 6,038 GC heap before
{Heap before GC invocations=13 (full 1):
 PSYoungGen      total 111616K, used 100050K [0x00000000f8000000, 0x0000000100000000, 0x0000000100000000)
  eden space 92160K, 100% used [0x00000000f8000000,0x00000000fda00000,0x00000000fda00000)
  from space 19456K, 40% used [0x00000000fda00000,0x00000000fe1b4938,0x00000000fed00000)
  to   space 18432K, 0% used [0x00000000fee00000,0x00000000fee00000,0x0000000100000000)
 ParOldGen       total 50176K, used 31331K [0x00000000e8000000, 0x00000000eb100000, 0x00000000f8000000)
  object space 50176K, 62% used [0x00000000e8000000,0x00000000e9e98c40,0x00000000eb100000)
 PSPermGen       total 24064K, used 21291K [0x00000000dda00000, 0x00000000df180000, 0x00000000e8000000)
  object space 24064K, 88% used [0x00000000dda00000,0x00000000deecad90,0x00000000df180000)
Event: 6,049 GC heap after
Heap after GC invocations=13 (full 1):
 PSYoungGen      total 110592K, used 12839K [0x00000000f8000000, 0x0000000100000000, 0x0000000100000000)
  eden space 92160K, 0% used [0x00000000f8000000,0x00000000f8000000,0x00000000fda00000)
  from space 18432K, 69% used [0x00000000fee00000,0x00000000ffa89f70,0x0000000100000000)
  to   space 19456K, 0% used [0x00000000fda00000,0x00000000fda00000,0x00000000fed00000)
 ParOldGen       total 50176K, used 31561K [0x00000000e8000000, 0x00000000eb100000, 0x00000000f8000000)
  object space 50176K, 62% used [0x00000000e8000000,0x00000000e9ed27b0,0x00000000eb100000)
 PSPermGen       total 24064K, used 21291K [0x00000000dda00000, 0x00000000df180000, 0x00000000e8000000)
  object space 24064K, 88% used [0x00000000dda00000,0x00000000deecad90,0x00000000df180000)
}
Event: 13,365 GC heap before
{Heap before GC invocations=14 (full 1):
 PSYoungGen      total 110592K, used 104999K [0x00000000f8000000, 0x0000000100000000, 0x0000000100000000)
  eden space 92160K, 100% used [0x00000000f8000000,0x00000000fda00000,0x00000000fda00000)
  from space 18432K, 69% used [0x00000000fee00000,0x00000000ffa89f70,0x0000000100000000)
  to   space 19456K, 0% used [0x00000000fda00000,0x00000000fda00000,0x00000000fed00000)
 ParOldGen       total 50176K, used 31561K [0x00000000e8000000, 0x00000000eb100000, 0x00000000f8000000)
  object space 50176K, 62% used [0x00000000e8000000,0x00000000e9ed27b0,0x00000000eb100000)
 PSPermGen       total 39936K, used 39562K [0x00000000dda00000, 0x00000000e0100000, 0x00000000e8000000)
  object space 39936K, 99% used [0x00000000dda00000,0x00000000e00a2890,0x00000000e0100000)
Event: 13,422 GC heap after
Heap after GC invocations=14 (full 1):
 PSYoungGen      total 111616K, used 19448K [0x00000000f8000000, 0x0000000100000000, 0x0000000100000000)
  eden space 92160K, 0% used [0x00000000f8000000,0x00000000f8000000,0x00000000fda00000)
  from space 19456K, 99% used [0x00000000fda00000,0x00000000fecfe178,0x00000000fed00000)
  to   space 19456K, 0% used [0x00000000fed00000,0x00000000fed00000,0x0000000100000000)
 ParOldGen       total 50176K, used 37442K [0x00000000e8000000, 0x00000000eb100000, 0x00000000f8000000)
  object space 50176K, 74% used [0x00000000e8000000,0x00000000ea490b00,0x00000000eb100000)
 PSPermGen       total 39936K, used 39562K [0x00000000dda00000, 0x00000000e0100000, 0x00000000e8000000)
  object space 39936K, 99% used [0x00000000dda00000,0x00000000e00a2890,0x00000000e0100000)
}
Event: 15,300 GC heap before
{Heap before GC invocations=15 (full 1):
 PSYoungGen      total 111616K, used 111608K [0x00000000f8000000, 0x0000000100000000, 0x0000000100000000)
  eden space 92160K, 100% used [0x00000000f8000000,0x00000000fda00000,0x00000000fda00000)
  from space 19456K, 99% used [0x00000000fda00000,0x00000000fecfe178,0x00000000fed00000)
  to   space 19456K, 0% used [0x00000000fed00000,0x00000000fed00000,0x0000000100000000)
 ParOldGen       total 50176K, used 37442K [0x00000000e8000000, 0x00000000eb100000, 0x00000000f8000000)
  object space 50176K, 74% used [0x00000000e8000000,0x00000000ea490b00,0x00000000eb100000)
 PSPermGen       total 49664K, used 49319K [0x00000000dda00000, 0x00000000e0a80000, 0x00000000e8000000)
  object space 49664K, 99% used [0x00000000dda00000,0x00000000e0a29fe8,0x00000000e0a80000)
Event: 15,344 GC heap after
Heap after GC invocations=15 (full 1):
 PSYoungGen      total 75776K, used 19452K [0x00000000f8000000, 0x0000000100000000, 0x0000000100000000)
  eden space 56320K, 0% used [0x00000000f8000000,0x00000000f8000000,0x00000000fb700000)
  from space 19456K, 99% used [0x00000000fed00000,0x00000000fffff0c8,0x0000000100000000)
  to   space 37376K, 0% used [0x00000000fb700000,0x00000000fb700000,0x00000000fdb80000)
 ParOldGen       total 66560K, used 66200K [0x00000000e8000000, 0x00000000ec100000, 0x00000000f8000000)
  object space 66560K, 99% used [0x00000000e8000000,0x00000000ec0a60c0,0x00000000ec100000)
 PSPermGen       total 49664K, used 49319K [0x00000000dda00000, 0x00000000e0a80000, 0x00000000e8000000)
  object space 49664K, 99% used [0x00000000dda00000,0x00000000e0a29fe8,0x00000000e0a80000)
}
Event: 15,344 GC heap before
{Heap before GC invocations=16 (full 2):
 PSYoungGen      total 75776K, used 19452K [0x00000000f8000000, 0x0000000100000000, 0x0000000100000000)
  eden space 56320K, 0% used [0x00000000f8000000,0x00000000f8000000,0x00000000fb700000)
  from space 19456K, 99% used [0x00000000fed00000,0x00000000fffff0c8,0x0000000100000000)
  to   space 37376K, 0% used [0x00000000fb700000,0x00000000fb700000,0x00000000fdb80000)
 ParOldGen       total 66560K, used 66200K [0x00000000e8000000, 0x00000000ec100000, 0x00000000f8000000)
  object space 66560K, 99% used [0x00000000e8000000,0x00000000ec0a60c0,0x00000000ec100000)
 PSPermGen       total 49664K, used 49319K [0x00000000dda00000, 0x00000000e0a80000, 0x00000000e8000000)
  object space 49664K, 99% used [0x00000000dda00000,0x00000000e0a29fe8,0x00000000e0a80000)
Event: 15,638 GC heap after
Heap after GC invocations=16 (full 2):
 PSYoungGen      total 75776K, used 2913K [0x00000000f8000000, 0x0000000100000000, 0x0000000100000000)
  eden space 56320K, 0% used [0x00000000f8000000,0x00000000f8000000,0x00000000fb700000)
  from space 19456K, 14% used [0x00000000fed00000,0x00000000fefd8708,0x0000000100000000)
  to   space 37376K, 0% used [0x00000000fb700000,0x00000000fb700000,0x00000000fdb80000)
 ParOldGen       total 108544K, used 66206K [0x00000000e8000000, 0x00000000eea00000, 0x00000000f8000000)
  object space 108544K, 60% used [0x00000000e8000000,0x00000000ec0a78e0,0x00000000eea00000)
 PSPermGen       total 93184K, used 49299K [0x00000000dda00000, 0x00000000e3500000, 0x00000000e8000000)
  object space 93184K, 52% used [0x00000000dda00000,0x00000000e0a24c20,0x00000000e3500000)
}

