# JRE version: OpenJDK Runtime Environment (7.0_65-b32) (build 1.7.0_65-b32)
# Java VM: OpenJDK 64-Bit Server VM (24.65-b04 mixed mode linux-amd64 compressed oops)
Heap
 PSYoungGen      total 81920K, used 59216K [0x00000000f8000000, 0x0000000100000000, 0x0000000100000000)
  eden space 60416K, 98% used [0x00000000f8000000,0x00000000fb9d42d8,0x00000000fbb00000)
  from space 21504K, 0% used [0x00000000feb00000,0x00000000feb00000,0x0000000100000000)
  to   space 35328K, 0% used [0x00000000fbb00000,0x00000000fbb00000,0x00000000fdd80000)
 ParOldGen       total 110592K, used 63033K [0x00000000e8000000, 0x00000000eec00000, 0x00000000f8000000)
  object space 110592K, 56% used [0x00000000e8000000,0x00000000ebd8e610,0x00000000eec00000)
 PSPermGen       total 80384K, used 50094K [0x00000000dda00000, 0x00000000e2880000, 0x00000000e8000000)
  object space 80384K, 62% used [0x00000000dda00000,0x00000000e0aeb990,0x00000000e2880000)
GC Heap History (10 events):
Event: 9,887 GC heap before
{Heap before GC invocations=11 (full 1):
 PSYoungGen      total 114688K, used 114661K [0x00000000f8000000, 0x0000000100000000, 0x0000000100000000)
  eden space 98304K, 100% used [0x00000000f8000000,0x00000000fe000000,0x00000000fe000000)
  from space 16384K, 99% used [0x00000000fe000000,0x00000000feff9540,0x00000000ff000000)
  to   space 16384K, 0% used [0x00000000ff000000,0x00000000ff000000,0x0000000100000000)
 ParOldGen       total 50176K, used 32055K [0x00000000e8000000, 0x00000000eb100000, 0x00000000f8000000)
  object space 50176K, 63% used [0x00000000e8000000,0x00000000e9f4deb0,0x00000000eb100000)
 PSPermGen       total 21504K, used 18453K [0x00000000dda00000, 0x00000000def00000, 0x00000000e8000000)
  object space 21504K, 85% used [0x00000000dda00000,0x00000000dec05728,0x00000000def00000)
Event: 9,912 GC heap after
Heap after GC invocations=11 (full 1):
 PSYoungGen      total 104448K, used 14205K [0x00000000f8000000, 0x0000000100000000, 0x0000000100000000)
  eden space 88064K, 0% used [0x00000000f8000000,0x00000000f8000000,0x00000000fd600000)
  from space 16384K, 86% used [0x00000000ff000000,0x00000000ffddf500,0x0000000100000000)
  to   space 21504K, 0% used [0x00000000fd600000,0x00000000fd600000,0x00000000feb00000)
 ParOldGen       total 50176K, used 41171K [0x00000000e8000000, 0x00000000eb100000, 0x00000000f8000000)
  object space 50176K, 82% used [0x00000000e8000000,0x00000000ea834c40,0x00000000eb100000)
 PSPermGen       total 21504K, used 18453K [0x00000000dda00000, 0x00000000def00000, 0x00000000e8000000)
  object space 21504K, 85% used [0x00000000dda00000,0x00000000dec05728,0x00000000def00000)
}
Event: 9,912 GC heap before
{Heap before GC invocations=12 (full 2):
 PSYoungGen      total 104448K, used 14205K [0x00000000f8000000, 0x0000000100000000, 0x0000000100000000)
  eden space 88064K, 0% used [0x00000000f8000000,0x00000000f8000000,0x00000000fd600000)
  from space 16384K, 86% used [0x00000000ff000000,0x00000000ffddf500,0x0000000100000000)
  to   space 21504K, 0% used [0x00000000fd600000,0x00000000fd600000,0x00000000feb00000)
 ParOldGen       total 50176K, used 41171K [0x00000000e8000000, 0x00000000eb100000, 0x00000000f8000000)
  object space 50176K, 82% used [0x00000000e8000000,0x00000000ea834c40,0x00000000eb100000)
 PSPermGen       total 21504K, used 18453K [0x00000000dda00000, 0x00000000def00000, 0x00000000e8000000)
  object space 21504K, 85% used [0x00000000dda00000,0x00000000dec05728,0x00000000def00000)
Event: 10,065 GC heap after
Heap after GC invocations=12 (full 2):
 PSYoungGen      total 104448K, used 0K [0x00000000f8000000, 0x0000000100000000, 0x0000000100000000)
  eden space 88064K, 0% used [0x00000000f8000000,0x00000000f8000000,0x00000000fd600000)
  from space 16384K, 0% used [0x00000000ff000000,0x00000000ff000000,0x0000000100000000)
  to   space 21504K, 0% used [0x00000000fd600000,0x00000000fd600000,0x00000000feb00000)
 ParOldGen       total 66048K, used 33036K [0x00000000e8000000, 0x00000000ec080000, 0x00000000f8000000)
  object space 66048K, 50% used [0x00000000e8000000,0x00000000ea043250,0x00000000ec080000)
 PSPermGen       total 28160K, used 18451K [0x00000000dda00000, 0x00000000df580000, 0x00000000e8000000)
  object space 28160K, 65% used [0x00000000dda00000,0x00000000dec04c18,0x00000000df580000)
}
Event: 17,044 GC heap before
{Heap before GC invocations=13 (full 2):
 PSYoungGen      total 104448K, used 88064K [0x00000000f8000000, 0x0000000100000000, 0x0000000100000000)
  eden space 88064K, 100% used [0x00000000f8000000,0x00000000fd600000,0x00000000fd600000)
  from space 16384K, 0% used [0x00000000ff000000,0x00000000ff000000,0x0000000100000000)
  to   space 21504K, 0% used [0x00000000fd600000,0x00000000fd600000,0x00000000feb00000)
 ParOldGen       total 66048K, used 33036K [0x00000000e8000000, 0x00000000ec080000, 0x00000000f8000000)
  object space 66048K, 50% used [0x00000000e8000000,0x00000000ea043250,0x00000000ec080000)
 PSPermGen       total 36864K, used 36432K [0x00000000dda00000, 0x00000000dfe00000, 0x00000000e8000000)
  object space 36864K, 98% used [0x00000000dda00000,0x00000000dfd94068,0x00000000dfe00000)
Event: 17,079 GC heap after
Heap after GC invocations=13 (full 2):
 PSYoungGen      total 109568K, used 21495K [0x00000000f8000000, 0x0000000100000000, 0x0000000100000000)
  eden space 88064K, 0% used [0x00000000f8000000,0x00000000f8000000,0x00000000fd600000)
  from space 21504K, 99% used [0x00000000fd600000,0x00000000feafdee0,0x00000000feb00000)
  to   space 21504K, 0% used [0x00000000feb00000,0x00000000feb00000,0x0000000100000000)
 ParOldGen       total 66048K, used 34654K [0x00000000e8000000, 0x00000000ec080000, 0x00000000f8000000)
  object space 66048K, 52% used [0x00000000e8000000,0x00000000ea1d7820,0x00000000ec080000)
 PSPermGen       total 36864K, used 36432K [0x00000000dda00000, 0x00000000dfe00000, 0x00000000e8000000)
  object space 36864K, 98% used [0x00000000dda00000,0x00000000dfd94068,0x00000000dfe00000)
}
Event: 19,389 GC heap before
{Heap before GC invocations=14 (full 2):
 PSYoungGen      total 109568K, used 109559K [0x00000000f8000000, 0x0000000100000000, 0x0000000100000000)
  eden space 88064K, 100% used [0x00000000f8000000,0x00000000fd600000,0x00000000fd600000)
  from space 21504K, 99% used [0x00000000fd600000,0x00000000feafdee0,0x00000000feb00000)
  to   space 21504K, 0% used [0x00000000feb00000,0x00000000feb00000,0x0000000100000000)
 ParOldGen       total 66048K, used 34654K [0x00000000e8000000, 0x00000000ec080000, 0x00000000f8000000)
  object space 66048K, 52% used [0x00000000e8000000,0x00000000ea1d7820,0x00000000ec080000)
 PSPermGen       total 49664K, used 49320K [0x00000000dda00000, 0x00000000e0a80000, 0x00000000e8000000)
  object space 49664K, 99% used [0x00000000dda00000,0x00000000e0a2a090,0x00000000e0a80000)
Event: 19,424 GC heap after
Heap after GC invocations=14 (full 2):
 PSYoungGen      total 81920K, used 21492K [0x00000000f8000000, 0x0000000100000000, 0x0000000100000000)
  eden space 60416K, 0% used [0x00000000f8000000,0x00000000f8000000,0x00000000fbb00000)
  from space 21504K, 99% used [0x00000000feb00000,0x00000000ffffd1c8,0x0000000100000000)
  to   space 35328K, 0% used [0x00000000fbb00000,0x00000000fbb00000,0x00000000fdd80000)
 ParOldGen       total 66048K, used 54101K [0x00000000e8000000, 0x00000000ec080000, 0x00000000f8000000)
  object space 66048K, 81% used [0x00000000e8000000,0x00000000eb4d55a8,0x00000000ec080000)
 PSPermGen       total 49664K, used 49320K [0x00000000dda00000, 0x00000000e0a80000, 0x00000000e8000000)
  object space 49664K, 99% used [0x00000000dda00000,0x00000000e0a2a090,0x00000000e0a80000)
}
Event: 19,424 GC heap before
{Heap before GC invocations=15 (full 3):
 PSYoungGen      total 81920K, used 21492K [0x00000000f8000000, 0x0000000100000000, 0x0000000100000000)
  eden space 60416K, 0% used [0x00000000f8000000,0x00000000f8000000,0x00000000fbb00000)
  from space 21504K, 99% used [0x00000000feb00000,0x00000000ffffd1c8,0x0000000100000000)
  to   space 35328K, 0% used [0x00000000fbb00000,0x00000000fbb00000,0x00000000fdd80000)
 ParOldGen       total 66048K, used 54101K [0x00000000e8000000, 0x00000000ec080000, 0x00000000f8000000)
  object space 66048K, 81% used [0x00000000e8000000,0x00000000eb4d55a8,0x00000000ec080000)
 PSPermGen       total 49664K, used 49320K [0x00000000dda00000, 0x00000000e0a80000, 0x00000000e8000000)
  object space 49664K, 99% used [0x00000000dda00000,0x00000000e0a2a090,0x00000000e0a80000)
Event: 19,846 GC heap after
Heap after GC invocations=15 (full 3):
 PSYoungGen      total 81920K, used 0K [0x00000000f8000000, 0x0000000100000000, 0x0000000100000000)
  eden space 60416K, 0% used [0x00000000f8000000,0x00000000f8000000,0x00000000fbb00000)
  from space 21504K, 0% used [0x00000000feb00000,0x00000000feb00000,0x0000000100000000)
  to   space 35328K, 0% used [0x00000000fbb00000,0x00000000fbb00000,0x00000000fdd80000)
 ParOldGen       total 110592K, used 63033K [0x00000000e8000000, 0x00000000eec00000, 0x00000000f8000000)
  object space 110592K, 56% used [0x00000000e8000000,0x00000000ebd8e610,0x00000000eec00000)
 PSPermGen       total 80384K, used 49300K [0x00000000dda00000, 0x00000000e2880000, 0x00000000e8000000)
  object space 80384K, 61% used [0x00000000dda00000,0x00000000e0a25318,0x00000000e2880000)
}

