# JRE version: OpenJDK Runtime Environment (7.0_65-b32) (build 1.7.0_65-b32)
# Java VM: OpenJDK 64-Bit Server VM (24.65-b04 mixed mode linux-amd64 compressed oops)
Heap
 PSYoungGen      total 77824K, used 51727K [0x00000000f8000000, 0x0000000100000000, 0x0000000100000000)
  eden space 58368K, 81% used [0x00000000f8000000,0x00000000fae55518,0x00000000fb900000)
  from space 19456K, 22% used [0x00000000fed00000,0x00000000ff12e928,0x0000000100000000)
  to   space 36352K, 0% used [0x00000000fb900000,0x00000000fb900000,0x00000000fdc80000)
 ParOldGen       total 105472K, used 64141K [0x00000000e8000000, 0x00000000ee700000, 0x00000000f8000000)
  object space 105472K, 60% used [0x00000000e8000000,0x00000000ebea34f0,0x00000000ee700000)
 PSPermGen       total 92672K, used 50100K [0x00000000dda00000, 0x00000000e3480000, 0x00000000e8000000)
  object space 92672K, 54% used [0x00000000dda00000,0x00000000e0aed158,0x00000000e3480000)
GC Heap History (10 events):
Event: 5,366 GC heap before
{Heap before GC invocations=12 (full 1):
 PSYoungGen      total 105472K, used 96069K [0x00000000f8000000, 0x0000000100000000, 0x0000000100000000)
  eden space 91136K, 100% used [0x00000000f8000000,0x00000000fd900000,0x00000000fd900000)
  from space 14336K, 34% used [0x00000000ff200000,0x00000000ff6d14b8,0x0000000100000000)
  to   space 19968K, 0% used [0x00000000fd900000,0x00000000fd900000,0x00000000fec80000)
 ParOldGen       total 49664K, used 27356K [0x00000000e8000000, 0x00000000eb080000, 0x00000000f8000000)
  object space 49664K, 55% used [0x00000000e8000000,0x00000000e9ab70b8,0x00000000eb080000)
 PSPermGen       total 24576K, used 12213K [0x00000000dda00000, 0x00000000df200000, 0x00000000e8000000)
  object space 24576K, 49% used [0x00000000dda00000,0x00000000de5ed618,0x00000000df200000)
Event: 5,384 GC heap after
Heap after GC invocations=12 (full 1):
 PSYoungGen      total 111104K, used 7871K [0x00000000f8000000, 0x0000000100000000, 0x0000000100000000)
  eden space 91136K, 0% used [0x00000000f8000000,0x00000000f8000000,0x00000000fd900000)
  from space 19968K, 39% used [0x00000000fd900000,0x00000000fe0afd48,0x00000000fec80000)
  to   space 18432K, 0% used [0x00000000fee00000,0x00000000fee00000,0x0000000100000000)
 ParOldGen       total 49664K, used 31856K [0x00000000e8000000, 0x00000000eb080000, 0x00000000f8000000)
  object space 49664K, 64% used [0x00000000e8000000,0x00000000e9f1c0f8,0x00000000eb080000)
 PSPermGen       total 24576K, used 12213K [0x00000000dda00000, 0x00000000df200000, 0x00000000e8000000)
  object space 24576K, 49% used [0x00000000dda00000,0x00000000de5ed618,0x00000000df200000)
}
Event: 6,428 GC heap before
{Heap before GC invocations=13 (full 1):
 PSYoungGen      total 111104K, used 99007K [0x00000000f8000000, 0x0000000100000000, 0x0000000100000000)
  eden space 91136K, 100% used [0x00000000f8000000,0x00000000fd900000,0x00000000fd900000)
  from space 19968K, 39% used [0x00000000fd900000,0x00000000fe0afd48,0x00000000fec80000)
  to   space 18432K, 0% used [0x00000000fee00000,0x00000000fee00000,0x0000000100000000)
 ParOldGen       total 49664K, used 31856K [0x00000000e8000000, 0x00000000eb080000, 0x00000000f8000000)
  object space 49664K, 64% used [0x00000000e8000000,0x00000000e9f1c0f8,0x00000000eb080000)
 PSPermGen       total 24576K, used 20832K [0x00000000dda00000, 0x00000000df200000, 0x00000000e8000000)
  object space 24576K, 84% used [0x00000000dda00000,0x00000000dee581b8,0x00000000df200000)
Event: 6,442 GC heap after
Heap after GC invocations=13 (full 1):
 PSYoungGen      total 110592K, used 12483K [0x00000000f8000000, 0x0000000100000000, 0x0000000100000000)
  eden space 92160K, 0% used [0x00000000f8000000,0x00000000f8000000,0x00000000fda00000)
  from space 18432K, 67% used [0x00000000fee00000,0x00000000ffa30cb8,0x0000000100000000)
  to   space 19456K, 0% used [0x00000000fda00000,0x00000000fda00000,0x00000000fed00000)
 ParOldGen       total 49664K, used 32096K [0x00000000e8000000, 0x00000000eb080000, 0x00000000f8000000)
  object space 49664K, 64% used [0x00000000e8000000,0x00000000e9f58108,0x00000000eb080000)
 PSPermGen       total 24576K, used 20832K [0x00000000dda00000, 0x00000000df200000, 0x00000000e8000000)
  object space 24576K, 84% used [0x00000000dda00000,0x00000000dee581b8,0x00000000df200000)
}
Event: 13,661 GC heap before
{Heap before GC invocations=14 (full 1):
 PSYoungGen      total 110592K, used 104643K [0x00000000f8000000, 0x0000000100000000, 0x0000000100000000)
  eden space 92160K, 100% used [0x00000000f8000000,0x00000000fda00000,0x00000000fda00000)
  from space 18432K, 67% used [0x00000000fee00000,0x00000000ffa30cb8,0x0000000100000000)
  to   space 19456K, 0% used [0x00000000fda00000,0x00000000fda00000,0x00000000fed00000)
 ParOldGen       total 49664K, used 32096K [0x00000000e8000000, 0x00000000eb080000, 0x00000000f8000000)
  object space 49664K, 64% used [0x00000000e8000000,0x00000000e9f58108,0x00000000eb080000)
 PSPermGen       total 39936K, used 39464K [0x00000000dda00000, 0x00000000e0100000, 0x00000000e8000000)
  object space 39936K, 98% used [0x00000000dda00000,0x00000000e008a228,0x00000000e0100000)
Event: 13,699 GC heap after
Heap after GC invocations=14 (full 1):
 PSYoungGen      total 111616K, used 19447K [0x00000000f8000000, 0x0000000100000000, 0x0000000100000000)
  eden space 92160K, 0% used [0x00000000f8000000,0x00000000f8000000,0x00000000fda00000)
  from space 19456K, 99% used [0x00000000fda00000,0x00000000fecfdc48,0x00000000fed00000)
  to   space 19456K, 0% used [0x00000000fed00000,0x00000000fed00000,0x0000000100000000)
 ParOldGen       total 49664K, used 37950K [0x00000000e8000000, 0x00000000eb080000, 0x00000000f8000000)
  object space 49664K, 76% used [0x00000000e8000000,0x00000000ea50fbf8,0x00000000eb080000)
 PSPermGen       total 39936K, used 39464K [0x00000000dda00000, 0x00000000e0100000, 0x00000000e8000000)
  object space 39936K, 98% used [0x00000000dda00000,0x00000000e008a228,0x00000000e0100000)
}
Event: 15,775 GC heap before
{Heap before GC invocations=15 (full 1):
 PSYoungGen      total 111616K, used 111607K [0x00000000f8000000, 0x0000000100000000, 0x0000000100000000)
  eden space 92160K, 100% used [0x00000000f8000000,0x00000000fda00000,0x00000000fda00000)
  from space 19456K, 99% used [0x00000000fda00000,0x00000000fecfdc48,0x00000000fed00000)
  to   space 19456K, 0% used [0x00000000fed00000,0x00000000fed00000,0x0000000100000000)
 ParOldGen       total 49664K, used 37950K [0x00000000e8000000, 0x00000000eb080000, 0x00000000f8000000)
  object space 49664K, 76% used [0x00000000e8000000,0x00000000ea50fbf8,0x00000000eb080000)
 PSPermGen       total 49664K, used 49303K [0x00000000dda00000, 0x00000000e0a80000, 0x00000000e8000000)
  object space 49664K, 99% used [0x00000000dda00000,0x00000000e0a25c38,0x00000000e0a80000)
Event: 15,815 GC heap after
Heap after GC invocations=15 (full 1):
 PSYoungGen      total 77824K, used 19435K [0x00000000f8000000, 0x0000000100000000, 0x0000000100000000)
  eden space 58368K, 0% used [0x00000000f8000000,0x00000000f8000000,0x00000000fb900000)
  from space 19456K, 99% used [0x00000000fed00000,0x00000000ffffad10,0x0000000100000000)
  to   space 36352K, 0% used [0x00000000fb900000,0x00000000fb900000,0x00000000fdc80000)
 ParOldGen       total 64512K, used 64428K [0x00000000e8000000, 0x00000000ebf00000, 0x00000000f8000000)
  object space 64512K, 99% used [0x00000000e8000000,0x00000000ebeeb020,0x00000000ebf00000)
 PSPermGen       total 49664K, used 49303K [0x00000000dda00000, 0x00000000e0a80000, 0x00000000e8000000)
  object space 49664K, 99% used [0x00000000dda00000,0x00000000e0a25c38,0x00000000e0a80000)
}
Event: 15,815 GC heap before
{Heap before GC invocations=16 (full 2):
 PSYoungGen      total 77824K, used 19435K [0x00000000f8000000, 0x0000000100000000, 0x0000000100000000)
  eden space 58368K, 0% used [0x00000000f8000000,0x00000000f8000000,0x00000000fb900000)
  from space 19456K, 99% used [0x00000000fed00000,0x00000000ffffad10,0x0000000100000000)
  to   space 36352K, 0% used [0x00000000fb900000,0x00000000fb900000,0x00000000fdc80000)
 ParOldGen       total 64512K, used 64428K [0x00000000e8000000, 0x00000000ebf00000, 0x00000000f8000000)
  object space 64512K, 99% used [0x00000000e8000000,0x00000000ebeeb020,0x00000000ebf00000)
 PSPermGen       total 49664K, used 49303K [0x00000000dda00000, 0x00000000e0a80000, 0x00000000e8000000)
  object space 49664K, 99% used [0x00000000dda00000,0x00000000e0a25c38,0x00000000e0a80000)
Event: 16,101 GC heap after
Heap after GC invocations=16 (full 2):
 PSYoungGen      total 77824K, used 4282K [0x00000000f8000000, 0x0000000100000000, 0x0000000100000000)
  eden space 58368K, 0% used [0x00000000f8000000,0x00000000f8000000,0x00000000fb900000)
  from space 19456K, 22% used [0x00000000fed00000,0x00000000ff12e928,0x0000000100000000)
  to   space 36352K, 0% used [0x00000000fb900000,0x00000000fb900000,0x00000000fdc80000)
 ParOldGen       total 105472K, used 64141K [0x00000000e8000000, 0x00000000ee700000, 0x00000000f8000000)
  object space 105472K, 60% used [0x00000000e8000000,0x00000000ebea34f0,0x00000000ee700000)
 PSPermGen       total 92672K, used 49282K [0x00000000dda00000, 0x00000000e3480000, 0x00000000e8000000)
  object space 92672K, 53% used [0x00000000dda00000,0x00000000e0a20838,0x00000000e3480000)
}

