# JRE version: OpenJDK Runtime Environment (7.0_65-b32) (build 1.7.0_65-b32)
# Java VM: OpenJDK 64-Bit Server VM (24.65-b04 mixed mode linux-amd64 compressed oops)
Heap
 PSYoungGen      total 75776K, used 51210K [0x00000000f8000000, 0x0000000100000000, 0x0000000100000000)
  eden space 56320K, 80% used [0x00000000f8000000,0x00000000fac58820,0x00000000fb700000)
  from space 19456K, 29% used [0x00000000fed00000,0x00000000ff2aa168,0x0000000100000000)
  to   space 37376K, 0% used [0x00000000fb700000,0x00000000fb700000,0x00000000fdb80000)
 ParOldGen       total 105472K, used 63285K [0x00000000e8000000, 0x00000000ee700000, 0x00000000f8000000)
  object space 105472K, 60% used [0x00000000e8000000,0x00000000ebdcd600,0x00000000ee700000)
 PSPermGen       total 93184K, used 50098K [0x00000000dda00000, 0x00000000e3500000, 0x00000000e8000000)
  object space 93184K, 53% used [0x00000000dda00000,0x00000000e0aec8b0,0x00000000e3500000)
GC Heap History (10 events):
Event: 5,543 GC heap before
{Heap before GC invocations=12 (full 1):
 PSYoungGen      total 106496K, used 93614K [0x00000000f8000000, 0x0000000100000000, 0x0000000100000000)
  eden space 92160K, 100% used [0x00000000f8000000,0x00000000fda00000,0x00000000fda00000)
  from space 14336K, 10% used [0x00000000ff200000,0x00000000ff36bbe8,0x0000000100000000)
  to   space 19456K, 0% used [0x00000000fda00000,0x00000000fda00000,0x00000000fed00000)
 ParOldGen       total 50176K, used 27417K [0x00000000e8000000, 0x00000000eb100000, 0x00000000f8000000)
  object space 50176K, 54% used [0x00000000e8000000,0x00000000e9ac6490,0x00000000eb100000)
 PSPermGen       total 24576K, used 12212K [0x00000000dda00000, 0x00000000df200000, 0x00000000e8000000)
  object space 24576K, 49% used [0x00000000dda00000,0x00000000de5ed3b8,0x00000000df200000)
Event: 5,560 GC heap after
Heap after GC invocations=12 (full 1):
 PSYoungGen      total 111616K, used 8140K [0x00000000f8000000, 0x0000000100000000, 0x0000000100000000)
  eden space 92160K, 0% used [0x00000000f8000000,0x00000000f8000000,0x00000000fda00000)
  from space 19456K, 41% used [0x00000000fda00000,0x00000000fe1f33a8,0x00000000fed00000)
  to   space 18432K, 0% used [0x00000000fee00000,0x00000000fee00000,0x0000000100000000)
 ParOldGen       total 50176K, used 28377K [0x00000000e8000000, 0x00000000eb100000, 0x00000000f8000000)
  object space 50176K, 56% used [0x00000000e8000000,0x00000000e9bb6490,0x00000000eb100000)
 PSPermGen       total 24576K, used 12212K [0x00000000dda00000, 0x00000000df200000, 0x00000000e8000000)
  object space 24576K, 49% used [0x00000000dda00000,0x00000000de5ed3b8,0x00000000df200000)
}
Event: 6,769 GC heap before
{Heap before GC invocations=13 (full 1):
 PSYoungGen      total 111616K, used 100300K [0x00000000f8000000, 0x0000000100000000, 0x0000000100000000)
  eden space 92160K, 100% used [0x00000000f8000000,0x00000000fda00000,0x00000000fda00000)
  from space 19456K, 41% used [0x00000000fda00000,0x00000000fe1f33a8,0x00000000fed00000)
  to   space 18432K, 0% used [0x00000000fee00000,0x00000000fee00000,0x0000000100000000)
 ParOldGen       total 50176K, used 28377K [0x00000000e8000000, 0x00000000eb100000, 0x00000000f8000000)
  object space 50176K, 56% used [0x00000000e8000000,0x00000000e9bb6490,0x00000000eb100000)
 PSPermGen       total 24576K, used 21639K [0x00000000dda00000, 0x00000000df200000, 0x00000000e8000000)
  object space 24576K, 88% used [0x00000000dda00000,0x00000000def21e28,0x00000000df200000)
Event: 6,784 GC heap after
Heap after GC invocations=13 (full 1):
 PSYoungGen      total 110592K, used 13283K [0x00000000f8000000, 0x0000000100000000, 0x0000000100000000)
  eden space 92160K, 0% used [0x00000000f8000000,0x00000000f8000000,0x00000000fda00000)
  from space 18432K, 72% used [0x00000000fee00000,0x00000000ffaf8f78,0x0000000100000000)
  to   space 19456K, 0% used [0x00000000fda00000,0x00000000fda00000,0x00000000fed00000)
 ParOldGen       total 50176K, used 28673K [0x00000000e8000000, 0x00000000eb100000, 0x00000000f8000000)
  object space 50176K, 57% used [0x00000000e8000000,0x00000000e9c004a0,0x00000000eb100000)
 PSPermGen       total 24576K, used 21639K [0x00000000dda00000, 0x00000000df200000, 0x00000000e8000000)
  object space 24576K, 88% used [0x00000000dda00000,0x00000000def21e28,0x00000000df200000)
}
Event: 14,062 GC heap before
{Heap before GC invocations=14 (full 1):
 PSYoungGen      total 110592K, used 105443K [0x00000000f8000000, 0x0000000100000000, 0x0000000100000000)
  eden space 92160K, 100% used [0x00000000f8000000,0x00000000fda00000,0x00000000fda00000)
  from space 18432K, 72% used [0x00000000fee00000,0x00000000ffaf8f78,0x0000000100000000)
  to   space 19456K, 0% used [0x00000000fda00000,0x00000000fda00000,0x00000000fed00000)
 ParOldGen       total 50176K, used 28673K [0x00000000e8000000, 0x00000000eb100000, 0x00000000f8000000)
  object space 50176K, 57% used [0x00000000e8000000,0x00000000e9c004a0,0x00000000eb100000)
 PSPermGen       total 39936K, used 39615K [0x00000000dda00000, 0x00000000e0100000, 0x00000000e8000000)
  object space 39936K, 99% used [0x00000000dda00000,0x00000000e00afd60,0x00000000e0100000)
Event: 14,117 GC heap after
Heap after GC invocations=14 (full 1):
 PSYoungGen      total 111616K, used 19453K [0x00000000f8000000, 0x0000000100000000, 0x0000000100000000)
  eden space 92160K, 0% used [0x00000000f8000000,0x00000000f8000000,0x00000000fda00000)
  from space 19456K, 99% used [0x00000000fda00000,0x00000000fecff670,0x00000000fed00000)
  to   space 19456K, 0% used [0x00000000fed00000,0x00000000fed00000,0x0000000100000000)
 ParOldGen       total 50176K, used 34485K [0x00000000e8000000, 0x00000000eb100000, 0x00000000f8000000)
  object space 50176K, 68% used [0x00000000e8000000,0x00000000ea1ad598,0x00000000eb100000)
 PSPermGen       total 39936K, used 39615K [0x00000000dda00000, 0x00000000e0100000, 0x00000000e8000000)
  object space 39936K, 99% used [0x00000000dda00000,0x00000000e00afd60,0x00000000e0100000)
}
Event: 15,926 GC heap before
{Heap before GC invocations=15 (full 1):
 PSYoungGen      total 111616K, used 111613K [0x00000000f8000000, 0x0000000100000000, 0x0000000100000000)
  eden space 92160K, 100% used [0x00000000f8000000,0x00000000fda00000,0x00000000fda00000)
  from space 19456K, 99% used [0x00000000fda00000,0x00000000fecff670,0x00000000fed00000)
  to   space 19456K, 0% used [0x00000000fed00000,0x00000000fed00000,0x0000000100000000)
 ParOldGen       total 50176K, used 34485K [0x00000000e8000000, 0x00000000eb100000, 0x00000000f8000000)
  object space 50176K, 68% used [0x00000000e8000000,0x00000000ea1ad598,0x00000000eb100000)
 PSPermGen       total 49664K, used 49320K [0x00000000dda00000, 0x00000000e0a80000, 0x00000000e8000000)
  object space 49664K, 99% used [0x00000000dda00000,0x00000000e0a2a2e0,0x00000000e0a80000)
Event: 15,984 GC heap after
Heap after GC invocations=15 (full 1):
 PSYoungGen      total 75776K, used 19450K [0x00000000f8000000, 0x0000000100000000, 0x0000000100000000)
  eden space 56320K, 0% used [0x00000000f8000000,0x00000000f8000000,0x00000000fb700000)
  from space 19456K, 99% used [0x00000000fed00000,0x00000000ffffeb60,0x0000000100000000)
  to   space 37376K, 0% used [0x00000000fb700000,0x00000000fb700000,0x00000000fdb80000)
 ParOldGen       total 63488K, used 63175K [0x00000000e8000000, 0x00000000ebe00000, 0x00000000f8000000)
  object space 63488K, 99% used [0x00000000e8000000,0x00000000ebdb1d58,0x00000000ebe00000)
 PSPermGen       total 49664K, used 49320K [0x00000000dda00000, 0x00000000e0a80000, 0x00000000e8000000)
  object space 49664K, 99% used [0x00000000dda00000,0x00000000e0a2a2e0,0x00000000e0a80000)
}
Event: 15,984 GC heap before
{Heap before GC invocations=16 (full 2):
 PSYoungGen      total 75776K, used 19450K [0x00000000f8000000, 0x0000000100000000, 0x0000000100000000)
  eden space 56320K, 0% used [0x00000000f8000000,0x00000000f8000000,0x00000000fb700000)
  from space 19456K, 99% used [0x00000000fed00000,0x00000000ffffeb60,0x0000000100000000)
  to   space 37376K, 0% used [0x00000000fb700000,0x00000000fb700000,0x00000000fdb80000)
 ParOldGen       total 63488K, used 63175K [0x00000000e8000000, 0x00000000ebe00000, 0x00000000f8000000)
  object space 63488K, 99% used [0x00000000e8000000,0x00000000ebdb1d58,0x00000000ebe00000)
 PSPermGen       total 49664K, used 49320K [0x00000000dda00000, 0x00000000e0a80000, 0x00000000e8000000)
  object space 49664K, 99% used [0x00000000dda00000,0x00000000e0a2a2e0,0x00000000e0a80000)
Event: 16,285 GC heap after
Heap after GC invocations=16 (full 2):
 PSYoungGen      total 75776K, used 5800K [0x00000000f8000000, 0x0000000100000000, 0x0000000100000000)
  eden space 56320K, 0% used [0x00000000f8000000,0x00000000f8000000,0x00000000fb700000)
  from space 19456K, 29% used [0x00000000fed00000,0x00000000ff2aa168,0x0000000100000000)
  to   space 37376K, 0% used [0x00000000fb700000,0x00000000fb700000,0x00000000fdb80000)
 ParOldGen       total 105472K, used 63285K [0x00000000e8000000, 0x00000000ee700000, 0x00000000f8000000)
  object space 105472K, 60% used [0x00000000e8000000,0x00000000ebdcd600,0x00000000ee700000)
 PSPermGen       total 93184K, used 49299K [0x00000000dda00000, 0x00000000e3500000, 0x00000000e8000000)
  object space 93184K, 52% used [0x00000000dda00000,0x00000000e0a24ed8,0x00000000e3500000)
}

