# JRE version: OpenJDK Runtime Environment (7.0_65-b32) (build 1.7.0_65-b32)
# Java VM: OpenJDK 64-Bit Server VM (24.65-b04 mixed mode linux-amd64 compressed oops)
Heap
 PSYoungGen      total 75264K, used 47065K [0x00000000f8000000, 0x0000000100000000, 0x0000000100000000)
  eden space 56320K, 76% used [0x00000000f8000000,0x00000000faa3b028,0x00000000fb700000)
  from space 18944K, 20% used [0x00000000fed80000,0x00000000ff13b7d0,0x0000000100000000)
  to   space 37376K, 0% used [0x00000000fb700000,0x00000000fb700000,0x00000000fdb80000)
 ParOldGen       total 108032K, used 66356K [0x00000000e8000000, 0x00000000ee980000, 0x00000000f8000000)
  object space 108032K, 61% used [0x00000000e8000000,0x00000000ec0cd3f8,0x00000000ee980000)
 PSPermGen       total 93696K, used 50093K [0x00000000dda00000, 0x00000000e3580000, 0x00000000e8000000)
  object space 93696K, 53% used [0x00000000dda00000,0x00000000e0aeb438,0x00000000e3580000)
GC Heap History (10 events):
Event: 5,365 GC heap before
{Heap before GC invocations=12 (full 1):
 PSYoungGen      total 106496K, used 94627K [0x00000000f8000000, 0x0000000100000000, 0x0000000100000000)
  eden space 92160K, 100% used [0x00000000f8000000,0x00000000fda00000,0x00000000fda00000)
  from space 14336K, 17% used [0x00000000ff200000,0x00000000ff468c18,0x0000000100000000)
  to   space 19456K, 0% used [0x00000000fda00000,0x00000000fda00000,0x00000000fed00000)
 ParOldGen       total 49152K, used 27269K [0x00000000e8000000, 0x00000000eb000000, 0x00000000f8000000)
  object space 49152K, 55% used [0x00000000e8000000,0x00000000e9aa17e8,0x00000000eb000000)
 PSPermGen       total 23552K, used 12213K [0x00000000dda00000, 0x00000000df100000, 0x00000000e8000000)
  object space 23552K, 51% used [0x00000000dda00000,0x00000000de5ed508,0x00000000df100000)
Event: 5,378 GC heap after
Heap after GC invocations=12 (full 1):
 PSYoungGen      total 111616K, used 7919K [0x00000000f8000000, 0x0000000100000000, 0x0000000100000000)
  eden space 92160K, 0% used [0x00000000f8000000,0x00000000f8000000,0x00000000fda00000)
  from space 19456K, 40% used [0x00000000fda00000,0x00000000fe1bbef8,0x00000000fed00000)
  to   space 18432K, 0% used [0x00000000fee00000,0x00000000fee00000,0x0000000100000000)
 ParOldGen       total 49152K, used 29085K [0x00000000e8000000, 0x00000000eb000000, 0x00000000f8000000)
  object space 49152K, 59% used [0x00000000e8000000,0x00000000e9c677e8,0x00000000eb000000)
 PSPermGen       total 23552K, used 12213K [0x00000000dda00000, 0x00000000df100000, 0x00000000e8000000)
  object space 23552K, 51% used [0x00000000dda00000,0x00000000de5ed508,0x00000000df100000)
}
Event: 6,358 GC heap before
{Heap before GC invocations=13 (full 1):
 PSYoungGen      total 111616K, used 100079K [0x00000000f8000000, 0x0000000100000000, 0x0000000100000000)
  eden space 92160K, 100% used [0x00000000f8000000,0x00000000fda00000,0x00000000fda00000)
  from space 19456K, 40% used [0x00000000fda00000,0x00000000fe1bbef8,0x00000000fed00000)
  to   space 18432K, 0% used [0x00000000fee00000,0x00000000fee00000,0x0000000100000000)
 ParOldGen       total 49152K, used 29085K [0x00000000e8000000, 0x00000000eb000000, 0x00000000f8000000)
  object space 49152K, 59% used [0x00000000e8000000,0x00000000e9c677e8,0x00000000eb000000)
 PSPermGen       total 23552K, used 20660K [0x00000000dda00000, 0x00000000df100000, 0x00000000e8000000)
  object space 23552K, 87% used [0x00000000dda00000,0x00000000dee2d238,0x00000000df100000)
Event: 6,369 GC heap after
Heap after GC invocations=13 (full 1):
 PSYoungGen      total 111616K, used 12461K [0x00000000f8000000, 0x0000000100000000, 0x0000000100000000)
  eden space 93184K, 0% used [0x00000000f8000000,0x00000000f8000000,0x00000000fdb00000)
  from space 18432K, 67% used [0x00000000fee00000,0x00000000ffa2b550,0x0000000100000000)
  to   space 18944K, 0% used [0x00000000fdb00000,0x00000000fdb00000,0x00000000fed80000)
 ParOldGen       total 49152K, used 29362K [0x00000000e8000000, 0x00000000eb000000, 0x00000000f8000000)
  object space 49152K, 59% used [0x00000000e8000000,0x00000000e9cacbd0,0x00000000eb000000)
 PSPermGen       total 23552K, used 20660K [0x00000000dda00000, 0x00000000df100000, 0x00000000e8000000)
  object space 23552K, 87% used [0x00000000dda00000,0x00000000dee2d238,0x00000000df100000)
}
Event: 13,677 GC heap before
{Heap before GC invocations=14 (full 1):
 PSYoungGen      total 111616K, used 105645K [0x00000000f8000000, 0x0000000100000000, 0x0000000100000000)
  eden space 93184K, 100% used [0x00000000f8000000,0x00000000fdb00000,0x00000000fdb00000)
  from space 18432K, 67% used [0x00000000fee00000,0x00000000ffa2b550,0x0000000100000000)
  to   space 18944K, 0% used [0x00000000fdb00000,0x00000000fdb00000,0x00000000fed80000)
 ParOldGen       total 49152K, used 29362K [0x00000000e8000000, 0x00000000eb000000, 0x00000000f8000000)
  object space 49152K, 59% used [0x00000000e8000000,0x00000000e9cacbd0,0x00000000eb000000)
 PSPermGen       total 39936K, used 39616K [0x00000000dda00000, 0x00000000e0100000, 0x00000000e8000000)
  object space 39936K, 99% used [0x00000000dda00000,0x00000000e00b0178,0x00000000e0100000)
Event: 13,738 GC heap after
Heap after GC invocations=14 (full 1):
 PSYoungGen      total 112128K, used 18938K [0x00000000f8000000, 0x0000000100000000, 0x0000000100000000)
  eden space 93184K, 0% used [0x00000000f8000000,0x00000000f8000000,0x00000000fdb00000)
  from space 18944K, 99% used [0x00000000fdb00000,0x00000000fed7eb88,0x00000000fed80000)
  to   space 18944K, 0% used [0x00000000fed80000,0x00000000fed80000,0x0000000100000000)
 ParOldGen       total 49152K, used 36396K [0x00000000e8000000, 0x00000000eb000000, 0x00000000f8000000)
  object space 49152K, 74% used [0x00000000e8000000,0x00000000ea38b2a8,0x00000000eb000000)
 PSPermGen       total 39936K, used 39616K [0x00000000dda00000, 0x00000000e0100000, 0x00000000e8000000)
  object space 39936K, 99% used [0x00000000dda00000,0x00000000e00b0178,0x00000000e0100000)
}
Event: 15,656 GC heap before
{Heap before GC invocations=15 (full 1):
 PSYoungGen      total 112128K, used 112122K [0x00000000f8000000, 0x0000000100000000, 0x0000000100000000)
  eden space 93184K, 100% used [0x00000000f8000000,0x00000000fdb00000,0x00000000fdb00000)
  from space 18944K, 99% used [0x00000000fdb00000,0x00000000fed7eb88,0x00000000fed80000)
  to   space 18944K, 0% used [0x00000000fed80000,0x00000000fed80000,0x0000000100000000)
 ParOldGen       total 49152K, used 36396K [0x00000000e8000000, 0x00000000eb000000, 0x00000000f8000000)
  object space 49152K, 74% used [0x00000000e8000000,0x00000000ea38b2a8,0x00000000eb000000)
 PSPermGen       total 49664K, used 49299K [0x00000000dda00000, 0x00000000e0a80000, 0x00000000e8000000)
  object space 49664K, 99% used [0x00000000dda00000,0x00000000e0a24ca8,0x00000000e0a80000)
Event: 15,701 GC heap after
Heap after GC invocations=15 (full 1):
 PSYoungGen      total 75264K, used 18939K [0x00000000f8000000, 0x0000000100000000, 0x0000000100000000)
  eden space 56320K, 0% used [0x00000000f8000000,0x00000000f8000000,0x00000000fb700000)
  from space 18944K, 99% used [0x00000000fed80000,0x00000000ffffed48,0x0000000100000000)
  to   space 37376K, 0% used [0x00000000fb700000,0x00000000fb700000,0x00000000fdb80000)
 ParOldGen       total 66560K, used 66559K [0x00000000e8000000, 0x00000000ec100000, 0x00000000f8000000)
  object space 66560K, 99% used [0x00000000e8000000,0x00000000ec0fff50,0x00000000ec100000)
 PSPermGen       total 49664K, used 49299K [0x00000000dda00000, 0x00000000e0a80000, 0x00000000e8000000)
  object space 49664K, 99% used [0x00000000dda00000,0x00000000e0a24ca8,0x00000000e0a80000)
}
Event: 15,701 GC heap before
{Heap before GC invocations=16 (full 2):
 PSYoungGen      total 75264K, used 18939K [0x00000000f8000000, 0x0000000100000000, 0x0000000100000000)
  eden space 56320K, 0% used [0x00000000f8000000,0x00000000f8000000,0x00000000fb700000)
  from space 18944K, 99% used [0x00000000fed80000,0x00000000ffffed48,0x0000000100000000)
  to   space 37376K, 0% used [0x00000000fb700000,0x00000000fb700000,0x00000000fdb80000)
 ParOldGen       total 66560K, used 66559K [0x00000000e8000000, 0x00000000ec100000, 0x00000000f8000000)
  object space 66560K, 99% used [0x00000000e8000000,0x00000000ec0fff50,0x00000000ec100000)
 PSPermGen       total 49664K, used 49299K [0x00000000dda00000, 0x00000000e0a80000, 0x00000000e8000000)
  object space 49664K, 99% used [0x00000000dda00000,0x00000000e0a24ca8,0x00000000e0a80000)
Event: 15,952 GC heap after
Heap after GC invocations=16 (full 2):
 PSYoungGen      total 75264K, used 3821K [0x00000000f8000000, 0x0000000100000000, 0x0000000100000000)
  eden space 56320K, 0% used [0x00000000f8000000,0x00000000f8000000,0x00000000fb700000)
  from space 18944K, 20% used [0x00000000fed80000,0x00000000ff13b7d0,0x0000000100000000)
  to   space 37376K, 0% used [0x00000000fb700000,0x00000000fb700000,0x00000000fdb80000)
 ParOldGen       total 108032K, used 66356K [0x00000000e8000000, 0x00000000ee980000, 0x00000000f8000000)
  object space 108032K, 61% used [0x00000000e8000000,0x00000000ec0cd3f8,0x00000000ee980000)
 PSPermGen       total 93696K, used 49278K [0x00000000dda00000, 0x00000000e3580000, 0x00000000e8000000)
  object space 93696K, 52% used [0x00000000dda00000,0x00000000e0a1f950,0x00000000e3580000)
}

