# JRE version: OpenJDK Runtime Environment (7.0_65-b32) (build 1.7.0_65-b32)
# Java VM: OpenJDK 64-Bit Server VM (24.65-b04 mixed mode linux-amd64 compressed oops)
Heap
 PSYoungGen      total 75776K, used 51585K [0x00000000f8000000, 0x0000000100000000, 0x0000000100000000)
  eden space 56320K, 86% used [0x00000000f8000000,0x00000000faf95f30,0x00000000fb700000)
  from space 19456K, 14% used [0x00000000fed00000,0x00000000fefca708,0x0000000100000000)
  to   space 37376K, 0% used [0x00000000fb700000,0x00000000fb700000,0x00000000fdb80000)
 ParOldGen       total 110080K, used 67187K [0x00000000e8000000, 0x00000000eeb80000, 0x00000000f8000000)
  object space 110080K, 61% used [0x00000000e8000000,0x00000000ec19ccf8,0x00000000eeb80000)
 PSPermGen       total 92672K, used 50836K [0x00000000dda00000, 0x00000000e3480000, 0x00000000e8000000)
  object space 92672K, 54% used [0x00000000dda00000,0x00000000e0ba5308,0x00000000e3480000)
GC Heap History (10 events):
Event: 5,036 GC heap before
{Heap before GC invocations=12 (full 1):
 PSYoungGen      total 106496K, used 97144K [0x00000000f8000000, 0x0000000100000000, 0x0000000100000000)
  eden space 92160K, 100% used [0x00000000f8000000,0x00000000fda00000,0x00000000fda00000)
  from space 14336K, 34% used [0x00000000ff200000,0x00000000ff6de120,0x0000000100000000)
  to   space 19456K, 0% used [0x00000000fda00000,0x00000000fda00000,0x00000000fed00000)
 ParOldGen       total 50176K, used 27284K [0x00000000e8000000, 0x00000000eb100000, 0x00000000f8000000)
  object space 50176K, 54% used [0x00000000e8000000,0x00000000e9aa5200,0x00000000eb100000)
 PSPermGen       total 24576K, used 12213K [0x00000000dda00000, 0x00000000df200000, 0x00000000e8000000)
  object space 24576K, 49% used [0x00000000dda00000,0x00000000de5ed510,0x00000000df200000)
Event: 5,051 GC heap after
Heap after GC invocations=12 (full 1):
 PSYoungGen      total 111616K, used 7843K [0x00000000f8000000, 0x0000000100000000, 0x0000000100000000)
  eden space 92160K, 0% used [0x00000000f8000000,0x00000000f8000000,0x00000000fda00000)
  from space 19456K, 40% used [0x00000000fda00000,0x00000000fe1a8e88,0x00000000fed00000)
  to   space 18432K, 0% used [0x00000000fee00000,0x00000000fee00000,0x0000000100000000)
 ParOldGen       total 50176K, used 31622K [0x00000000e8000000, 0x00000000eb100000, 0x00000000f8000000)
  object space 50176K, 63% used [0x00000000e8000000,0x00000000e9ee1a50,0x00000000eb100000)
 PSPermGen       total 24576K, used 12213K [0x00000000dda00000, 0x00000000df200000, 0x00000000e8000000)
  object space 24576K, 49% used [0x00000000dda00000,0x00000000de5ed510,0x00000000df200000)
}
Event: 6,151 GC heap before
{Heap before GC invocations=13 (full 1):
 PSYoungGen      total 111616K, used 100003K [0x00000000f8000000, 0x0000000100000000, 0x0000000100000000)
  eden space 92160K, 100% used [0x00000000f8000000,0x00000000fda00000,0x00000000fda00000)
  from space 19456K, 40% used [0x00000000fda00000,0x00000000fe1a8e88,0x00000000fed00000)
  to   space 18432K, 0% used [0x00000000fee00000,0x00000000fee00000,0x0000000100000000)
 ParOldGen       total 50176K, used 31622K [0x00000000e8000000, 0x00000000eb100000, 0x00000000f8000000)
  object space 50176K, 63% used [0x00000000e8000000,0x00000000e9ee1a50,0x00000000eb100000)
 PSPermGen       total 24576K, used 21801K [0x00000000dda00000, 0x00000000df200000, 0x00000000e8000000)
  object space 24576K, 88% used [0x00000000dda00000,0x00000000def4a7f8,0x00000000df200000)
Event: 6,162 GC heap after
Heap after GC invocations=13 (full 1):
 PSYoungGen      total 110592K, used 13538K [0x00000000f8000000, 0x0000000100000000, 0x0000000100000000)
  eden space 92160K, 0% used [0x00000000f8000000,0x00000000f8000000,0x00000000fda00000)
  from space 18432K, 73% used [0x00000000fee00000,0x00000000ffb38bd8,0x0000000100000000)
  to   space 19456K, 0% used [0x00000000fda00000,0x00000000fda00000,0x00000000fed00000)
 ParOldGen       total 50176K, used 31896K [0x00000000e8000000, 0x00000000eb100000, 0x00000000f8000000)
  object space 50176K, 63% used [0x00000000e8000000,0x00000000e9f26030,0x00000000eb100000)
 PSPermGen       total 24576K, used 21801K [0x00000000dda00000, 0x00000000df200000, 0x00000000e8000000)
  object space 24576K, 88% used [0x00000000dda00000,0x00000000def4a7f8,0x00000000df200000)
}
Event: 13,548 GC heap before
{Heap before GC invocations=14 (full 1):
 PSYoungGen      total 110592K, used 105698K [0x00000000f8000000, 0x0000000100000000, 0x0000000100000000)
  eden space 92160K, 100% used [0x00000000f8000000,0x00000000fda00000,0x00000000fda00000)
  from space 18432K, 73% used [0x00000000fee00000,0x00000000ffb38bd8,0x0000000100000000)
  to   space 19456K, 0% used [0x00000000fda00000,0x00000000fda00000,0x00000000fed00000)
 ParOldGen       total 50176K, used 31896K [0x00000000e8000000, 0x00000000eb100000, 0x00000000f8000000)
  object space 50176K, 63% used [0x00000000e8000000,0x00000000e9f26030,0x00000000eb100000)
 PSPermGen       total 39936K, used 39620K [0x00000000dda00000, 0x00000000e0100000, 0x00000000e8000000)
  object space 39936K, 99% used [0x00000000dda00000,0x00000000e00b1200,0x00000000e0100000)
Event: 13,617 GC heap after
Heap after GC invocations=14 (full 1):
 PSYoungGen      total 111616K, used 19436K [0x00000000f8000000, 0x0000000100000000, 0x0000000100000000)
  eden space 92160K, 0% used [0x00000000f8000000,0x00000000f8000000,0x00000000fda00000)
  from space 19456K, 99% used [0x00000000fda00000,0x00000000fecfb1f8,0x00000000fed00000)
  to   space 19456K, 0% used [0x00000000fed00000,0x00000000fed00000,0x0000000100000000)
 ParOldGen       total 50176K, used 37584K [0x00000000e8000000, 0x00000000eb100000, 0x00000000f8000000)
  object space 50176K, 74% used [0x00000000e8000000,0x00000000ea4b4310,0x00000000eb100000)
 PSPermGen       total 39936K, used 39620K [0x00000000dda00000, 0x00000000e0100000, 0x00000000e8000000)
  object space 39936K, 99% used [0x00000000dda00000,0x00000000e00b1200,0x00000000e0100000)
}
Event: 15,676 GC heap before
{Heap before GC invocations=15 (full 1):
 PSYoungGen      total 111616K, used 111596K [0x00000000f8000000, 0x0000000100000000, 0x0000000100000000)
  eden space 92160K, 100% used [0x00000000f8000000,0x00000000fda00000,0x00000000fda00000)
  from space 19456K, 99% used [0x00000000fda00000,0x00000000fecfb1f8,0x00000000fed00000)
  to   space 19456K, 0% used [0x00000000fed00000,0x00000000fed00000,0x0000000100000000)
 ParOldGen       total 50176K, used 37584K [0x00000000e8000000, 0x00000000eb100000, 0x00000000f8000000)
  object space 50176K, 74% used [0x00000000e8000000,0x00000000ea4b4310,0x00000000eb100000)
 PSPermGen       total 49664K, used 49302K [0x00000000dda00000, 0x00000000e0a80000, 0x00000000e8000000)
  object space 49664K, 99% used [0x00000000dda00000,0x00000000e0a25a60,0x00000000e0a80000)
Event: 15,724 GC heap after
Heap after GC invocations=15 (full 1):
 PSYoungGen      total 75776K, used 19435K [0x00000000f8000000, 0x0000000100000000, 0x0000000100000000)
  eden space 56320K, 0% used [0x00000000f8000000,0x00000000f8000000,0x00000000fb700000)
  from space 19456K, 99% used [0x00000000fed00000,0x00000000ffffaf48,0x0000000100000000)
  to   space 37376K, 0% used [0x00000000fb700000,0x00000000fb700000,0x00000000fdb80000)
 ParOldGen       total 67584K, used 67099K [0x00000000e8000000, 0x00000000ec200000, 0x00000000f8000000)
  object space 67584K, 99% used [0x00000000e8000000,0x00000000ec186ce8,0x00000000ec200000)
 PSPermGen       total 49664K, used 49302K [0x00000000dda00000, 0x00000000e0a80000, 0x00000000e8000000)
  object space 49664K, 99% used [0x00000000dda00000,0x00000000e0a25a60,0x00000000e0a80000)
}
Event: 15,724 GC heap before
{Heap before GC invocations=16 (full 2):
 PSYoungGen      total 75776K, used 19435K [0x00000000f8000000, 0x0000000100000000, 0x0000000100000000)
  eden space 56320K, 0% used [0x00000000f8000000,0x00000000f8000000,0x00000000fb700000)
  from space 19456K, 99% used [0x00000000fed00000,0x00000000ffffaf48,0x0000000100000000)
  to   space 37376K, 0% used [0x00000000fb700000,0x00000000fb700000,0x00000000fdb80000)
 ParOldGen       total 67584K, used 67099K [0x00000000e8000000, 0x00000000ec200000, 0x00000000f8000000)
  object space 67584K, 99% used [0x00000000e8000000,0x00000000ec186ce8,0x00000000ec200000)
 PSPermGen       total 49664K, used 49302K [0x00000000dda00000, 0x00000000e0a80000, 0x00000000e8000000)
  object space 49664K, 99% used [0x00000000dda00000,0x00000000e0a25a60,0x00000000e0a80000)
Event: 16,021 GC heap after
Heap after GC invocations=16 (full 2):
 PSYoungGen      total 75776K, used 2857K [0x00000000f8000000, 0x0000000100000000, 0x0000000100000000)
  eden space 56320K, 0% used [0x00000000f8000000,0x00000000f8000000,0x00000000fb700000)
  from space 19456K, 14% used [0x00000000fed00000,0x00000000fefca708,0x0000000100000000)
  to   space 37376K, 0% used [0x00000000fb700000,0x00000000fb700000,0x00000000fdb80000)
 ParOldGen       total 110080K, used 67187K [0x00000000e8000000, 0x00000000eeb80000, 0x00000000f8000000)
  object space 110080K, 61% used [0x00000000e8000000,0x00000000ec19ccf8,0x00000000eeb80000)
 PSPermGen       total 92672K, used 49281K [0x00000000dda00000, 0x00000000e3480000, 0x00000000e8000000)
  object space 92672K, 53% used [0x00000000dda00000,0x00000000e0a20740,0x00000000e3480000)
}

