# JRE version: OpenJDK Runtime Environment (7.0_65-b32) (build 1.7.0_65-b32)
# Java VM: OpenJDK 64-Bit Server VM (24.65-b04 mixed mode linux-amd64 compressed oops)
Heap
 PSYoungGen      total 98816K, used 38652K [0x00000000f8000000, 0x0000000100000000, 0x0000000100000000)
  eden space 66560K, 9% used [0x00000000f8000000,0x00000000f8644e18,0x00000000fc100000)
  from space 32256K, 99% used [0x00000000fc100000,0x00000000fe07a5b8,0x00000000fe080000)
  to   space 32256K, 0% used [0x00000000fe080000,0x00000000fe080000,0x0000000100000000)
 ParOldGen       total 79360K, used 55721K [0x00000000e8000000, 0x00000000ecd80000, 0x00000000f8000000)
  object space 79360K, 70% used [0x00000000e8000000,0x00000000eb66a470,0x00000000ecd80000)
 PSPermGen       total 65024K, used 50099K [0x00000000dda00000, 0x00000000e1980000, 0x00000000e8000000)
  object space 65024K, 77% used [0x00000000dda00000,0x00000000e0aecf30,0x00000000e1980000)
GC Heap History (10 events):
Event: 5,962 GC heap before
{Heap before GC invocations=11 (full 1):
 PSYoungGen      total 114176K, used 114159K [0x00000000f8000000, 0x0000000100000000, 0x0000000100000000)
  eden space 97280K, 100% used [0x00000000f8000000,0x00000000fdf00000,0x00000000fdf00000)
  from space 16896K, 99% used [0x00000000fdf00000,0x00000000fef7bc80,0x00000000fef80000)
  to   space 16896K, 0% used [0x00000000fef80000,0x00000000fef80000,0x0000000100000000)
 ParOldGen       total 51200K, used 32252K [0x00000000e8000000, 0x00000000eb200000, 0x00000000f8000000)
  object space 51200K, 62% used [0x00000000e8000000,0x00000000e9f7f3a8,0x00000000eb200000)
 PSPermGen       total 21504K, used 18509K [0x00000000dda00000, 0x00000000def00000, 0x00000000e8000000)
  object space 21504K, 86% used [0x00000000dda00000,0x00000000dec137a0,0x00000000def00000)
Event: 5,988 GC heap after
Heap after GC invocations=11 (full 1):
 PSYoungGen      total 97792K, used 16867K [0x00000000f8000000, 0x0000000100000000, 0x0000000100000000)
  eden space 80896K, 0% used [0x00000000f8000000,0x00000000f8000000,0x00000000fcf00000)
  from space 16896K, 99% used [0x00000000fef80000,0x00000000ffff8e70,0x0000000100000000)
  to   space 25088K, 0% used [0x00000000fcf00000,0x00000000fcf00000,0x00000000fe780000)
 ParOldGen       total 51200K, used 38429K [0x00000000e8000000, 0x00000000eb200000, 0x00000000f8000000)
  object space 51200K, 75% used [0x00000000e8000000,0x00000000ea587680,0x00000000eb200000)
 PSPermGen       total 21504K, used 18509K [0x00000000dda00000, 0x00000000def00000, 0x00000000e8000000)
  object space 21504K, 86% used [0x00000000dda00000,0x00000000dec137a0,0x00000000def00000)
}
Event: 12,649 GC heap before
{Heap before GC invocations=12 (full 1):
 PSYoungGen      total 97792K, used 97763K [0x00000000f8000000, 0x0000000100000000, 0x0000000100000000)
  eden space 80896K, 100% used [0x00000000f8000000,0x00000000fcf00000,0x00000000fcf00000)
  from space 16896K, 99% used [0x00000000fef80000,0x00000000ffff8e70,0x0000000100000000)
  to   space 25088K, 0% used [0x00000000fcf00000,0x00000000fcf00000,0x00000000fe780000)
 ParOldGen       total 51200K, used 38429K [0x00000000e8000000, 0x00000000eb200000, 0x00000000f8000000)
  object space 51200K, 75% used [0x00000000e8000000,0x00000000ea587680,0x00000000eb200000)
 PSPermGen       total 34816K, used 34791K [0x00000000dda00000, 0x00000000dfc00000, 0x00000000e8000000)
  object space 34816K, 99% used [0x00000000dda00000,0x00000000dfbf9f18,0x00000000dfc00000)
Event: 12,687 GC heap after
Heap after GC invocations=12 (full 1):
 PSYoungGen      total 105984K, used 25019K [0x00000000f8000000, 0x0000000100000000, 0x0000000100000000)
  eden space 80896K, 0% used [0x00000000f8000000,0x00000000f8000000,0x00000000fcf00000)
  from space 25088K, 99% used [0x00000000fcf00000,0x00000000fe76ef30,0x00000000fe780000)
  to   space 25088K, 0% used [0x00000000fe780000,0x00000000fe780000,0x0000000100000000)
 ParOldGen       total 51200K, used 47965K [0x00000000e8000000, 0x00000000eb200000, 0x00000000f8000000)
  object space 51200K, 93% used [0x00000000e8000000,0x00000000eaed7450,0x00000000eb200000)
 PSPermGen       total 34816K, used 34791K [0x00000000dda00000, 0x00000000dfc00000, 0x00000000e8000000)
  object space 34816K, 99% used [0x00000000dda00000,0x00000000dfbf9f18,0x00000000dfc00000)
}
Event: 12,687 GC heap before
{Heap before GC invocations=13 (full 2):
 PSYoungGen      total 105984K, used 25019K [0x00000000f8000000, 0x0000000100000000, 0x0000000100000000)
  eden space 80896K, 0% used [0x00000000f8000000,0x00000000f8000000,0x00000000fcf00000)
  from space 25088K, 99% used [0x00000000fcf00000,0x00000000fe76ef30,0x00000000fe780000)
  to   space 25088K, 0% used [0x00000000fe780000,0x00000000fe780000,0x0000000100000000)
 ParOldGen       total 51200K, used 47965K [0x00000000e8000000, 0x00000000eb200000, 0x00000000f8000000)
  object space 51200K, 93% used [0x00000000e8000000,0x00000000eaed7450,0x00000000eb200000)
 PSPermGen       total 34816K, used 34791K [0x00000000dda00000, 0x00000000dfc00000, 0x00000000e8000000)
  object space 34816K, 99% used [0x00000000dda00000,0x00000000dfbf9f18,0x00000000dfc00000)
Event: 12,914 GC heap after
Heap after GC invocations=13 (full 2):
 PSYoungGen      total 105984K, used 0K [0x00000000f8000000, 0x0000000100000000, 0x0000000100000000)
  eden space 80896K, 0% used [0x00000000f8000000,0x00000000f8000000,0x00000000fcf00000)
  from space 25088K, 0% used [0x00000000fcf00000,0x00000000fcf00000,0x00000000fe780000)
  to   space 25088K, 0% used [0x00000000fe780000,0x00000000fe780000,0x0000000100000000)
 ParOldGen       total 79360K, used 44166K [0x00000000e8000000, 0x00000000ecd80000, 0x00000000f8000000)
  object space 79360K, 55% used [0x00000000e8000000,0x00000000eab21970,0x00000000ecd80000)
 PSPermGen       total 65024K, used 34777K [0x00000000dda00000, 0x00000000e1980000, 0x00000000e8000000)
  object space 65024K, 53% used [0x00000000dda00000,0x00000000dfbf6600,0x00000000e1980000)
}
Event: 15,296 GC heap before
{Heap before GC invocations=14 (full 2):
 PSYoungGen      total 105984K, used 80896K [0x00000000f8000000, 0x0000000100000000, 0x0000000100000000)
  eden space 80896K, 100% used [0x00000000f8000000,0x00000000fcf00000,0x00000000fcf00000)
  from space 25088K, 0% used [0x00000000fcf00000,0x00000000fcf00000,0x00000000fe780000)
  to   space 25088K, 0% used [0x00000000fe780000,0x00000000fe780000,0x0000000100000000)
 ParOldGen       total 79360K, used 44166K [0x00000000e8000000, 0x00000000ecd80000, 0x00000000f8000000)
  object space 79360K, 55% used [0x00000000e8000000,0x00000000eab21970,0x00000000ecd80000)
 PSPermGen       total 65024K, used 49282K [0x00000000dda00000, 0x00000000e1980000, 0x00000000e8000000)
  object space 65024K, 75% used [0x00000000dda00000,0x00000000e0a20a28,0x00000000e1980000)
Event: 15,319 GC heap after
Heap after GC invocations=14 (full 2):
 PSYoungGen      total 91648K, used 25085K [0x00000000f8000000, 0x0000000100000000, 0x0000000100000000)
  eden space 66560K, 0% used [0x00000000f8000000,0x00000000f8000000,0x00000000fc100000)
  from space 25088K, 99% used [0x00000000fe780000,0x00000000fffff778,0x0000000100000000)
  to   space 32256K, 0% used [0x00000000fc100000,0x00000000fc100000,0x00000000fe080000)
 ParOldGen       total 79360K, used 44491K [0x00000000e8000000, 0x00000000ecd80000, 0x00000000f8000000)
  object space 79360K, 56% used [0x00000000e8000000,0x00000000eab72c28,0x00000000ecd80000)
 PSPermGen       total 65024K, used 49282K [0x00000000dda00000, 0x00000000e1980000, 0x00000000e8000000)
  object space 65024K, 75% used [0x00000000dda00000,0x00000000e0a20a28,0x00000000e1980000)
}
Event: 15,802 GC heap before
{Heap before GC invocations=15 (full 2):
 PSYoungGen      total 91648K, used 91645K [0x00000000f8000000, 0x0000000100000000, 0x0000000100000000)
  eden space 66560K, 100% used [0x00000000f8000000,0x00000000fc100000,0x00000000fc100000)
  from space 25088K, 99% used [0x00000000fe780000,0x00000000fffff778,0x0000000100000000)
  to   space 32256K, 0% used [0x00000000fc100000,0x00000000fc100000,0x00000000fe080000)
 ParOldGen       total 79360K, used 44491K [0x00000000e8000000, 0x00000000ecd80000, 0x00000000f8000000)
  object space 79360K, 56% used [0x00000000e8000000,0x00000000eab72c28,0x00000000ecd80000)
 PSPermGen       total 65024K, used 49365K [0x00000000dda00000, 0x00000000e1980000, 0x00000000e8000000)
  object space 65024K, 75% used [0x00000000dda00000,0x00000000e0a35498,0x00000000e1980000)
Event: 15,832 GC heap after
Heap after GC invocations=15 (full 2):
 PSYoungGen      total 98816K, used 32233K [0x00000000f8000000, 0x0000000100000000, 0x0000000100000000)
  eden space 66560K, 0% used [0x00000000f8000000,0x00000000f8000000,0x00000000fc100000)
  from space 32256K, 99% used [0x00000000fc100000,0x00000000fe07a5b8,0x00000000fe080000)
  to   space 32256K, 0% used [0x00000000fe080000,0x00000000fe080000,0x0000000100000000)
 ParOldGen       total 79360K, used 55721K [0x00000000e8000000, 0x00000000ecd80000, 0x00000000f8000000)
  object space 79360K, 70% used [0x00000000e8000000,0x00000000eb66a470,0x00000000ecd80000)
 PSPermGen       total 65024K, used 49365K [0x00000000dda00000, 0x00000000e1980000, 0x00000000e8000000)
  object space 65024K, 75% used [0x00000000dda00000,0x00000000e0a35498,0x00000000e1980000)
}

