# JRE version: OpenJDK Runtime Environment (7.0_65-b32) (build 1.7.0_65-b32)
# Java VM: OpenJDK 64-Bit Server VM (24.65-b04 mixed mode linux-amd64 compressed oops)
Heap
 PSYoungGen      total 95744K, used 47820K [0x00000000f8000000, 0x0000000100000000, 0x0000000100000000)
  eden space 60416K, 20% used [0x00000000f8000000,0x00000000f8c3a3f0,0x00000000fbb00000)
  from space 35328K, 99% used [0x00000000fbb00000,0x00000000fdd78db0,0x00000000fdd80000)
  to   space 35328K, 0% used [0x00000000fdd80000,0x00000000fdd80000,0x0000000100000000)
 ParOldGen       total 82432K, used 52316K [0x00000000e8000000, 0x00000000ed080000, 0x00000000f8000000)
  object space 82432K, 63% used [0x00000000e8000000,0x00000000eb317300,0x00000000ed080000)
 PSPermGen       total 65024K, used 50102K [0x00000000dda00000, 0x00000000e1980000, 0x00000000e8000000)
  object space 65024K, 77% used [0x00000000dda00000,0x00000000e0aed990,0x00000000e1980000)
GC Heap History (10 events):
Event: 11,489 GC heap before
{Heap before GC invocations=11 (full 1):
 PSYoungGen      total 114688K, used 114682K [0x00000000f8000000, 0x0000000100000000, 0x0000000100000000)
  eden space 98304K, 100% used [0x00000000f8000000,0x00000000fe000000,0x00000000fe000000)
  from space 16384K, 99% used [0x00000000fe000000,0x00000000feffe820,0x00000000ff000000)
  to   space 16384K, 0% used [0x00000000ff000000,0x00000000ff000000,0x0000000100000000)
 ParOldGen       total 52224K, used 31945K [0x00000000e8000000, 0x00000000eb300000, 0x00000000f8000000)
  object space 52224K, 61% used [0x00000000e8000000,0x00000000e9f32430,0x00000000eb300000)
 PSPermGen       total 21504K, used 18028K [0x00000000dda00000, 0x00000000def00000, 0x00000000e8000000)
  object space 21504K, 83% used [0x00000000dda00000,0x00000000deb9b2c0,0x00000000def00000)
Event: 11,510 GC heap after
Heap after GC invocations=11 (full 1):
 PSYoungGen      total 98304K, used 16371K [0x00000000f8000000, 0x0000000100000000, 0x0000000100000000)
  eden space 81920K, 0% used [0x00000000f8000000,0x00000000f8000000,0x00000000fd000000)
  from space 16384K, 99% used [0x00000000ff000000,0x00000000ffffcc68,0x0000000100000000)
  to   space 24576K, 0% used [0x00000000fd000000,0x00000000fd000000,0x00000000fe800000)
 ParOldGen       total 52224K, used 38223K [0x00000000e8000000, 0x00000000eb300000, 0x00000000f8000000)
  object space 52224K, 73% used [0x00000000e8000000,0x00000000ea553eb8,0x00000000eb300000)
 PSPermGen       total 21504K, used 18028K [0x00000000dda00000, 0x00000000def00000, 0x00000000e8000000)
  object space 21504K, 83% used [0x00000000dda00000,0x00000000deb9b2c0,0x00000000def00000)
}
Event: 18,195 GC heap before
{Heap before GC invocations=12 (full 1):
 PSYoungGen      total 98304K, used 98235K [0x00000000f8000000, 0x0000000100000000, 0x0000000100000000)
  eden space 81920K, 99% used [0x00000000f8000000,0x00000000fcff20f8,0x00000000fd000000)
  from space 16384K, 99% used [0x00000000ff000000,0x00000000ffffcc68,0x0000000100000000)
  to   space 24576K, 0% used [0x00000000fd000000,0x00000000fd000000,0x00000000fe800000)
 ParOldGen       total 52224K, used 38223K [0x00000000e8000000, 0x00000000eb300000, 0x00000000f8000000)
  object space 52224K, 73% used [0x00000000e8000000,0x00000000ea553eb8,0x00000000eb300000)
 PSPermGen       total 34816K, used 34633K [0x00000000dda00000, 0x00000000dfc00000, 0x00000000e8000000)
  object space 34816K, 99% used [0x00000000dda00000,0x00000000dfbd2518,0x00000000dfc00000)
Event: 18,237 GC heap after
Heap after GC invocations=12 (full 1):
 PSYoungGen      total 106496K, used 24549K [0x00000000f8000000, 0x0000000100000000, 0x0000000100000000)
  eden space 81920K, 0% used [0x00000000f8000000,0x00000000f8000000,0x00000000fd000000)
  from space 24576K, 99% used [0x00000000fd000000,0x00000000fe7f9668,0x00000000fe800000)
  to   space 24576K, 0% used [0x00000000fe800000,0x00000000fe800000,0x0000000100000000)
 ParOldGen       total 52224K, used 48512K [0x00000000e8000000, 0x00000000eb300000, 0x00000000f8000000)
  object space 52224K, 92% used [0x00000000e8000000,0x00000000eaf603f0,0x00000000eb300000)
 PSPermGen       total 34816K, used 34633K [0x00000000dda00000, 0x00000000dfc00000, 0x00000000e8000000)
  object space 34816K, 99% used [0x00000000dda00000,0x00000000dfbd2518,0x00000000dfc00000)
}
Event: 18,238 GC heap before
{Heap before GC invocations=13 (full 2):
 PSYoungGen      total 106496K, used 24549K [0x00000000f8000000, 0x0000000100000000, 0x0000000100000000)
  eden space 81920K, 0% used [0x00000000f8000000,0x00000000f8000000,0x00000000fd000000)
  from space 24576K, 99% used [0x00000000fd000000,0x00000000fe7f9668,0x00000000fe800000)
  to   space 24576K, 0% used [0x00000000fe800000,0x00000000fe800000,0x0000000100000000)
 ParOldGen       total 52224K, used 48512K [0x00000000e8000000, 0x00000000eb300000, 0x00000000f8000000)
  object space 52224K, 92% used [0x00000000e8000000,0x00000000eaf603f0,0x00000000eb300000)
 PSPermGen       total 34816K, used 34633K [0x00000000dda00000, 0x00000000dfc00000, 0x00000000e8000000)
  object space 34816K, 99% used [0x00000000dda00000,0x00000000dfbd2518,0x00000000dfc00000)
Event: 18,451 GC heap after
Heap after GC invocations=13 (full 2):
 PSYoungGen      total 106496K, used 0K [0x00000000f8000000, 0x0000000100000000, 0x0000000100000000)
  eden space 81920K, 0% used [0x00000000f8000000,0x00000000f8000000,0x00000000fd000000)
  from space 24576K, 0% used [0x00000000fd000000,0x00000000fd000000,0x00000000fe800000)
  to   space 24576K, 0% used [0x00000000fe800000,0x00000000fe800000,0x0000000100000000)
 ParOldGen       total 82432K, used 44402K [0x00000000e8000000, 0x00000000ed080000, 0x00000000f8000000)
  object space 82432K, 53% used [0x00000000e8000000,0x00000000eab5c858,0x00000000ed080000)
 PSPermGen       total 65024K, used 34619K [0x00000000dda00000, 0x00000000e1980000, 0x00000000e8000000)
  object space 65024K, 53% used [0x00000000dda00000,0x00000000dfbcec80,0x00000000e1980000)
}
Event: 21,132 GC heap before
{Heap before GC invocations=14 (full 2):
 PSYoungGen      total 106496K, used 81920K [0x00000000f8000000, 0x0000000100000000, 0x0000000100000000)
  eden space 81920K, 100% used [0x00000000f8000000,0x00000000fd000000,0x00000000fd000000)
  from space 24576K, 0% used [0x00000000fd000000,0x00000000fd000000,0x00000000fe800000)
  to   space 24576K, 0% used [0x00000000fe800000,0x00000000fe800000,0x0000000100000000)
 ParOldGen       total 82432K, used 44402K [0x00000000e8000000, 0x00000000ed080000, 0x00000000f8000000)
  object space 82432K, 53% used [0x00000000e8000000,0x00000000eab5c858,0x00000000ed080000)
 PSPermGen       total 65024K, used 49305K [0x00000000dda00000, 0x00000000e1980000, 0x00000000e8000000)
  object space 65024K, 75% used [0x00000000dda00000,0x00000000e0a26508,0x00000000e1980000)
Event: 21,157 GC heap after
Heap after GC invocations=14 (full 2):
 PSYoungGen      total 84992K, used 24546K [0x00000000f8000000, 0x0000000100000000, 0x0000000100000000)
  eden space 60416K, 0% used [0x00000000f8000000,0x00000000f8000000,0x00000000fbb00000)
  from space 24576K, 99% used [0x00000000fe800000,0x00000000ffff88d0,0x0000000100000000)
  to   space 35328K, 0% used [0x00000000fbb00000,0x00000000fbb00000,0x00000000fdd80000)
 ParOldGen       total 82432K, used 45308K [0x00000000e8000000, 0x00000000ed080000, 0x00000000f8000000)
  object space 82432K, 54% used [0x00000000e8000000,0x00000000eac3f1d0,0x00000000ed080000)
 PSPermGen       total 65024K, used 49305K [0x00000000dda00000, 0x00000000e1980000, 0x00000000e8000000)
  object space 65024K, 75% used [0x00000000dda00000,0x00000000e0a26508,0x00000000e1980000)
}
Event: 21,604 GC heap before
{Heap before GC invocations=15 (full 2):
 PSYoungGen      total 84992K, used 84962K [0x00000000f8000000, 0x0000000100000000, 0x0000000100000000)
  eden space 60416K, 100% used [0x00000000f8000000,0x00000000fbb00000,0x00000000fbb00000)
  from space 24576K, 99% used [0x00000000fe800000,0x00000000ffff88d0,0x0000000100000000)
  to   space 35328K, 0% used [0x00000000fbb00000,0x00000000fbb00000,0x00000000fdd80000)
 ParOldGen       total 82432K, used 45308K [0x00000000e8000000, 0x00000000ed080000, 0x00000000f8000000)
  object space 82432K, 54% used [0x00000000e8000000,0x00000000eac3f1d0,0x00000000ed080000)
 PSPermGen       total 65024K, used 49316K [0x00000000dda00000, 0x00000000e1980000, 0x00000000e8000000)
  object space 65024K, 75% used [0x00000000dda00000,0x00000000e0a29088,0x00000000e1980000)
Event: 21,630 GC heap after
Heap after GC invocations=15 (full 2):
 PSYoungGen      total 95744K, used 35299K [0x00000000f8000000, 0x0000000100000000, 0x0000000100000000)
  eden space 60416K, 0% used [0x00000000f8000000,0x00000000f8000000,0x00000000fbb00000)
  from space 35328K, 99% used [0x00000000fbb00000,0x00000000fdd78db0,0x00000000fdd80000)
  to   space 35328K, 0% used [0x00000000fdd80000,0x00000000fdd80000,0x0000000100000000)
 ParOldGen       total 82432K, used 52316K [0x00000000e8000000, 0x00000000ed080000, 0x00000000f8000000)
  object space 82432K, 63% used [0x00000000e8000000,0x00000000eb317300,0x00000000ed080000)
 PSPermGen       total 65024K, used 49316K [0x00000000dda00000, 0x00000000e1980000, 0x00000000e8000000)
  object space 65024K, 75% used [0x00000000dda00000,0x00000000e0a29088,0x00000000e1980000)
}

