# JRE version: OpenJDK Runtime Environment (7.0_65-b32) (build 1.7.0_65-b32)
# Java VM: OpenJDK 64-Bit Server VM (24.65-b04 mixed mode linux-amd64 compressed oops)
Heap
 PSYoungGen      total 77312K, used 54011K [0x00000000f8000000, 0x0000000100000000, 0x0000000100000000)
  eden space 58368K, 81% used [0x00000000f8000000,0x00000000fae98550,0x00000000fb900000)
  from space 18944K, 33% used [0x00000000fed80000,0x00000000ff3a67e0,0x0000000100000000)
  to   space 36352K, 0% used [0x00000000fb900000,0x00000000fb900000,0x00000000fdc80000)
 ParOldGen       total 104448K, used 62807K [0x00000000e8000000, 0x00000000ee600000, 0x00000000f8000000)
  object space 104448K, 60% used [0x00000000e8000000,0x00000000ebd55c58,0x00000000ee600000)
 PSPermGen       total 94720K, used 51148K [0x00000000dda00000, 0x00000000e3680000, 0x00000000e8000000)
  object space 94720K, 54% used [0x00000000dda00000,0x00000000e0bf33f8,0x00000000e3680000)
GC Heap History (10 events):
Event: 6,177 GC heap before
{Heap before GC invocations=12 (full 1):
 PSYoungGen      total 106496K, used 93070K [0x00000000f8000000, 0x0000000100000000, 0x0000000100000000)
  eden space 92160K, 100% used [0x00000000f8000000,0x00000000fda00000,0x00000000fda00000)
  from space 14336K, 6% used [0x00000000ff200000,0x00000000ff2e38f8,0x0000000100000000)
  to   space 19456K, 0% used [0x00000000fda00000,0x00000000fda00000,0x00000000fed00000)
 ParOldGen       total 49664K, used 27342K [0x00000000e8000000, 0x00000000eb080000, 0x00000000f8000000)
  object space 49664K, 55% used [0x00000000e8000000,0x00000000e9ab3a80,0x00000000eb080000)
 PSPermGen       total 23552K, used 12333K [0x00000000dda00000, 0x00000000df100000, 0x00000000e8000000)
  object space 23552K, 52% used [0x00000000dda00000,0x00000000de60b6f0,0x00000000df100000)
Event: 6,189 GC heap after
Heap after GC invocations=12 (full 1):
 PSYoungGen      total 111616K, used 7969K [0x00000000f8000000, 0x0000000100000000, 0x0000000100000000)
  eden space 92160K, 0% used [0x00000000f8000000,0x00000000f8000000,0x00000000fda00000)
  from space 19456K, 40% used [0x00000000fda00000,0x00000000fe1c84c8,0x00000000fed00000)
  to   space 18432K, 0% used [0x00000000fee00000,0x00000000fee00000,0x0000000100000000)
 ParOldGen       total 49664K, used 27630K [0x00000000e8000000, 0x00000000eb080000, 0x00000000f8000000)
  object space 49664K, 55% used [0x00000000e8000000,0x00000000e9afba80,0x00000000eb080000)
 PSPermGen       total 23552K, used 12333K [0x00000000dda00000, 0x00000000df100000, 0x00000000e8000000)
  object space 23552K, 52% used [0x00000000dda00000,0x00000000de60b6f0,0x00000000df100000)
}
Event: 7,244 GC heap before
{Heap before GC invocations=13 (full 1):
 PSYoungGen      total 111616K, used 100129K [0x00000000f8000000, 0x0000000100000000, 0x0000000100000000)
  eden space 92160K, 100% used [0x00000000f8000000,0x00000000fda00000,0x00000000fda00000)
  from space 19456K, 40% used [0x00000000fda00000,0x00000000fe1c84c8,0x00000000fed00000)
  to   space 18432K, 0% used [0x00000000fee00000,0x00000000fee00000,0x0000000100000000)
 ParOldGen       total 49664K, used 27630K [0x00000000e8000000, 0x00000000eb080000, 0x00000000f8000000)
  object space 49664K, 55% used [0x00000000e8000000,0x00000000e9afba80,0x00000000eb080000)
 PSPermGen       total 23552K, used 19844K [0x00000000dda00000, 0x00000000df100000, 0x00000000e8000000)
  object space 23552K, 84% used [0x00000000dda00000,0x00000000ded61330,0x00000000df100000)
Event: 7,263 GC heap after
Heap after GC invocations=13 (full 1):
 PSYoungGen      total 111616K, used 11809K [0x00000000f8000000, 0x0000000100000000, 0x0000000100000000)
  eden space 93184K, 0% used [0x00000000f8000000,0x00000000f8000000,0x00000000fdb00000)
  from space 18432K, 64% used [0x00000000fee00000,0x00000000ff9886e8,0x0000000100000000)
  to   space 18944K, 0% used [0x00000000fdb00000,0x00000000fdb00000,0x00000000fed80000)
 ParOldGen       total 49664K, used 27918K [0x00000000e8000000, 0x00000000eb080000, 0x00000000f8000000)
  object space 49664K, 56% used [0x00000000e8000000,0x00000000e9b439f0,0x00000000eb080000)
 PSPermGen       total 23552K, used 19844K [0x00000000dda00000, 0x00000000df100000, 0x00000000e8000000)
  object space 23552K, 84% used [0x00000000dda00000,0x00000000ded61330,0x00000000df100000)
}
Event: 14,558 GC heap before
{Heap before GC invocations=14 (full 1):
 PSYoungGen      total 111616K, used 104993K [0x00000000f8000000, 0x0000000100000000, 0x0000000100000000)
  eden space 93184K, 100% used [0x00000000f8000000,0x00000000fdb00000,0x00000000fdb00000)
  from space 18432K, 64% used [0x00000000fee00000,0x00000000ff9886e8,0x0000000100000000)
  to   space 18944K, 0% used [0x00000000fdb00000,0x00000000fdb00000,0x00000000fed80000)
 ParOldGen       total 49664K, used 27918K [0x00000000e8000000, 0x00000000eb080000, 0x00000000f8000000)
  object space 49664K, 56% used [0x00000000e8000000,0x00000000e9b439f0,0x00000000eb080000)
 PSPermGen       total 39936K, used 39934K [0x00000000dda00000, 0x00000000e0100000, 0x00000000e8000000)
  object space 39936K, 99% used [0x00000000dda00000,0x00000000e00ffa68,0x00000000e0100000)
Event: 14,595 GC heap after
Heap after GC invocations=14 (full 1):
 PSYoungGen      total 112128K, used 18921K [0x00000000f8000000, 0x0000000100000000, 0x0000000100000000)
  eden space 93184K, 0% used [0x00000000f8000000,0x00000000f8000000,0x00000000fdb00000)
  from space 18944K, 99% used [0x00000000fdb00000,0x00000000fed7a7b8,0x00000000fed80000)
  to   space 18944K, 0% used [0x00000000fed80000,0x00000000fed80000,0x0000000100000000)
 ParOldGen       total 49664K, used 35296K [0x00000000e8000000, 0x00000000eb080000, 0x00000000f8000000)
  object space 49664K, 71% used [0x00000000e8000000,0x00000000ea278298,0x00000000eb080000)
 PSPermGen       total 39936K, used 39934K [0x00000000dda00000, 0x00000000e0100000, 0x00000000e8000000)
  object space 39936K, 99% used [0x00000000dda00000,0x00000000e00ffa68,0x00000000e0100000)
}
Event: 16,962 GC heap before
{Heap before GC invocations=15 (full 1):
 PSYoungGen      total 112128K, used 112105K [0x00000000f8000000, 0x0000000100000000, 0x0000000100000000)
  eden space 93184K, 100% used [0x00000000f8000000,0x00000000fdb00000,0x00000000fdb00000)
  from space 18944K, 99% used [0x00000000fdb00000,0x00000000fed7a7b8,0x00000000fed80000)
  to   space 18944K, 0% used [0x00000000fed80000,0x00000000fed80000,0x0000000100000000)
 ParOldGen       total 49664K, used 35296K [0x00000000e8000000, 0x00000000eb080000, 0x00000000f8000000)
  object space 49664K, 71% used [0x00000000e8000000,0x00000000ea278298,0x00000000eb080000)
 PSPermGen       total 50176K, used 49784K [0x00000000dda00000, 0x00000000e0b00000, 0x00000000e8000000)
  object space 50176K, 99% used [0x00000000dda00000,0x00000000e0a9e2a8,0x00000000e0b00000)
Event: 17,024 GC heap after
Heap after GC invocations=15 (full 1):
 PSYoungGen      total 77312K, used 18923K [0x00000000f8000000, 0x0000000100000000, 0x0000000100000000)
  eden space 58368K, 0% used [0x00000000f8000000,0x00000000f8000000,0x00000000fb900000)
  from space 18944K, 99% used [0x00000000fed80000,0x00000000ffffacb8,0x0000000100000000)
  to   space 36352K, 0% used [0x00000000fb900000,0x00000000fb900000,0x00000000fdc80000)
 ParOldGen       total 62976K, used 62972K [0x00000000e8000000, 0x00000000ebd80000, 0x00000000f8000000)
  object space 62976K, 99% used [0x00000000e8000000,0x00000000ebd7f328,0x00000000ebd80000)
 PSPermGen       total 50176K, used 49784K [0x00000000dda00000, 0x00000000e0b00000, 0x00000000e8000000)
  object space 50176K, 99% used [0x00000000dda00000,0x00000000e0a9e2a8,0x00000000e0b00000)
}
Event: 17,024 GC heap before
{Heap before GC invocations=16 (full 2):
 PSYoungGen      total 77312K, used 18923K [0x00000000f8000000, 0x0000000100000000, 0x0000000100000000)
  eden space 58368K, 0% used [0x00000000f8000000,0x00000000f8000000,0x00000000fb900000)
  from space 18944K, 99% used [0x00000000fed80000,0x00000000ffffacb8,0x0000000100000000)
  to   space 36352K, 0% used [0x00000000fb900000,0x00000000fb900000,0x00000000fdc80000)
 ParOldGen       total 62976K, used 62972K [0x00000000e8000000, 0x00000000ebd80000, 0x00000000f8000000)
  object space 62976K, 99% used [0x00000000e8000000,0x00000000ebd7f328,0x00000000ebd80000)
 PSPermGen       total 50176K, used 49784K [0x00000000dda00000, 0x00000000e0b00000, 0x00000000e8000000)
  object space 50176K, 99% used [0x00000000dda00000,0x00000000e0a9e2a8,0x00000000e0b00000)
Event: 17,387 GC heap after
Heap after GC invocations=16 (full 2):
 PSYoungGen      total 77312K, used 6297K [0x00000000f8000000, 0x0000000100000000, 0x0000000100000000)
  eden space 58368K, 0% used [0x00000000f8000000,0x00000000f8000000,0x00000000fb900000)
  from space 18944K, 33% used [0x00000000fed80000,0x00000000ff3a67e0,0x0000000100000000)
  to   space 36352K, 0% used [0x00000000fb900000,0x00000000fb900000,0x00000000fdc80000)
 ParOldGen       total 104448K, used 62807K [0x00000000e8000000, 0x00000000ee600000, 0x00000000f8000000)
  object space 104448K, 60% used [0x00000000e8000000,0x00000000ebd55c58,0x00000000ee600000)
 PSPermGen       total 94720K, used 49763K [0x00000000dda00000, 0x00000000e3680000, 0x00000000e8000000)
  object space 94720K, 52% used [0x00000000dda00000,0x00000000e0a98e68,0x00000000e3680000)
}

